{
  "/home/juli22/school/proj/web-server/src/config/colors.js": {
    "path": "/home/juli22/school/proj/web-server/src/config/colors.js",
    "statementMap": {
      "0": {
        "start": {
          "line": 1,
          "column": 23
        },
        "end": {
          "line": 13,
          "column": 1
        }
      },
      "1": {
        "start": {
          "line": 15,
          "column": 27
        },
        "end": {
          "line": 24,
          "column": 1
        }
      }
    },
    "fnMap": {},
    "branchMap": {},
    "s": {
      "0": 5,
      "1": 5
    },
    "f": {},
    "b": {},
    "inputSourceMap": {
      "version": 3,
      "sources": [
        "/home/juli22/school/proj/web-server/src/config/colors.js"
      ],
      "names": [],
      "mappings": "AAAA,MAAM,CAAC,KAAK,CAAC,OAAO,CAAC,CAAC,CAAC;AACvB,CAAC,CAAC,EAAE,CAAC,CAAC,CAAC,CAAC,MAAM,CAAC;AACf,CAAC,CAAC,GAAG,CAAC,CAAC,CAAC,CAAC,MAAM,CAAC;AAChB,CAAC,CAAC,GAAG,CAAC,CAAC,CAAC,CAAC,MAAM,CAAC;AAChB,CAAC,CAAC,GAAG,CAAC,CAAC,CAAC,CAAC,MAAM,CAAC;AAChB,CAAC,CAAC,GAAG,CAAC,CAAC,CAAC,CAAC,MAAM,CAAC;AAChB,CAAC,CAAC,GAAG,CAAC,CAAC,CAAC,CAAC,MAAM,CAAC;AAChB,CAAC,CAAC,GAAG,CAAC,CAAC,CAAC,CAAC,MAAM,CAAC;AAChB,CAAC,CAAC,GAAG,CAAC,CAAC,CAAC,CAAC,MAAM,CAAC;AAChB,CAAC,CAAC,GAAG,CAAC,CAAC,CAAC,CAAC,MAAM,CAAC;AAChB,CAAC,CAAC,GAAG,CAAC,CAAC,CAAC,CAAC,MAAM,CAAC;AAChB,CAAC,CAAC,GAAG,CAAC,CAAC,CAAC,CAAC,MAAM;AACf;;AAEA,MAAM,CAAC,KAAK,CAAC,WAAW,CAAC,CAAC,CAAC;AAC3B,CAAC,CAAC,OAAO,CAAC,CAAC,OAAO,CAAC,CAAC,GAAG,CAAC,CAAC;AACzB,CAAC,CAAC,GAAG,CAAC,CAAC,CAAC,CAAC,MAAM,CAAC;AAChB,CAAC,CAAC,QAAQ,CAAC,CAAC,CAAC,CAAC,MAAM,CAAC,CAAC;AACtB,CAAC,CAAC,KAAK,CAAC,CAAC,CAAC,CAAC,MAAM,CAAC;AAClB,CAAC,CAAC,IAAI,CAAC,CAAC,CAAC,CAAC,MAAM,CAAC,CAAC;AAClB,CAAC,CAAC,SAAS,CAAC,CAAC,CAAC,CAAC,MAAM,CAAC;AACtB,CAAC,CAAC,MAAM,CAAC,CAAC,CAAC,CAAC,MAAM,CAAC;AACnB,CAAC,CAAC,MAAM,CAAC,CAAC,CAAC,CAAC,MAAM,CAAC;AACnB"
    },
    "_coverageSchema": "1a1c01bbd47fc00a2c39e90264f33305004495a9",
    "hash": "59d927c40b4ccd6bee925204ff6c6b8bd8a64eea"
  },
  "/home/juli22/school/proj/web-server/src/App.vue": {
    "path": "/home/juli22/school/proj/web-server/src/App.vue",
    "statementMap": {
      "0": {
        "start": {
          "line": 4,
          "column": 2
        },
        "end": {
          "line": 8,
          "column": 3
        }
      },
      "1": {
        "start": {
          "line": 5,
          "column": 17
        },
        "end": {
          "line": 5,
          "column": 48
        }
      },
      "2": {
        "start": {
          "line": 6,
          "column": 4
        },
        "end": {
          "line": 6,
          "column": 42
        }
      },
      "3": {
        "start": {
          "line": 7,
          "column": 4
        },
        "end": {
          "line": 7,
          "column": 91
        }
      },
      "4": {
        "start": {
          "line": 9,
          "column": 2
        },
        "end": {
          "line": 9,
          "column": 14
        }
      },
      "5": {
        "start": {
          "line": 11,
          "column": 33
        },
        "end": {
          "line": 11,
          "column": 77
        }
      },
      "6": {
        "start": {
          "line": 12,
          "column": 40
        },
        "end": {
          "line": 12,
          "column": 91
        }
      },
      "7": {
        "start": {
          "line": 18,
          "column": 18
        },
        "end": {
          "line": 29,
          "column": 1
        }
      },
      "8": {
        "start": {
          "line": 21,
          "column": 2
        },
        "end": {
          "line": 21,
          "column": 13
        }
      },
      "9": {
        "start": {
          "line": 24,
          "column": 21
        },
        "end": {
          "line": 24,
          "column": 93
        }
      },
      "10": {
        "start": {
          "line": 24,
          "column": 42
        },
        "end": {
          "line": 24,
          "column": 59
        }
      },
      "11": {
        "start": {
          "line": 24,
          "column": 77
        },
        "end": {
          "line": 24,
          "column": 89
        }
      },
      "12": {
        "start": {
          "line": 25,
          "column": 0
        },
        "end": {
          "line": 25,
          "column": 90
        }
      },
      "13": {
        "start": {
          "line": 26,
          "column": 0
        },
        "end": {
          "line": 26,
          "column": 19
        }
      },
      "14": {
        "start": {
          "line": 32,
          "column": 19
        },
        "end": {
          "line": 35,
          "column": 1
        }
      },
      "15": {
        "start": {
          "line": 38,
          "column": 2
        },
        "end": {
          "line": 45,
          "column": 5
        }
      },
      "16": {
        "start": {
          "line": 50,
          "column": 0
        },
        "end": {
          "line": 50,
          "column": 30
        }
      },
      "17": {
        "start": {
          "line": 51,
          "column": 0
        },
        "end": {
          "line": 51,
          "column": 108
        }
      },
      "18": {
        "start": {
          "line": 52,
          "column": 0
        },
        "end": {
          "line": 54,
          "column": 2
        }
      },
      "19": {
        "start": {
          "line": 53,
          "column": 2
        },
        "end": {
          "line": 53,
          "column": 41
        }
      },
      "20": {
        "start": {
          "line": 55,
          "column": 0
        },
        "end": {
          "line": 63,
          "column": 2
        }
      },
      "21": {
        "start": {
          "line": 56,
          "column": 2
        },
        "end": {
          "line": 56,
          "column": 18
        }
      },
      "22": {
        "start": {
          "line": 56,
          "column": 12
        },
        "end": {
          "line": 56,
          "column": 18
        }
      },
      "23": {
        "start": {
          "line": 57,
          "column": 47
        },
        "end": {
          "line": 57,
          "column": 50
        }
      },
      "24": {
        "start": {
          "line": 58,
          "column": 2
        },
        "end": {
          "line": 62,
          "column": 3
        }
      },
      "25": {
        "start": {
          "line": 59,
          "column": 4
        },
        "end": {
          "line": 59,
          "column": 65
        }
      },
      "26": {
        "start": {
          "line": 61,
          "column": 4
        },
        "end": {
          "line": 61,
          "column": 56
        }
      }
    },
    "fnMap": {
      "0": {
        "name": "_interopVNode",
        "decl": {
          "start": {
            "line": 3,
            "column": 9
          },
          "end": {
            "line": 3,
            "column": 22
          }
        },
        "loc": {
          "start": {
            "line": 3,
            "column": 30
          },
          "end": {
            "line": 10,
            "column": 1
          }
        },
        "line": 3
      },
      "1": {
        "name": "_createVNode",
        "decl": {
          "start": {
            "line": 11,
            "column": 9
          },
          "end": {
            "line": 11,
            "column": 21
          }
        },
        "loc": {
          "start": {
            "line": 11,
            "column": 31
          },
          "end": {
            "line": 11,
            "column": 79
          }
        },
        "line": 11
      },
      "2": {
        "name": "_createElementBlock",
        "decl": {
          "start": {
            "line": 12,
            "column": 9
          },
          "end": {
            "line": 12,
            "column": 28
          }
        },
        "loc": {
          "start": {
            "line": 12,
            "column": 38
          },
          "end": {
            "line": 12,
            "column": 93
          }
        },
        "line": 12
      },
      "3": {
        "name": "(anonymous_3)",
        "decl": {
          "start": {
            "line": 20,
            "column": 2
          },
          "end": {
            "line": 20,
            "column": 3
          }
        },
        "loc": {
          "start": {
            "line": 20,
            "column": 39
          },
          "end": {
            "line": 27,
            "column": 1
          }
        },
        "line": 20
      },
      "4": {
        "name": "(anonymous_4)",
        "decl": {
          "start": {
            "line": 24,
            "column": 23
          },
          "end": {
            "line": 24,
            "column": 24
          }
        },
        "loc": {
          "start": {
            "line": 24,
            "column": 40
          },
          "end": {
            "line": 24,
            "column": 61
          }
        },
        "line": 24
      },
      "5": {
        "name": "(anonymous_5)",
        "decl": {
          "start": {
            "line": 24,
            "column": 63
          },
          "end": {
            "line": 24,
            "column": 64
          }
        },
        "loc": {
          "start": {
            "line": 24,
            "column": 75
          },
          "end": {
            "line": 24,
            "column": 91
          }
        },
        "line": 24
      },
      "6": {
        "name": "_sfc_render",
        "decl": {
          "start": {
            "line": 37,
            "column": 9
          },
          "end": {
            "line": 37,
            "column": 20
          }
        },
        "loc": {
          "start": {
            "line": 37,
            "column": 68
          },
          "end": {
            "line": 46,
            "column": 1
          }
        },
        "line": 37
      },
      "7": {
        "name": "(anonymous_7)",
        "decl": {
          "start": {
            "line": 52,
            "column": 35
          },
          "end": {
            "line": 52,
            "column": 36
          }
        },
        "loc": {
          "start": {
            "line": 52,
            "column": 49
          },
          "end": {
            "line": 54,
            "column": 1
          }
        },
        "line": 52
      },
      "8": {
        "name": "(anonymous_8)",
        "decl": {
          "start": {
            "line": 55,
            "column": 23
          },
          "end": {
            "line": 55,
            "column": 24
          }
        },
        "loc": {
          "start": {
            "line": 55,
            "column": 30
          },
          "end": {
            "line": 63,
            "column": 1
          }
        },
        "line": 55
      }
    },
    "branchMap": {
      "0": {
        "loc": {
          "start": {
            "line": 4,
            "column": 2
          },
          "end": {
            "line": 8,
            "column": 3
          }
        },
        "type": "if",
        "locations": [
          {
            "start": {
              "line": 4,
              "column": 2
            },
            "end": {
              "line": 8,
              "column": 3
            }
          },
          {
            "start": {},
            "end": {}
          }
        ],
        "line": 4
      },
      "1": {
        "loc": {
          "start": {
            "line": 4,
            "column": 6
          },
          "end": {
            "line": 4,
            "column": 63
          }
        },
        "type": "binary-expr",
        "locations": [
          {
            "start": {
              "line": 4,
              "column": 6
            },
            "end": {
              "line": 4,
              "column": 11
            }
          },
          {
            "start": {
              "line": 4,
              "column": 15
            },
            "end": {
              "line": 4,
              "column": 26
            }
          },
          {
            "start": {
              "line": 4,
              "column": 30
            },
            "end": {
              "line": 4,
              "column": 63
            }
          }
        ],
        "line": 4
      },
      "2": {
        "loc": {
          "start": {
            "line": 51,
            "column": 0
          },
          "end": {
            "line": 51,
            "column": 108
          }
        },
        "type": "binary-expr",
        "locations": [
          {
            "start": {
              "line": 51,
              "column": 0
            },
            "end": {
              "line": 51,
              "column": 42
            }
          },
          {
            "start": {
              "line": 51,
              "column": 46
            },
            "end": {
              "line": 51,
              "column": 108
            }
          }
        ],
        "line": 51
      },
      "3": {
        "loc": {
          "start": {
            "line": 56,
            "column": 2
          },
          "end": {
            "line": 56,
            "column": 18
          }
        },
        "type": "if",
        "locations": [
          {
            "start": {
              "line": 56,
              "column": 2
            },
            "end": {
              "line": 56,
              "column": 18
            }
          },
          {
            "start": {},
            "end": {}
          }
        ],
        "line": 56
      },
      "4": {
        "loc": {
          "start": {
            "line": 58,
            "column": 2
          },
          "end": {
            "line": 62,
            "column": 3
          }
        },
        "type": "if",
        "locations": [
          {
            "start": {
              "line": 58,
              "column": 2
            },
            "end": {
              "line": 62,
              "column": 3
            }
          },
          {
            "start": {
              "line": 60,
              "column": 9
            },
            "end": {
              "line": 62,
              "column": 3
            }
          }
        ],
        "line": 58
      }
    },
    "s": {
      "0": 15,
      "1": 15,
      "2": 15,
      "3": 15,
      "4": 15,
      "5": 10,
      "6": 5,
      "7": 5,
      "8": 5,
      "9": 5,
      "10": 5,
      "11": 5,
      "12": 5,
      "13": 5,
      "14": 5,
      "15": 5,
      "16": 5,
      "17": 5,
      "18": 5,
      "19": 0,
      "20": 5,
      "21": 0,
      "22": 0,
      "23": 0,
      "24": 0,
      "25": 0,
      "26": 0
    },
    "f": {
      "0": 15,
      "1": 10,
      "2": 5,
      "3": 5,
      "4": 5,
      "5": 5,
      "6": 5,
      "7": 0,
      "8": 0
    },
    "b": {
      "0": [
        15,
        0
      ],
      "1": [
        15,
        15,
        15
      ],
      "2": [
        5,
        5
      ],
      "3": [
        0,
        0
      ],
      "4": [
        0,
        0
      ]
    },
    "inputSourceMap": {
      "version": 3,
      "mappings": ";;;;;;;;;;;;;AACA,MAAM,CAAC,CAAC,CAAC,UAAU,CAAC,CAAC,CAAC,IAAI,CAAC,CAAC,GAAG,CAAC,MAAM;AACtC,MAAM,CAAC,KAAK,CAAC,IAAI,CAAC,CAAC,QAAQ,CAAC,KAAK;;;;;;;;;;;;;;;;;;EAK1B,EAAE,EAAC,eAAe;EAAC,kBAAgB,EAAC;;;;wBAAzC,oBAGM,OAHN,UAGM;IAFJ,aAAiD,wBAArC,kBAAgB,EAAC,iBAAiB;IAC9C,aAA+F;MAAxF,QAAQ,EAAC,YAAY;MAAC,KAAK,EAAC,qBAAqB;MAAC,kBAAgB,EAAC",
      "names": [],
      "ignoreList": [],
      "sources": [
        "/home/juli22/school/proj/web-server/src/App.vue"
      ],
      "file": "/home/juli22/school/proj/web-server/src/App.vue"
    },
    "_coverageSchema": "1a1c01bbd47fc00a2c39e90264f33305004495a9",
    "hash": "66cc1a15af437c830d94d826fe353859080d84b4"
  },
  "/home/juli22/school/proj/web-server/src/services/fetch.service.js": {
    "path": "/home/juli22/school/proj/web-server/src/services/fetch.service.js",
    "statementMap": {
      "0": {
        "start": {
          "line": 13,
          "column": 4
        },
        "end": {
          "line": 13,
          "column": 27
        }
      },
      "1": {
        "start": {
          "line": 28,
          "column": 4
        },
        "end": {
          "line": 30,
          "column": 5
        }
      },
      "2": {
        "start": {
          "line": 29,
          "column": 6
        },
        "end": {
          "line": 29,
          "column": 22
        }
      },
      "3": {
        "start": {
          "line": 32,
          "column": 4
        },
        "end": {
          "line": 36,
          "column": 5
        }
      },
      "4": {
        "start": {
          "line": 33,
          "column": 6
        },
        "end": {
          "line": 33,
          "column": 34
        }
      },
      "5": {
        "start": {
          "line": 35,
          "column": 6
        },
        "end": {
          "line": 35,
          "column": 49
        }
      },
      "6": {
        "start": {
          "line": 38,
          "column": 4
        },
        "end": {
          "line": 42,
          "column": 5
        }
      },
      "7": {
        "start": {
          "line": 39,
          "column": 20
        },
        "end": {
          "line": 39,
          "column": 43
        }
      },
      "8": {
        "start": {
          "line": 40,
          "column": 6
        },
        "end": {
          "line": 40,
          "column": 36
        }
      },
      "9": {
        "start": {
          "line": 41,
          "column": 6
        },
        "end": {
          "line": 41,
          "column": 17
        }
      },
      "10": {
        "start": {
          "line": 44,
          "column": 4
        },
        "end": {
          "line": 44,
          "column": 15
        }
      },
      "11": {
        "start": {
          "line": 67,
          "column": 21
        },
        "end": {
          "line": 74,
          "column": 5
        }
      },
      "12": {
        "start": {
          "line": 76,
          "column": 4
        },
        "end": {
          "line": 76,
          "column": 19
        }
      }
    },
    "fnMap": {
      "0": {
        "name": "(anonymous_0)",
        "decl": {
          "start": {
            "line": 12,
            "column": 2
          },
          "end": {
            "line": 12,
            "column": 3
          }
        },
        "loc": {
          "start": {
            "line": 12,
            "column": 23
          },
          "end": {
            "line": 14,
            "column": 3
          }
        },
        "line": 12
      },
      "1": {
        "name": "(anonymous_1)",
        "decl": {
          "start": {
            "line": 23,
            "column": 2
          },
          "end": {
            "line": 23,
            "column": 3
          }
        },
        "loc": {
          "start": {
            "line": 23,
            "column": 33
          },
          "end": {
            "line": 45,
            "column": 3
          }
        },
        "line": 23
      },
      "2": {
        "name": "(anonymous_2)",
        "decl": {
          "start": {
            "line": 58,
            "column": 2
          },
          "end": {
            "line": 58,
            "column": 3
          }
        },
        "loc": {
          "start": {
            "line": 64,
            "column": 23
          },
          "end": {
            "line": 77,
            "column": 3
          }
        },
        "line": 64
      }
    },
    "branchMap": {
      "0": {
        "loc": {
          "start": {
            "line": 28,
            "column": 4
          },
          "end": {
            "line": 30,
            "column": 5
          }
        },
        "type": "if",
        "locations": [
          {
            "start": {
              "line": 28,
              "column": 4
            },
            "end": {
              "line": 30,
              "column": 5
            }
          },
          {
            "start": {},
            "end": {}
          }
        ],
        "line": 28
      },
      "1": {
        "loc": {
          "start": {
            "line": 38,
            "column": 4
          },
          "end": {
            "line": 42,
            "column": 5
          }
        },
        "type": "if",
        "locations": [
          {
            "start": {
              "line": 38,
              "column": 4
            },
            "end": {
              "line": 42,
              "column": 5
            }
          },
          {
            "start": {},
            "end": {}
          }
        ],
        "line": 38
      },
      "2": {
        "loc": {
          "start": {
            "line": 60,
            "column": 4
          },
          "end": {
            "line": 62,
            "column": 5
          }
        },
        "type": "default-arg",
        "locations": [
          {
            "start": {
              "line": 60,
              "column": 14
            },
            "end": {
              "line": 62,
              "column": 5
            }
          }
        ],
        "line": 60
      },
      "3": {
        "loc": {
          "start": {
            "line": 64,
            "column": 4
          },
          "end": {
            "line": 64,
            "column": 19
          }
        },
        "type": "default-arg",
        "locations": [
          {
            "start": {
              "line": 64,
              "column": 13
            },
            "end": {
              "line": 64,
              "column": 19
            }
          }
        ],
        "line": 64
      },
      "4": {
        "loc": {
          "start": {
            "line": 72,
            "column": 14
          },
          "end": {
            "line": 72,
            "column": 53
          }
        },
        "type": "cond-expr",
        "locations": [
          {
            "start": {
              "line": 72,
              "column": 21
            },
            "end": {
              "line": 72,
              "column": 41
            }
          },
          {
            "start": {
              "line": 72,
              "column": 44
            },
            "end": {
              "line": 72,
              "column": 53
            }
          }
        ],
        "line": 72
      }
    },
    "s": {
      "0": 27,
      "1": 11,
      "2": 7,
      "3": 4,
      "4": 4,
      "5": 0,
      "6": 3,
      "7": 0,
      "8": 0,
      "9": 0,
      "10": 3,
      "11": 12,
      "12": 11
    },
    "f": {
      "0": 27,
      "1": 11,
      "2": 12
    },
    "b": {
      "0": [
        7,
        4
      ],
      "1": [
        0,
        3
      ],
      "2": [
        4
      ],
      "3": [
        0
      ],
      "4": [
        0,
        12
      ]
    },
    "inputSourceMap": {
      "version": 3,
      "sources": [
        "/home/juli22/school/proj/web-server/src/services/fetch.service.js"
      ],
      "names": [],
      "mappings": ";AACA,CAAC,CAAC;AACF,CAAC,CAAC,CAAC,OAAO,CAAC,KAAK,CAAC,QAAQ,CAAC,GAAG,CAAC,SAAS;AACvC,CAAC,CAAC;AACF,MAAM,CAAC,KAAK,CAAC,YAAY,CAAC;AAC1B,CAAC,CAAC,CAAC;AACH,CAAC,CAAC,CAAC,CAAC;AACJ,CAAC,CAAC,CAAC,CAAC,CAAC,OAAO,CAAC,CAAC,CAAC,GAAG,CAAC,QAAQ,CAAC,EAAE,CAAC,GAAG,CAAC,YAAY;AAC/C,CAAC,CAAC,CAAC;AACH,CAAC,CAAC,CAAC,CAAC,CAAC,CAAC,KAAK,CAAC,CAAC,MAAM,CAAC,CAAC,OAAO,CAAC,CAAC,CAAC,GAAG,CAAC,IAAI,CAAC,GAAG,CAAC,GAAG,CAAC,GAAG,CAAC,KAAK,CAAC;AAC1D,CAAC,CAAC,CAAC,CAAC;AACJ,CAAC,CAAC,WAAW,CAAC,OAAO,CAAC,CAAC;AACvB,CAAC,CAAC,CAAC,CAAC,IAAI,CAAC,CAAC,OAAO,CAAC,CAAC,CAAC;AACpB,CAAC,CAAC;;;AAGF,CAAC,CAAC,CAAC,CAAC;AACJ,CAAC,CAAC,CAAC,CAAC,CAAC,OAAO,CAAC,GAAG,CAAC,QAAQ,CAAC,IAAI,CAAC,CAAC,CAAC,KAAK,CAAC,OAAO;AAC9C,CAAC,CAAC,CAAC;AACH,CAAC,CAAC,CAAC,CAAC,CAAC,CAAC,KAAK,CAAC,CAAC,MAAM,CAAC,CAAC,QAAQ,CAAC,CAAC,CAAC,GAAG,CAAC,QAAQ,CAAC,MAAM;AACnD,CAAC,CAAC,CAAC,CAAC,CAAC,CAAC,OAAO,CAAC,CAAC,GAAG,CAAC,CAAC,CAAC,CAAC,GAAG,CAAC,QAAQ,CAAC;AACnC,CAAC,CAAC,CAAC,CAAC;AACJ,CAAC,CAAC,KAAK,CAAC,cAAc,CAAC,QAAQ,CAAC,CAAC;AACjC,CAAC,CAAC,CAAC,CAAC,GAAG,CAAC;;AAER,CAAC,CAAC,CAAC,CAAC,CAAC,CAAC,CAAC,GAAG,CAAC,EAAE,CAAC,EAAE,CAAC,CAAC,IAAI,CAAC,MAAM,CAAC,KAAK,CAAC,EAAE,CAAC,IAAI,CAAC,GAAG,CAAC,GAAG,CAAC;AACpD,CAAC,CAAC,CAAC,CAAC,CAAC,CAAC,CAAC,IAAI,CAAC,EAAE,CAAC,KAAK,CAAC,EAAE,CAAC,QAAQ,CAAC;AACjC,CAAC,CAAC,CAAC,CAAC,EAAE,CAAC,CAAC,CAAC,GAAG,CAAC,CAAC,GAAG,CAAC,CAAC,QAAQ,CAAC,QAAQ,CAAC,MAAM,CAAC,CAAC,CAAC;AAC9C,CAAC,CAAC,CAAC,CAAC,CAAC,CAAC,MAAM,CAAC;AACb,CAAC,CAAC,CAAC,CAAC;;AAEJ,CAAC,CAAC,CAAC,CAAC,GAAG,CAAC;AACR,CAAC,CAAC,CAAC,CAAC,CAAC,CAAC,IAAI,CAAC,CAAC,CAAC,KAAK,CAAC,QAAQ,CAAC,IAAI,CAAC;AACjC,CAAC,CAAC,CAAC,CAAC,CAAC,CAAC,KAAK,CAAC;AACZ,CAAC,CAAC,CAAC,CAAC,CAAC,CAAC,KAAK,CAAC,GAAG,CAAC,KAAK,CAAC,CAAC,GAAG,CAAC,QAAQ,CAAC,IAAI,CAAC,MAAM,CAAC;AAChD,CAAC,CAAC,CAAC,CAAC;;AAEJ,CAAC,CAAC,CAAC,CAAC,EAAE,CAAC,CAAC,QAAQ,CAAC,MAAM,CAAC,CAAC,CAAC,CAAC,GAAG,CAAC,CAAC;AAChC,CAAC,CAAC,CAAC,CAAC,CAAC,CAAC,KAAK,CAAC,KAAK,CAAC,CAAC,CAAC,GAAG,CAAC,KAAK,CAAC,IAAI,CAAC,OAAO;AAC1C,CAAC,CAAC,CAAC,CAAC,CAAC,CAAC,KAAK,CAAC,MAAM,CAAC,CAAC,CAAC,QAAQ,CAAC;AAC9B,CAAC,CAAC,CAAC,CAAC,CAAC,CAAC,KAAK,CAAC;AACZ,CAAC,CAAC,CAAC,CAAC;;AAEJ,CAAC,CAAC,CAAC,CAAC,MAAM,CAAC;AACX,CAAC,CAAC;;AAEF,CAAC,CAAC,CAAC,CAAC;AACJ,CAAC,CAAC,CAAC,CAAC,CAAC,OAAO,CAAC,CAAC,CAAC,KAAK,CAAC,OAAO;AAC5B,CAAC,CAAC,CAAC;AACH,CAAC,CAAC,CAAC,CAAC,CAAC,CAAC,KAAK,CAAC,CAAC,MAAM,CAAC,CAAC,OAAO,CAAC,CAAC,CAAC,GAAG,CAAC,OAAO,CAAC,GAAG,CAAC,GAAG,CAAC,KAAK,CAAC;AACzD,CAAC,CAAC,CAAC,CAAC,CAAC,CAAC,KAAK,CAAC,CAAC,MAAM,CAAC,CAAC,OAAO,CAAC,IAAI,CAAC,CAAC,CAAC,GAAG,CAAC,IAAI,CAAC,GAAG,CAAC,GAAG,CAAC,KAAK,CAAC;AAC3D,CAAC,CAAC,CAAC,CAAC,CAAC,CAAC,KAAK,CAAC,CAAC,MAAM,CAAC,CAAC,OAAO,CAAC,OAAO,CAAC,CAAC,CAAC,GAAG,CAAC,OAAO,CAAC,GAAG,CAAC,GAAG,CAAC,KAAK,CAAC;AACjE,CAAC,CAAC,CAAC,CAAC,CAAC,CAAC,KAAK,CAAC,CAAC,MAAM,CAAC,CAAC,OAAO,CAAC,IAAI,CAAC,CAAC,CAAC,GAAG,CAAC,IAAI,CAAC,GAAG,CAAC,GAAG,CAAC,KAAK,CAAC;AAC3D,CAAC,CAAC,CAAC,CAAC,CAAC,CAAC,KAAK,CAAC,CAAC,MAAM,CAAC,CAAC,OAAO,CAAC,MAAM,CAAC,CAAC,CAAC,GAAG,CAAC,MAAM,CAAC,GAAG,CAAC,GAAG,CAAC,KAAK,CAAC;AAC/D,CAAC,CAAC,CAAC,CAAC,CAAC,CAAC,OAAO,CAAC,CAAC,MAAM,CAAC,CAAC,CAAC,CAAC,GAAG,CAAC,QAAQ,CAAC;AACtC,CAAC,CAAC,CAAC,CAAC,CAAC,CAAC,MAAM,CAAC,CAAC,KAAK,CAAC,CAAC,CAAC,CAAC,EAAE,CAAC,GAAG,CAAC,OAAO,CAAC;AACtC,CAAC,CAAC,CAAC,CAAC;AACJ,CAAC,CAAC,KAAK,CAAC,OAAO,CAAC;AAChB,CAAC,CAAC,CAAC,CAAC,IAAI;AACR,CAAC,CAAC,CAAC,CAAC,OAAO,CAAC,CAAC,CAAC;AACd,CAAC,CAAC,CAAC,CAAC,CAAC,CAAC,CAAC,OAAO,CAAC,IAAI,CAAC,CAAC,CAAC,CAAC,WAAW,CAAC,IAAI;AACvC,CAAC,CAAC,CAAC,CAAC,CAAC;AACL,CAAC,CAAC,CAAC,CAAC,IAAI;AACR,CAAC,CAAC,CAAC,CAAC,MAAM,CAAC,CAAC,CAAC,CAAC,IAAI,CAAC,CAAC,CAAC,CAAC,CAAC;;AAEvB,CAAC,CAAC,CAAC,CAAC,CAAC,CAAC,CAAC,GAAG,CAAC,MAAM,CAAC,IAAI,CAAC,KAAK,CAAC;AAC7B,CAAC,CAAC,CAAC,CAAC,KAAK,CAAC,QAAQ,CAAC,CAAC,CAAC,KAAK,CAAC,KAAK;AAChC,CAAC,CAAC,CAAC,CAAC,CAAC,CAAC,IAAI,CAAC,CAAC,OAAO,CAAC,CAAC,CAAC,IAAI;AAC1B,CAAC,CAAC,CAAC,CAAC,CAAC,CAAC;AACN,CAAC,CAAC,CAAC,CAAC,CAAC,CAAC,CAAC,CAAC,MAAM;AACd,CAAC,CAAC,CAAC,CAAC,CAAC,CAAC,CAAC,CAAC,OAAO;AACf,CAAC,CAAC,CAAC,CAAC,CAAC,CAAC,CAAC,CAAC,IAAI,CAAC,CAAC,IAAI,CAAC,CAAC,CAAC,IAAI,CAAC,SAAS,CAAC,IAAI,CAAC,CAAC,CAAC,CAAC;AAC5C,CAAC,CAAC,CAAC,CAAC,CAAC,CAAC;AACN,CAAC,CAAC,CAAC,CAAC;;AAEJ,CAAC,CAAC,CAAC,CAAC,MAAM,CAAC;AACX,CAAC,CAAC;AACF"
    },
    "_coverageSchema": "1a1c01bbd47fc00a2c39e90264f33305004495a9",
    "hash": "4a716408b8f016fba5aa8ee98c1257775796d812"
  },
  "/home/juli22/school/proj/web-server/src/services/food.service.js": {
    "path": "/home/juli22/school/proj/web-server/src/services/food.service.js",
    "statementMap": {
      "0": {
        "start": {
          "line": 2,
          "column": 16
        },
        "end": {
          "line": 2,
          "column": 45
        }
      },
      "1": {
        "start": {
          "line": 17,
          "column": 4
        },
        "end": {
          "line": 17,
          "column": 37
        }
      },
      "2": {
        "start": {
          "line": 29,
          "column": 21
        },
        "end": {
          "line": 32,
          "column": 6
        }
      },
      "3": {
        "start": {
          "line": 33,
          "column": 17
        },
        "end": {
          "line": 33,
          "column": 66
        }
      },
      "4": {
        "start": {
          "line": 34,
          "column": 4
        },
        "end": {
          "line": 34,
          "column": 15
        }
      },
      "5": {
        "start": {
          "line": 47,
          "column": 21
        },
        "end": {
          "line": 50,
          "column": 6
        }
      },
      "6": {
        "start": {
          "line": 51,
          "column": 17
        },
        "end": {
          "line": 51,
          "column": 66
        }
      },
      "7": {
        "start": {
          "line": 52,
          "column": 4
        },
        "end": {
          "line": 52,
          "column": 15
        }
      }
    },
    "fnMap": {
      "0": {
        "name": "(anonymous_0)",
        "decl": {
          "start": {
            "line": 16,
            "column": 2
          },
          "end": {
            "line": 16,
            "column": 3
          }
        },
        "loc": {
          "start": {
            "line": 16,
            "column": 56
          },
          "end": {
            "line": 18,
            "column": 3
          }
        },
        "line": 16
      },
      "1": {
        "name": "(anonymous_1)",
        "decl": {
          "start": {
            "line": 27,
            "column": 2
          },
          "end": {
            "line": 27,
            "column": 3
          }
        },
        "loc": {
          "start": {
            "line": 27,
            "column": 24
          },
          "end": {
            "line": 35,
            "column": 3
          }
        },
        "line": 27
      },
      "2": {
        "name": "(anonymous_2)",
        "decl": {
          "start": {
            "line": 46,
            "column": 2
          },
          "end": {
            "line": 46,
            "column": 3
          }
        },
        "loc": {
          "start": {
            "line": 46,
            "column": 32
          },
          "end": {
            "line": 53,
            "column": 3
          }
        },
        "line": 46
      }
    },
    "branchMap": {
      "0": {
        "loc": {
          "start": {
            "line": 16,
            "column": 14
          },
          "end": {
            "line": 16,
            "column": 54
          }
        },
        "type": "default-arg",
        "locations": [
          {
            "start": {
              "line": 16,
              "column": 29
            },
            "end": {
              "line": 16,
              "column": 54
            }
          }
        ],
        "line": 16
      },
      "1": {
        "loc": {
          "start": {
            "line": 27,
            "column": 14
          },
          "end": {
            "line": 27,
            "column": 22
          }
        },
        "type": "default-arg",
        "locations": [
          {
            "start": {
              "line": 27,
              "column": 21
            },
            "end": {
              "line": 27,
              "column": 22
            }
          }
        ],
        "line": 27
      },
      "2": {
        "loc": {
          "start": {
            "line": 46,
            "column": 22
          },
          "end": {
            "line": 46,
            "column": 30
          }
        },
        "type": "default-arg",
        "locations": [
          {
            "start": {
              "line": 46,
              "column": 29
            },
            "end": {
              "line": 46,
              "column": 30
            }
          }
        ],
        "line": 46
      }
    },
    "s": {
      "0": 5,
      "1": 4,
      "2": 4,
      "3": 4,
      "4": 3,
      "5": 0,
      "6": 0,
      "7": 0
    },
    "f": {
      "0": 4,
      "1": 4,
      "2": 0
    },
    "b": {
      "0": [
        4
      ],
      "1": [
        0
      ],
      "2": [
        0
      ]
    },
    "inputSourceMap": {
      "version": 3,
      "sources": [
        "/home/juli22/school/proj/web-server/src/services/food.service.js"
      ],
      "names": [],
      "mappings": "AAAA,MAAM,CAAC,CAAC,CAAC,YAAY,CAAC,CAAC,CAAC,IAAI,CAAC,CAAC,CAAC,CAAC,KAAK,CAAC,OAAO,CAAC,EAAE;AAChD,KAAK,CAAC,OAAO,CAAC,CAAC,CAAC,MAAM,CAAC,IAAI,CAAC,GAAG,CAAC;;AAEhC,CAAC,CAAC;AACF,CAAC,CAAC,CAAC,OAAO,CAAC,GAAG,CAAC,QAAQ,CAAC,KAAK,CAAC,OAAO,CAAC,IAAI;AAC1C,CAAC,CAAC;AACF,MAAM,CAAC,KAAK,CAAC,WAAW,CAAC;AACzB,CAAC,CAAC,CAAC;;AAEH,CAAC,CAAC,CAAC,CAAC;AACJ,CAAC,CAAC,CAAC,CAAC,CAAC,OAAO,CAAC,CAAC,CAAC,GAAG,CAAC,QAAQ,CAAC,EAAE,CAAC,GAAG,CAAC,WAAW;AAC9C,CAAC,CAAC,CAAC;AACH,CAAC,CAAC,CAAC,CAAC,CAAC,CAAC,KAAK,CAAC,CAAC,YAAY,CAAC,CAAC,YAAY,CAAC,CAAC,CAAC,GAAG,CAAC,KAAK,CAAC,OAAO,CAAC,EAAE,CAAC;AAC/D,CAAC,CAAC,CAAC,CAAC,CAAC,CAAC,KAAK,CAAC,CAAC,MAAM,CAAC,CAAC,OAAO,CAAC,CAAC,CAAC,GAAG,CAAC,IAAI,CAAC,GAAG,CAAC,GAAG,CAAC,GAAG,CAAC,IAAI,CAAC;AACzD,CAAC,CAAC,CAAC,CAAC;AACJ,CAAC,CAAC,WAAW,CAAC,YAAY,CAAC,CAAC,CAAC,GAAG,CAAC,YAAY,CAAC,OAAO,CAAC,CAAC,CAAC;AACxD,CAAC,CAAC,CAAC,CAAC,IAAI,CAAC,CAAC,YAAY,CAAC,CAAC,CAAC;AACzB,CAAC,CAAC;AACF,CAAC,CAAC,CAAC,CAAC;AACJ,CAAC,CAAC,CAAC,CAAC,CAAC,IAAI,CAAC,CAAC,CAAC,SAAS,CAAC,IAAI,CAAC,EAAE,CAAC,IAAI,CAAC;AACnC,CAAC,CAAC,CAAC,CAAC,CAAC,EAAE,CAAC,YAAY,CAAC,KAAK,CAAC,EAAE,CAAC,IAAI;AAClC,CAAC,CAAC,CAAC;AACH,CAAC,CAAC,CAAC,CAAC,CAAC,CAAC,KAAK,CAAC,CAAC,MAAM,CAAC,CAAC,IAAI,CAAC,CAAC,CAAC,IAAI,CAAC;AACjC,CAAC,CAAC,CAAC,CAAC,CAAC,CAAC,OAAO,CAAC,CAAC,OAAO,CAAC,KAAK,CAAC,CAAC,CAAC,CAAC,CAAC,IAAI,CAAC,EAAE,CAAC,IAAI,CAAC;AAC9C,CAAC,CAAC,CAAC,CAAC,CAAC,CAAC,MAAM,CAAC,CAAC,KAAK,CAAC,CAAC,CAAC,CAAC,EAAE,CAAC,GAAG,CAAC,OAAO,CAAC;AACtC,CAAC,CAAC,CAAC,CAAC;AACJ,CAAC,CAAC,KAAK,CAAC,KAAK,CAAC,IAAI,CAAC,CAAC,CAAC,CAAC,CAAC,CAAC;AACxB,CAAC,CAAC,CAAC,CAAC,CAAC,CAAC,CAAC,GAAG,CAAC,MAAM,CAAC,IAAI,CAAC,KAAK,CAAC,OAAO,CAAC;AACrC,CAAC,CAAC,CAAC,CAAC,KAAK,CAAC,QAAQ,CAAC,CAAC,CAAC,KAAK,CAAC,IAAI,CAAC,CAAC,YAAY,CAAC,OAAO,CAAC;AACtD,CAAC,CAAC,CAAC,CAAC,CAAC,CAAC,MAAM,CAAC,CAAC,CAAC,GAAG,CAAC;AACnB,CAAC,CAAC,CAAC,CAAC,CAAC,CAAC,IAAI,CAAC,CAAC,CAAC,CAAC,KAAK,CAAC,IAAI,CAAC,CAAC,CAAC,IAAI,CAAC,CAAC;AACjC,CAAC,CAAC,CAAC,CAAC,CAAC;AACL,CAAC,CAAC,CAAC,CAAC,KAAK,CAAC,IAAI,CAAC,CAAC,CAAC,KAAK,CAAC,IAAI,CAAC,CAAC,YAAY,CAAC,cAAc,CAAC,QAAQ;AACjE,CAAC,CAAC,CAAC,CAAC,MAAM,CAAC;AACX,CAAC,CAAC;;AAEF,CAAC,CAAC,CAAC,CAAC;AACJ,CAAC,CAAC,CAAC,CAAC,CAAC,IAAI,CAAC,CAAC,CAAC,IAAI,CAAC,EAAE,CAAC,IAAI,CAAC;AACzB,CAAC,CAAC,CAAC,CAAC,CAAC,IAAI,CAAC,KAAK,CAAC,GAAG,CAAC,MAAM,CAAC,KAAK;AAChC,CAAC,CAAC,CAAC;AACH,CAAC,CAAC,CAAC,CAAC,CAAC,CAAC,KAAK,CAAC,CAAC,MAAM,CAAC,CAAC,KAAK;AAC1B,CAAC,CAAC,CAAC,CAAC,CAAC,CAAC,KAAK,CAAC,CAAC,MAAM,CAAC,CAAC,IAAI;AACzB,CAAC,CAAC,CAAC,CAAC,CAAC,CAAC,OAAO,CAAC,CAAC,OAAO,CAAC,KAAK,CAAC,CAAC,CAAC,CAAC,CAAC,IAAI,CAAC,EAAE,CAAC,IAAI,CAAC;AAC9C,CAAC,CAAC,CAAC,CAAC,CAAC,CAAC,MAAM,CAAC,CAAC,KAAK,CAAC,CAAC,CAAC,CAAC,EAAE,CAAC,GAAG,CAAC,OAAO,CAAC;AACtC,CAAC,CAAC,CAAC,CAAC;AACJ,CAAC,CAAC,KAAK,CAAC,MAAM,CAAC,KAAK,CAAC,CAAC,IAAI,CAAC,CAAC,CAAC,CAAC,CAAC,CAAC;AAChC,CAAC,CAAC,CAAC,CAAC,KAAK,CAAC,QAAQ,CAAC,CAAC,CAAC,KAAK,CAAC,IAAI,CAAC,CAAC,YAAY,CAAC,OAAO,CAAC;AACtD,CAAC,CAAC,CAAC,CAAC,CAAC,CAAC,MAAM,CAAC,CAAC,CAAC,GAAG,CAAC;AACnB,CAAC,CAAC,CAAC,CAAC,CAAC,CAAC,IAAI,CAAC,CAAC,CAAC,CAAC,KAAK,CAAC,MAAM,CAAC,CAAC,CAAC,kBAAkB,CAAC,KAAK,CAAC,CAAC,CAAC,IAAI,CAAC,CAAC,CAAC,IAAI,CAAC,CAAC;AACrE,CAAC,CAAC,CAAC,CAAC,CAAC;AACL,CAAC,CAAC,CAAC,CAAC,KAAK,CAAC,IAAI,CAAC,CAAC,CAAC,KAAK,CAAC,IAAI,CAAC,CAAC,YAAY,CAAC,cAAc,CAAC,QAAQ;AACjE,CAAC,CAAC,CAAC,CAAC,MAAM,CAAC;AACX,CAAC,CAAC;AACF"
    },
    "_coverageSchema": "1a1c01bbd47fc00a2c39e90264f33305004495a9",
    "hash": "df112515e02ef4df913d116b6e6a2d52dc3bb92b"
  },
  "/home/juli22/school/proj/web-server/src/services/toast.service.js": {
    "path": "/home/juli22/school/proj/web-server/src/services/toast.service.js",
    "statementMap": {
      "0": {
        "start": {
          "line": 7,
          "column": 34
        },
        "end": {
          "line": 80,
          "column": 2
        }
      },
      "1": {
        "start": {
          "line": 7,
          "column": 46
        },
        "end": {
          "line": 80,
          "column": 1
        }
      },
      "2": {
        "start": {
          "line": 17,
          "column": 4
        },
        "end": {
          "line": 24,
          "column": 6
        }
      },
      "3": {
        "start": {
          "line": 34,
          "column": 4
        },
        "end": {
          "line": 37,
          "column": 6
        }
      },
      "4": {
        "start": {
          "line": 47,
          "column": 4
        },
        "end": {
          "line": 50,
          "column": 6
        }
      },
      "5": {
        "start": {
          "line": 60,
          "column": 4
        },
        "end": {
          "line": 63,
          "column": 6
        }
      },
      "6": {
        "start": {
          "line": 74,
          "column": 4
        },
        "end": {
          "line": 78,
          "column": 6
        }
      }
    },
    "fnMap": {
      "0": {
        "name": "(anonymous_0)",
        "decl": {
          "start": {
            "line": 7,
            "column": 34
          },
          "end": {
            "line": 7,
            "column": 35
          }
        },
        "loc": {
          "start": {
            "line": 7,
            "column": 46
          },
          "end": {
            "line": 80,
            "column": 1
          }
        },
        "line": 7
      },
      "1": {
        "name": "(anonymous_1)",
        "decl": {
          "start": {
            "line": 16,
            "column": 2
          },
          "end": {
            "line": 16,
            "column": 3
          }
        },
        "loc": {
          "start": {
            "line": 16,
            "column": 33
          },
          "end": {
            "line": 25,
            "column": 3
          }
        },
        "line": 16
      },
      "2": {
        "name": "(anonymous_2)",
        "decl": {
          "start": {
            "line": 33,
            "column": 2
          },
          "end": {
            "line": 33,
            "column": 3
          }
        },
        "loc": {
          "start": {
            "line": 33,
            "column": 32
          },
          "end": {
            "line": 38,
            "column": 3
          }
        },
        "line": 33
      },
      "3": {
        "name": "(anonymous_3)",
        "decl": {
          "start": {
            "line": 46,
            "column": 2
          },
          "end": {
            "line": 46,
            "column": 3
          }
        },
        "loc": {
          "start": {
            "line": 46,
            "column": 30
          },
          "end": {
            "line": 51,
            "column": 3
          }
        },
        "line": 46
      },
      "4": {
        "name": "(anonymous_4)",
        "decl": {
          "start": {
            "line": 59,
            "column": 2
          },
          "end": {
            "line": 59,
            "column": 3
          }
        },
        "loc": {
          "start": {
            "line": 59,
            "column": 29
          },
          "end": {
            "line": 64,
            "column": 3
          }
        },
        "line": 59
      },
      "5": {
        "name": "(anonymous_5)",
        "decl": {
          "start": {
            "line": 73,
            "column": 2
          },
          "end": {
            "line": 73,
            "column": 3
          }
        },
        "loc": {
          "start": {
            "line": 73,
            "column": 42
          },
          "end": {
            "line": 79,
            "column": 3
          }
        },
        "line": 73
      }
    },
    "branchMap": {
      "0": {
        "loc": {
          "start": {
            "line": 73,
            "column": 29
          },
          "end": {
            "line": 73,
            "column": 40
          }
        },
        "type": "default-arg",
        "locations": [
          {
            "start": {
              "line": 73,
              "column": 38
            },
            "end": {
              "line": 73,
              "column": 40
            }
          }
        ],
        "line": 73
      }
    },
    "s": {
      "0": 5,
      "1": 13,
      "2": 3,
      "3": 0,
      "4": 0,
      "5": 0,
      "6": 3
    },
    "f": {
      "0": 13,
      "1": 3,
      "2": 0,
      "3": 0,
      "4": 0,
      "5": 3
    },
    "b": {
      "0": [
        0
      ]
    },
    "inputSourceMap": {
      "version": 3,
      "sources": [
        "/home/juli22/school/proj/web-server/src/services/toast.service.js"
      ],
      "names": [],
      "mappings": "AAAA,CAAC,CAAC;AACF,CAAC,CAAC,CAAC,MAAM,CAAC,CAAC,CAAC,KAAK,CAAC,OAAO,CAAC,GAAG,CAAC,UAAU,CAAC,aAAa;AACtD,CAAC;AACD,CAAC,CAAC,CAAC,CAAC,KAAK,CAAC,CAAC,MAAM,CAAC,CAAC,KAAK,CAAC,CAAC,CAAC,GAAG,CAAC,KAAK,CAAC,MAAM,CAAC,IAAI,CAAC,QAAQ;AACzD,CAAC,CAAC,CAAC,CAAC,OAAO,CAAC,CAAC,MAAM,CAAC,CAAC,CAAC,CAAC,GAAG,CAAC,KAAK,CAAC,OAAO,CAAC,IAAI,CAAC,KAAK,CAAC,OAAO;AAC3D,CAAC,CAAC;AACF,MAAM,CAAC,KAAK,CAAC,kBAAkB,CAAC,CAAC,CAAC,CAAC,KAAK,CAAC,CAAC,CAAC,CAAC,CAAC,CAAC;AAC9C,CAAC,CAAC,CAAC,CAAC;AACJ,CAAC,CAAC,CAAC,CAAC,CAAC,OAAO,CAAC,KAAK,CAAC,MAAM,CAAC,EAAE,CAAC,GAAG,CAAC,CAAC,CAAC,OAAO,CAAC,EAAE,CAAC,GAAG,CAAC,KAAK;AACvD,CAAC,CAAC,CAAC;AACH,CAAC,CAAC,CAAC,CAAC,CAAC,CAAC,KAAK,CAAC,CAAC,MAAM,CAAC,CAAC,OAAO,CAAC,CAAC,CAAC,GAAG,CAAC,OAAO,CAAC,EAAE,CAAC,GAAG,CAAC,KAAK,CAAC,CAAC,IAAI,CAAC,IAAI,CAAC,EAAE,CAAC,GAAG,CAAC,MAAM,CAAC,EAAE,CAAC,KAAK,CAAC,IAAI,CAAC;AAC/F,CAAC,CAAC,CAAC,CAAC,CAAC,CAAC,KAAK,CAAC,CAAC,MAAM,CAAC,CAAC,MAAM,CAAC,CAAC,CAAC,GAAG,CAAC,MAAM,CAAC,EAAE,CAAC,GAAG,CAAC,KAAK,CAAC,CAAC,IAAI,CAAC,IAAI,CAAC,EAAE,CAAC,GAAG,CAAC,IAAI,CAAC,EAAE,CAAC,OAAO,CAAC,IAAI,CAAC;AAC7F,CAAC,CAAC,CAAC,CAAC,CAAC,CAAC,KAAK,CAAC,CAAC,MAAM,CAAC,CAAC,MAAM,CAAC,CAAC,CAAC,WAAW,CAAC,KAAK,CAAC;AAChD,CAAC,CAAC,CAAC,CAAC,CAAC,IAAI,CAAC,GAAG,CAAC;AACd,CAAC,CAAC,CAAC,CAAC;AACJ,CAAC,CAAC,KAAK,CAAC,OAAO,CAAC,CAAC,MAAM,CAAC,CAAC,MAAM,CAAC,CAAC;AACjC,CAAC,CAAC,CAAC,CAAC,KAAK,CAAC,GAAG,CAAC;AACd,CAAC,CAAC,CAAC,CAAC,CAAC,CAAC,OAAO,CAAC,CAAC,OAAO;AACtB,CAAC,CAAC,CAAC,CAAC,CAAC,CAAC,MAAM,CAAC,CAAC,MAAM;AACpB,CAAC,CAAC,CAAC,CAAC,CAAC,CAAC,IAAI,CAAC,CAAC,IAAI;AAChB,CAAC,CAAC,CAAC,CAAC,CAAC,CAAC,CAAC,CAAC,CAAC,MAAM,CAAC,CAAC,KAAK;AACtB,CAAC,CAAC,CAAC,CAAC,CAAC,CAAC,QAAQ,CAAC,CAAC,IAAI;AACpB,CAAC,CAAC,CAAC,CAAC,CAAC,CAAC,CAAC,CAAC,CAAC;AACT,CAAC,CAAC,CAAC,CAAC,CAAC;AACL,CAAC,CAAC,CAAC;;AAEH,CAAC,CAAC,CAAC,CAAC;AACJ,CAAC,CAAC,CAAC,CAAC,CAAC,IAAI,CAAC,CAAC,CAAC,OAAO,CAAC,OAAO,CAAC,EAAE,CAAC,GAAG,CAAC,KAAK;AACxC,CAAC,CAAC,CAAC;AACH,CAAC,CAAC,CAAC,CAAC,CAAC,CAAC,KAAK,CAAC,CAAC,MAAM,CAAC,CAAC,OAAO,CAAC,CAAC,CAAC,GAAG,CAAC,OAAO,CAAC,EAAE,CAAC,GAAG,CAAC,KAAK,CAAC,CAAC,IAAI,CAAC,IAAI,CAAC,EAAE,CAAC,GAAG,CAAC,MAAM,CAAC,EAAE,CAAC,KAAK,CAAC,IAAI,CAAC;AAC/F,CAAC,CAAC,CAAC,CAAC,CAAC,CAAC,KAAK,CAAC,CAAC,MAAM,CAAC,CAAC,MAAM,CAAC,CAAC,CAAC,GAAG,CAAC,MAAM,CAAC,EAAE,CAAC,GAAG,CAAC,KAAK,CAAC,CAAC,IAAI,CAAC,IAAI,CAAC,EAAE,CAAC,GAAG,CAAC,IAAI,CAAC,EAAE,CAAC,OAAO,CAAC,IAAI,CAAC;AAC7F,CAAC,CAAC,CAAC,CAAC;AACJ,CAAC,CAAC,YAAY,CAAC,OAAO,CAAC,CAAC,MAAM,CAAC,CAAC;AAChC,CAAC,CAAC,CAAC,CAAC,IAAI,CAAC,KAAK,CAAC,OAAO,CAAC,CAAC,MAAM,CAAC,CAAC;AAChC,CAAC,CAAC,CAAC,CAAC,CAAC,CAAC,QAAQ,CAAC,CAAC,CAAC,OAAO,CAAC;AACzB,CAAC,CAAC,CAAC,CAAC,CAAC,CAAC,IAAI,CAAC,CAAC,CAAC,EAAE,CAAC,EAAE,CAAC,KAAK;AACxB,CAAC,CAAC,CAAC,CAAC,CAAC;AACL,CAAC,CAAC,CAAC;;AAEH,CAAC,CAAC,CAAC,CAAC;AACJ,CAAC,CAAC,CAAC,CAAC,CAAC,IAAI,CAAC,EAAE,CAAC,KAAK,CAAC,OAAO,CAAC,EAAE,CAAC,GAAG,CAAC,KAAK;AACvC,CAAC,CAAC,CAAC;AACH,CAAC,CAAC,CAAC,CAAC,CAAC,CAAC,KAAK,CAAC,CAAC,MAAM,CAAC,CAAC,OAAO,CAAC,CAAC,CAAC,GAAG,CAAC,OAAO,CAAC,EAAE,CAAC,GAAG,CAAC,KAAK,CAAC,CAAC,IAAI,CAAC,IAAI,CAAC,EAAE,CAAC,GAAG,CAAC,MAAM,CAAC,EAAE,CAAC,KAAK,CAAC,IAAI,CAAC;AAC/F,CAAC,CAAC,CAAC,CAAC,CAAC,CAAC,KAAK,CAAC,CAAC,MAAM,CAAC,CAAC,MAAM,CAAC,CAAC,CAAC,GAAG,CAAC,MAAM,CAAC,EAAE,CAAC,GAAG,CAAC,KAAK,CAAC,CAAC,IAAI,CAAC,IAAI,CAAC,EAAE,CAAC,GAAG,CAAC,IAAI,CAAC,EAAE,CAAC,OAAO,CAAC,IAAI,CAAC;AAC7F,CAAC,CAAC,CAAC,CAAC;AACJ,CAAC,CAAC,UAAU,CAAC,OAAO,CAAC,CAAC,MAAM,CAAC,CAAC;AAC9B,CAAC,CAAC,CAAC,CAAC,IAAI,CAAC,KAAK,CAAC,OAAO,CAAC,CAAC,MAAM,CAAC,CAAC;AAChC,CAAC,CAAC,CAAC,CAAC,CAAC,CAAC,QAAQ,CAAC,CAAC,CAAC,KAAK,CAAC;AACvB,CAAC,CAAC,CAAC,CAAC,CAAC,CAAC,IAAI,CAAC,CAAC,CAAC,EAAE,CAAC,EAAE,CAAC,KAAK;AACxB,CAAC,CAAC,CAAC,CAAC,CAAC;AACL,CAAC,CAAC,CAAC;;AAEH,CAAC,CAAC,CAAC,CAAC;AACJ,CAAC,CAAC,CAAC,CAAC,CAAC,IAAI,CAAC,CAAC,CAAC,OAAO,CAAC,OAAO,CAAC,EAAE,CAAC,GAAG,CAAC,KAAK;AACxC,CAAC,CAAC,CAAC;AACH,CAAC,CAAC,CAAC,CAAC,CAAC,CAAC,KAAK,CAAC,CAAC,MAAM,CAAC,CAAC,OAAO,CAAC,CAAC,CAAC,GAAG,CAAC,OAAO,CAAC,EAAE,CAAC,GAAG,CAAC,KAAK,CAAC,CAAC,IAAI,CAAC,IAAI,CAAC,EAAE,CAAC,GAAG,CAAC,MAAM,CAAC,EAAE,CAAC,KAAK,CAAC,IAAI,CAAC;AAC/F,CAAC,CAAC,CAAC,CAAC,CAAC,CAAC,KAAK,CAAC,CAAC,MAAM,CAAC,CAAC,MAAM,CAAC,CAAC,CAAC,GAAG,CAAC,MAAM,CAAC,EAAE,CAAC,GAAG,CAAC,KAAK,CAAC,CAAC,IAAI,CAAC,IAAI,CAAC,EAAE,CAAC,GAAG,CAAC,IAAI,CAAC,EAAE,CAAC,OAAO,CAAC,IAAI,CAAC;AAC7F,CAAC,CAAC,CAAC,CAAC;AACJ,CAAC,CAAC,SAAS,CAAC,OAAO,CAAC,CAAC,MAAM,CAAC,CAAC;AAC7B,CAAC,CAAC,CAAC,CAAC,IAAI,CAAC,KAAK,CAAC,OAAO,CAAC,CAAC,MAAM,CAAC,CAAC;AAChC,CAAC,CAAC,CAAC,CAAC,CAAC,CAAC,QAAQ,CAAC,CAAC,CAAC,IAAI,CAAC;AACtB,CAAC,CAAC,CAAC,CAAC,CAAC,CAAC,IAAI,CAAC,CAAC,CAAC,EAAE,CAAC,EAAE,CAAC,WAAW,CAAC,QAAQ;AACvC,CAAC,CAAC,CAAC,CAAC,CAAC;AACL,CAAC,CAAC,CAAC;;AAEH,CAAC,CAAC,CAAC,CAAC;AACJ,CAAC,CAAC,CAAC,CAAC,CAAC,IAAI,CAAC,EAAE,CAAC,IAAI,CAAC,OAAO,CAAC,EAAE,CAAC,GAAG,CAAC,KAAK;AACtC,CAAC,CAAC,CAAC;AACH,CAAC,CAAC,CAAC,CAAC,CAAC,CAAC,KAAK,CAAC,CAAC,MAAM,CAAC,CAAC,OAAO,CAAC,CAAC,CAAC,GAAG,CAAC,OAAO,CAAC,EAAE,CAAC,GAAG,CAAC,KAAK,CAAC,CAAC,IAAI,CAAC,IAAI,CAAC,EAAE,CAAC,GAAG,CAAC,MAAM,CAAC,EAAE,CAAC,KAAK,CAAC,IAAI,CAAC;AAC/F,CAAC,CAAC,CAAC,CAAC,CAAC,CAAC,KAAK,CAAC,CAAC,MAAM,CAAC,CAAC,MAAM,CAAC,CAAC,CAAC,GAAG,CAAC,MAAM,CAAC,EAAE,CAAC,GAAG,CAAC,KAAK,CAAC,CAAC,IAAI,CAAC,IAAI,CAAC,EAAE,CAAC,GAAG,CAAC,IAAI,CAAC,EAAE,CAAC,OAAO,CAAC,IAAI,CAAC;AAC7F,CAAC,CAAC,CAAC,CAAC,CAAC,CAAC,KAAK,CAAC;AACZ,CAAC,CAAC,CAAC,CAAC;AACJ,CAAC,CAAC,SAAS,CAAC,OAAO,CAAC,CAAC,MAAM,CAAC,CAAC,MAAM,CAAC,CAAC,CAAC,CAAC,CAAC,CAAC,CAAC;AAC1C,CAAC,CAAC,CAAC,CAAC,IAAI,CAAC,KAAK,CAAC,OAAO,CAAC,CAAC,MAAM,CAAC,CAAC;AAChC,CAAC,CAAC,CAAC,CAAC,CAAC,CAAC,QAAQ,CAAC,CAAC,CAAC,IAAI,CAAC;AACtB,CAAC,CAAC,CAAC,CAAC,CAAC,CAAC,IAAI,CAAC,CAAC,CAAC,EAAE,CAAC,EAAE,CAAC,IAAI,CAAC,MAAM,CAAC;AAC/B,CAAC,CAAC,CAAC,CAAC,CAAC,CAAC,CAAC,CAAC,CAAC;AACT,CAAC,CAAC,CAAC,CAAC,CAAC;AACL,CAAC,CAAC;AACF,CAAC;"
    },
    "_coverageSchema": "1a1c01bbd47fc00a2c39e90264f33305004495a9",
    "hash": "941f2774b9d4a42181efca80a100468715560be1"
  },
  "/home/juli22/school/proj/web-server/src/helpers/nutrients.js": {
    "path": "/home/juli22/school/proj/web-server/src/helpers/nutrients.js",
    "statementMap": {
      "0": {
        "start": {
          "line": 9,
          "column": 2
        },
        "end": {
          "line": 9,
          "column": 46
        }
      },
      "1": {
        "start": {
          "line": 29,
          "column": 2
        },
        "end": {
          "line": 31,
          "column": 3
        }
      },
      "2": {
        "start": {
          "line": 30,
          "column": 4
        },
        "end": {
          "line": 30,
          "column": 36
        }
      },
      "3": {
        "start": {
          "line": 32,
          "column": 2
        },
        "end": {
          "line": 32,
          "column": 14
        }
      },
      "4": {
        "start": {
          "line": 46,
          "column": 2
        },
        "end": {
          "line": 46,
          "column": 58
        }
      }
    },
    "fnMap": {
      "0": {
        "name": "weightedValue",
        "decl": {
          "start": {
            "line": 8,
            "column": 16
          },
          "end": {
            "line": 8,
            "column": 29
          }
        },
        "loc": {
          "start": {
            "line": 8,
            "column": 58
          },
          "end": {
            "line": 10,
            "column": 1
          }
        },
        "line": 8
      },
      "1": {
        "name": "addToTotal",
        "decl": {
          "start": {
            "line": 20,
            "column": 16
          },
          "end": {
            "line": 20,
            "column": 26
          }
        },
        "loc": {
          "start": {
            "line": 28,
            "column": 16
          },
          "end": {
            "line": 33,
            "column": 1
          }
        },
        "line": 28
      },
      "2": {
        "name": "getNutrientName",
        "decl": {
          "start": {
            "line": 41,
            "column": 16
          },
          "end": {
            "line": 41,
            "column": 31
          }
        },
        "loc": {
          "start": {
            "line": 41,
            "column": 42
          },
          "end": {
            "line": 47,
            "column": 1
          }
        },
        "line": 41
      }
    },
    "branchMap": {
      "0": {
        "loc": {
          "start": {
            "line": 8,
            "column": 30
          },
          "end": {
            "line": 8,
            "column": 40
          }
        },
        "type": "default-arg",
        "locations": [
          {
            "start": {
              "line": 8,
              "column": 39
            },
            "end": {
              "line": 8,
              "column": 40
            }
          }
        ],
        "line": 8
      },
      "1": {
        "loc": {
          "start": {
            "line": 8,
            "column": 42
          },
          "end": {
            "line": 8,
            "column": 56
          }
        },
        "type": "default-arg",
        "locations": [
          {
            "start": {
              "line": 8,
              "column": 55
            },
            "end": {
              "line": 8,
              "column": 56
            }
          }
        ],
        "line": 8
      },
      "2": {
        "loc": {
          "start": {
            "line": 20,
            "column": 27
          },
          "end": {
            "line": 28,
            "column": 1
          }
        },
        "type": "default-arg",
        "locations": [
          {
            "start": {
              "line": 20,
              "column": 35
            },
            "end": {
              "line": 28,
              "column": 1
            }
          }
        ],
        "line": 20
      },
      "3": {
        "loc": {
          "start": {
            "line": 28,
            "column": 3
          },
          "end": {
            "line": 28,
            "column": 14
          }
        },
        "type": "default-arg",
        "locations": [
          {
            "start": {
              "line": 28,
              "column": 12
            },
            "end": {
              "line": 28,
              "column": 14
            }
          }
        ],
        "line": 28
      },
      "4": {
        "loc": {
          "start": {
            "line": 30,
            "column": 19
          },
          "end": {
            "line": 30,
            "column": 35
          }
        },
        "type": "binary-expr",
        "locations": [
          {
            "start": {
              "line": 30,
              "column": 19
            },
            "end": {
              "line": 30,
              "column": 30
            }
          },
          {
            "start": {
              "line": 30,
              "column": 34
            },
            "end": {
              "line": 30,
              "column": 35
            }
          }
        ],
        "line": 30
      }
    },
    "s": {
      "0": 0,
      "1": 96,
      "2": 672,
      "3": 96,
      "4": 56
    },
    "f": {
      "0": 0,
      "1": 96,
      "2": 56
    },
    "b": {
      "0": [
        0
      ],
      "1": [
        0
      ],
      "2": [
        16
      ],
      "3": [
        96
      ],
      "4": [
        672,
        672
      ]
    },
    "inputSourceMap": {
      "version": 3,
      "sources": [
        "/home/juli22/school/proj/web-server/src/helpers/nutrients.js"
      ],
      "names": [],
      "mappings": "AAAA,CAAC,CAAC;AACF,CAAC,CAAC,CAAC,UAAU,CAAC,GAAG,CAAC,QAAQ,CAAC,KAAK,CAAC,KAAK,CAAC,EAAE,CAAC,GAAG,CAAC,MAAM,CAAC,GAAG,CAAC,KAAK,CAAC,GAAG,CAAC,IAAI,CAAC,CAAC,KAAK,CAAC,IAAI,CAAC,GAAG,CAAC,GAAG,CAAC,OAAO,CAAC,EAAE,CAAC,IAAI,CAAC,CAAC,KAAK,CAAC,CAAC,OAAO,CAAC,CAAC,GAAG;AAChI,CAAC;AACD,CAAC,CAAC,CAAC,CAAC,KAAK,CAAC,CAAC,MAAM,CAAC,CAAC,MAAM,CAAC,GAAG,CAAC,MAAM,CAAC,EAAE,CAAC,GAAG,CAAC,IAAI,CAAC,EAAE,CAAC;AACpD,CAAC,CAAC,CAAC,CAAC,KAAK,CAAC,CAAC,MAAM,CAAC,CAAC,UAAU,CAAC,GAAG,CAAC,KAAK,CAAC,EAAE,CAAC,GAAG,CAAC,IAAI,CAAC,GAAG,CAAC,GAAG,CAAC;AAC5D,CAAC,CAAC,CAAC,CAAC,OAAO,CAAC,CAAC,MAAM,CAAC,CAAC,GAAG,CAAC,KAAK,CAAC,EAAE,CAAC,GAAG,CAAC,IAAI,CAAC,GAAG,CAAC,GAAG,CAAC,KAAK,CAAC;AACzD,CAAC,CAAC;AACF,MAAM,CAAC,QAAQ,CAAC,aAAa,CAAC,MAAM,CAAC,CAAC,CAAC,CAAC,CAAC,CAAC,UAAU,CAAC,CAAC,CAAC,CAAC,CAAC,CAAC;AAC1D,CAAC,CAAC,MAAM,CAAC,IAAI,CAAC,KAAK,CAAC,UAAU,CAAC,CAAC,CAAC,GAAG,CAAC,CAAC,CAAC,MAAM;AAC7C;;AAEA,CAAC,CAAC;AACF,CAAC,CAAC,CAAC,IAAI,CAAC,GAAG,CAAC,MAAM,CAAC,EAAE,CAAC,GAAG,CAAC,MAAM,CAAC,WAAW,CAAC,KAAK,CAAC,EAAE,CAAC;AACtD,CAAC,CAAC,CAAC,MAAM,CAAC,EAAE,CAAC,GAAG,CAAC,KAAK,CAAC,WAAW,CAAC,KAAK;AACxC,CAAC;AACD,CAAC,CAAC,CAAC,CAAC,KAAK,CAAC,CAAC,MAAM,CAAC,CAAC,KAAK,CAAC,CAAC,CAAC,WAAW,CAAC,KAAK,CAAC,OAAO,CAAC,QAAQ,CAAC,KAAK,CAAC,EAAE,CAAC,KAAK,CAAC;AAC7E,CAAC,CAAC,CAAC,CAAC,KAAK,CAAC,CAAC,MAAM,CAAC,CAAC,MAAM,CAAC,CAAC,CAAC,WAAW,CAAC,KAAK,CAAC,OAAO,CAAC,QAAQ,CAAC,KAAK,CAAC,EAAE,CAAC,KAAK,CAAC;AAC9E,CAAC,CAAC,CAAC,CAAC,OAAO,CAAC,CAAC,MAAM,CAAC,CAAC,GAAG,CAAC,KAAK,CAAC,MAAM,CAAC,IAAI,CAAC,GAAG,CAAC,MAAM,CAAC,MAAM,CAAC,EAAE,CAAC,GAAG,CAAC,SAAS,CAAC,IAAI,CAAC,GAAG,CAAC,KAAK,CAAC,GAAG,CAAC,MAAM,CAAC;AACxG,CAAC,CAAC;AACF,MAAM,CAAC,QAAQ,CAAC,UAAU,CAAC,KAAK,CAAC,CAAC,CAAC;AACnC,CAAC,CAAC,OAAO,CAAC,CAAC,CAAC;AACZ,CAAC,CAAC,GAAG,CAAC,CAAC,CAAC;AACR,CAAC,CAAC,YAAY,CAAC,CAAC,CAAC;AACjB,CAAC,CAAC,aAAa,CAAC,CAAC,CAAC;AAClB,CAAC,CAAC,MAAM,CAAC,CAAC,CAAC;AACX,CAAC,CAAC,KAAK,CAAC,CAAC,CAAC;AACV,CAAC,CAAC,IAAI,CAAC,CAAC;AACR,CAAC,CAAC,CAAC,MAAM,CAAC,CAAC,CAAC,CAAC,CAAC,CAAC,CAAC;AAChB,CAAC,CAAC,GAAG,CAAC,CAAC,KAAK,CAAC,GAAG,CAAC,EAAE,CAAC,MAAM,CAAC,IAAI,CAAC,KAAK,CAAC,CAAC,CAAC;AACxC,CAAC,CAAC,CAAC,CAAC,KAAK,CAAC,GAAG,CAAC,CAAC,CAAC,CAAC,CAAC,CAAC,MAAM,CAAC,GAAG,CAAC,CAAC,CAAC,CAAC,CAAC,CAAC;AACnC,CAAC,CAAC;AACF,CAAC,CAAC,MAAM,CAAC;AACT;;AAEA,CAAC,CAAC;AACF,CAAC,CAAC,CAAC,UAAU,CAAC,GAAG,CAAC,QAAQ,CAAC,IAAI,CAAC,IAAI,CAAC,KAAK,CAAC,IAAI,CAAC,EAAE,CAAC,SAAS,CAAC,IAAI,CAAC,MAAM;AACxE,CAAC;AACD,CAAC,CAAC,CAAC,CAAC,KAAK,CAAC,CAAC,MAAM,CAAC,CAAC,QAAQ,CAAC,CAAC,CAAC,QAAQ,CAAC,IAAI,CAAC,EAAE,CAAC,KAAK,CAAC;AACrD,CAAC,CAAC,CAAC,CAAC,OAAO,CAAC,CAAC,MAAM,CAAC,CAAC,GAAG,CAAC,QAAQ,CAAC,IAAI,CAAC,EAAE,CAAC,SAAS,CAAC,IAAI,CAAC;AACzD,CAAC,CAAC;AACF,MAAM,CAAC,QAAQ,CAAC,eAAe,CAAC,QAAQ,CAAC,CAAC;AAC1C,CAAC,CAAC,CAAC,CAAC,CAAC,KAAK,CAAC,CAAC,IAAI,CAAC,OAAO,CAAC,MAAM,CAAC,GAAG,CAAC,OAAO,CAAC;AAC5C,CAAC,CAAC,CAAC,CAAC,CAAC,IAAI,CAAC,KAAK,CAAC,CAAC,CAAC,GAAG,CAAC,KAAK,CAAC,MAAM,CAAC,CAAC,QAAQ;AAC5C,CAAC,CAAC,CAAC,CAAC,CAAC,IAAI,CAAC,OAAO,CAAC,EAAE,CAAC;AACrB,CAAC,CAAC,CAAC,CAAC,CAAC,OAAO,CAAC,YAAY,CAAC,CAAC,CAAC,CAAC,SAAS,CAAC;AACvC,CAAC,CAAC,MAAM,CAAC,QAAQ,CAAC,OAAO,CAAC,CAAC,CAAC,CAAC,CAAC,CAAC,CAAC,CAAC,CAAC,CAAC,CAAC,CAAC,CAAC,CAAC,CAAC,CAAC,CAAC,CAAC,CAAC,CAAC,WAAW,CAAC;AACzD;"
    },
    "_coverageSchema": "1a1c01bbd47fc00a2c39e90264f33305004495a9",
    "hash": "bdeb9c11b580afbfec4028340ebc223fe3712f0f"
  },
  "/home/juli22/school/proj/web-server/src/helpers/helpers.js": {
    "path": "/home/juli22/school/proj/web-server/src/helpers/helpers.js",
    "statementMap": {
      "0": {
        "start": {
          "line": 16,
          "column": 2
        },
        "end": {
          "line": 20,
          "column": 3
        }
      },
      "1": {
        "start": {
          "line": 17,
          "column": 4
        },
        "end": {
          "line": 17,
          "column": 28
        }
      },
      "2": {
        "start": {
          "line": 19,
          "column": 4
        },
        "end": {
          "line": 19,
          "column": 23
        }
      },
      "3": {
        "start": {
          "line": 31,
          "column": 2
        },
        "end": {
          "line": 31,
          "column": 44
        }
      },
      "4": {
        "start": {
          "line": 44,
          "column": 17
        },
        "end": {
          "line": 44,
          "column": 28
        }
      },
      "5": {
        "start": {
          "line": 45,
          "column": 23
        },
        "end": {
          "line": 45,
          "column": 48
        }
      },
      "6": {
        "start": {
          "line": 47,
          "column": 4
        },
        "end": {
          "line": 51,
          "column": 3
        }
      },
      "7": {
        "start": {
          "line": 48,
          "column": 4
        },
        "end": {
          "line": 48,
          "column": 25
        }
      },
      "8": {
        "start": {
          "line": 49,
          "column": 4
        },
        "end": {
          "line": 49,
          "column": 68
        }
      },
      "9": {
        "start": {
          "line": 50,
          "column": 4
        },
        "end": {
          "line": 50,
          "column": 10
        }
      },
      "10": {
        "start": {
          "line": 52,
          "column": 2
        },
        "end": {
          "line": 52,
          "column": 84
        }
      }
    },
    "fnMap": {
      "0": {
        "name": "tryCatch",
        "decl": {
          "start": {
            "line": 15,
            "column": 22
          },
          "end": {
            "line": 15,
            "column": 30
          }
        },
        "loc": {
          "start": {
            "line": 15,
            "column": 58
          },
          "end": {
            "line": 21,
            "column": 1
          }
        },
        "line": 15
      },
      "1": {
        "name": "unwrap",
        "decl": {
          "start": {
            "line": 30,
            "column": 16
          },
          "end": {
            "line": 30,
            "column": 22
          }
        },
        "loc": {
          "start": {
            "line": 30,
            "column": 30
          },
          "end": {
            "line": 32,
            "column": 1
          }
        },
        "line": 30
      },
      "2": {
        "name": "handleError",
        "decl": {
          "start": {
            "line": 43,
            "column": 16
          },
          "end": {
            "line": 43,
            "column": 27
          }
        },
        "loc": {
          "start": {
            "line": 43,
            "column": 42
          },
          "end": {
            "line": 53,
            "column": 1
          }
        },
        "line": 43
      }
    },
    "branchMap": {
      "0": {
        "loc": {
          "start": {
            "line": 31,
            "column": 9
          },
          "end": {
            "line": 31,
            "column": 44
          }
        },
        "type": "cond-expr",
        "locations": [
          {
            "start": {
              "line": 31,
              "column": 24
            },
            "end": {
              "line": 31,
              "column": 36
            }
          },
          {
            "start": {
              "line": 31,
              "column": 39
            },
            "end": {
              "line": 31,
              "column": 44
            }
          }
        ],
        "line": 31
      },
      "1": {
        "loc": {
          "start": {
            "line": 47,
            "column": 4
          },
          "end": {
            "line": 51,
            "column": 3
          }
        },
        "type": "if",
        "locations": [
          {
            "start": {
              "line": 47,
              "column": 4
            },
            "end": {
              "line": 51,
              "column": 3
            }
          },
          {
            "start": {},
            "end": {}
          }
        ],
        "line": 47
      }
    },
    "s": {
      "0": 4,
      "1": 4,
      "2": 0,
      "3": 0,
      "4": 0,
      "5": 0,
      "6": 0,
      "7": 0,
      "8": 0,
      "9": 0,
      "10": 0
    },
    "f": {
      "0": 4,
      "1": 0,
      "2": 0
    },
    "b": {
      "0": [
        0,
        0
      ],
      "1": [
        0,
        0
      ]
    },
    "inputSourceMap": {
      "version": 3,
      "sources": [
        "/home/juli22/school/proj/web-server/src/helpers/helpers.js"
      ],
      "names": [],
      "mappings": "AAAA,MAAM,CAAC,CAAC,CAAC,KAAK,CAAC,CAAC,KAAK,CAAC,CAAC,CAAC,IAAI,CAAC,CAAC,GAAG;AACjC,MAAM,CAAC,CAAC,CAAC,SAAS,CAAC,CAAC,CAAC,IAAI,CAAC,CAAC,GAAG,CAAC,MAAM;AACrC,MAAM,CAAC,CAAC,CAAC,kBAAkB,CAAC,CAAC,CAAC,IAAI,CAAC,CAAC,CAAC,CAAC,QAAQ,CAAC,KAAK,CAAC,OAAO,CAAC,EAAE;;;AAG/D,CAAC,CAAC;AACF,CAAC,CAAC,CAAC,KAAK,CAAC,GAAG,CAAC,KAAK,CAAC,QAAQ,CAAC,GAAG,CAAC,OAAO,CAAC,GAAG,CAAC;AAC5C,CAAC,CAAC,CAAC,EAAE,CAAC,OAAO,CAAC,GAAG,CAAC,YAAY,CAAC,QAAQ;AACvC,CAAC;AACD,CAAC,CAAC,CAAC,CAAC,KAAK,CAAC,CAAC,QAAQ,CAAC,CAAC,EAAE,CAAC,CAAC,CAAC,GAAG,CAAC,KAAK,CAAC;AACpC,CAAC,CAAC,CAAC,CAAC,KAAK,CAAC,CAAC,KAAK,CAAC,CAAC,IAAI,CAAC,CAAC,CAAC,SAAS,CAAC,EAAE,CAAC,EAAE,CAAC,MAAM,CAAC,EAAE,CAAC,GAAG,CAAC;AACvD,CAAC,CAAC,CAAC,CAAC,KAAK,CAAC,CAAC,QAAQ,CAAC,CAAC,YAAY,CAAC,CAAC,CAAC,QAAQ,CAAC,EAAE,CAAC,MAAM,CAAC,GAAG,CAAC;AAC3D,CAAC,CAAC,CAAC,CAAC,OAAO,CAAC,CAAC,OAAO,CAAC,GAAG,CAAC,CAAC,CAAC,CAAC,CAAC,GAAG,CAAC,MAAM,CAAC,EAAE,CAAC,GAAG,CAAC;AAC/C,CAAC,CAAC;AACF,MAAM,CAAC,KAAK,CAAC,QAAQ,CAAC,QAAQ,CAAC,EAAE,CAAC,CAAC,YAAY,CAAC,CAAC,CAAC,CAAC,CAAC,IAAI,CAAC,CAAC;AAC1D,CAAC,CAAC,GAAG,CAAC;AACN,CAAC,CAAC,CAAC,CAAC,MAAM,CAAC,KAAK,CAAC,EAAE,CAAC,CAAC,CAAC,CAAC,IAAI;AAC3B,CAAC,CAAC,CAAC,CAAC,KAAK,CAAC,CAAC,KAAK,CAAC,CAAC;AAClB,CAAC,CAAC,CAAC,CAAC,YAAY,CAAC,KAAK;AACtB,CAAC,CAAC;AACF;;AAEA,CAAC,CAAC;AACF,CAAC,CAAC,CAAC,OAAO,CAAC,CAAC,CAAC,KAAK,CAAC,EAAE,CAAC,EAAE,CAAC,EAAE,CAAC,CAAC,CAAC,GAAG;AACjC,CAAC,CAAC,CAAC,EAAE,CAAC,EAAE,CAAC,EAAE,CAAC,GAAG,CAAC,CAAC,CAAC,GAAG,CAAC,CAAC,EAAE,CAAC,OAAO,CAAC,GAAG,CAAC,KAAK,CAAC,EAAE,CAAC,EAAE;AACjD,CAAC;AACD,CAAC,CAAC,CAAC,CAAC,KAAK,CAAC,CAAC,MAAM,CAAC,CAAC,KAAK,CAAC,CAAC,CAAC,GAAG,CAAC,KAAK,CAAC,EAAE,CAAC,EAAE,CAAC;AAC3C,CAAC,CAAC,CAAC,CAAC,OAAO,CAAC,CAAC,MAAM,CAAC,CAAC,CAAC,CAAC,GAAG,CAAC,SAAS,CAAC;AACrC,CAAC,CAAC;AACF,MAAM,CAAC,QAAQ,CAAC,MAAM,CAAC,KAAK,CAAC,CAAC;AAC9B,CAAC,CAAC,MAAM,CAAC,KAAK,CAAC,KAAK,CAAC,CAAC,CAAC,CAAC,KAAK,CAAC,KAAK,CAAC,CAAC,CAAC,CAAC;AACvC;;AAEA,CAAC,CAAC;AACF,CAAC,CAAC,CAAC,EAAE,CAAC,GAAG,CAAC,KAAK,CAAC,EAAE,CAAC,GAAG,CAAC,EAAE,CAAC,MAAM,CAAC,cAAc;AAC/C,CAAC,CAAC,CAAC,SAAS,CAAC,EAAE,CAAC,GAAG,CAAC,KAAK,CAAC,IAAI,CAAC,IAAI,CAAC,EAAE,CAAC,KAAK,CAAC,OAAO,CAAC,CAAC,SAAS,CAAC,IAAI,CAAC;AACrE,CAAC,CAAC,CAAC,GAAG,CAAC,KAAK,CAAC,OAAO;AACpB,CAAC;AACD,CAAC,CAAC,CAAC,CAAC,KAAK,CAAC,CAAC,KAAK,CAAC,CAAC,KAAK,CAAC,CAAC,CAAC,GAAG,CAAC,MAAM,CAAC;AACrC,CAAC,CAAC,CAAC,CAAC,KAAK,CAAC,CAAC,MAAM,CAAC,CAAC,KAAK,CAAC,CAAC,CAAC,GAAG,CAAC,QAAQ,CAAC,KAAK,CAAC;AAC9C,CAAC,CAAC,CAAC,CAAC,OAAO,CAAC,CAAC,IAAI;AACjB,CAAC,CAAC;AACF,MAAM,CAAC,QAAQ,CAAC,WAAW,CAAC,KAAK,CAAC,CAAC,KAAK,CAAC,CAAC;AAC1C,CAAC,CAAC,KAAK,CAAC,MAAM,CAAC,CAAC,CAAC,SAAS,CAAC;AAC3B,CAAC,CAAC,KAAK,CAAC,YAAY,CAAC,CAAC,CAAC,kBAAkB,CAAC,KAAK;;AAE/C,CAAC,CAAC,CAAC,CAAC,EAAE,CAAC,CAAC,KAAK,CAAC,MAAM,CAAC,CAAC,CAAC,CAAC,CAAC,GAAG,CAAC,CAAC;AAC9B,CAAC,CAAC,CAAC,CAAC,MAAM,CAAC,IAAI,CAAC,CAAC,CAAC,KAAK,CAAC;AACxB,CAAC,CAAC,CAAC,CAAC,YAAY,CAAC,UAAU,CAAC,CAAC,OAAO,CAAC,OAAO,CAAC,CAAC,CAAC,CAAC,MAAM,CAAC,KAAK,CAAC,KAAK,CAAC;AACnE,CAAC,CAAC,CAAC,CAAC;AACJ,CAAC,CAAC;AACF,CAAC,CAAC,YAAY,CAAC,UAAU,CAAC,CAAC,MAAM,CAAC,MAAM,CAAC,CAAC,CAAC,CAAC,KAAK,CAAC,OAAO,CAAC,CAAC,CAAC,MAAM,CAAC,GAAG,CAAC,KAAK,CAAC,KAAK,CAAC;AACnF;"
    },
    "_coverageSchema": "1a1c01bbd47fc00a2c39e90264f33305004495a9",
    "hash": "bb87332da2f3f094081e64175b8f5563c3027197"
  },
  "/home/juli22/school/proj/web-server/src/models/Food.js": {
    "path": "/home/juli22/school/proj/web-server/src/models/Food.js",
    "statementMap": {
      "0": {
        "start": {
          "line": 13,
          "column": 17
        },
        "end": {
          "line": 13,
          "column": 43
        }
      },
      "1": {
        "start": {
          "line": 21,
          "column": 4
        },
        "end": {
          "line": 23,
          "column": 5
        }
      },
      "2": {
        "start": {
          "line": 22,
          "column": 6
        },
        "end": {
          "line": 22,
          "column": 27
        }
      },
      "3": {
        "start": {
          "line": 25,
          "column": 4
        },
        "end": {
          "line": 25,
          "column": 30
        }
      },
      "4": {
        "start": {
          "line": 26,
          "column": 4
        },
        "end": {
          "line": 26,
          "column": 27
        }
      },
      "5": {
        "start": {
          "line": 27,
          "column": 4
        },
        "end": {
          "line": 27,
          "column": 41
        }
      },
      "6": {
        "start": {
          "line": 28,
          "column": 4
        },
        "end": {
          "line": 28,
          "column": 52
        }
      },
      "7": {
        "start": {
          "line": 37,
          "column": 9
        },
        "end": {
          "line": 39,
          "column": 4
        }
      },
      "8": {
        "start": {
          "line": 38,
          "column": 4
        },
        "end": {
          "line": 38,
          "column": 59
        }
      },
      "9": {
        "start": {
          "line": 49,
          "column": 13
        },
        "end": {
          "line": 63,
          "column": 3
        }
      },
      "10": {
        "start": {
          "line": 50,
          "column": 17
        },
        "end": {
          "line": 50,
          "column": 19
        }
      },
      "11": {
        "start": {
          "line": 51,
          "column": 4
        },
        "end": {
          "line": 54,
          "column": 6
        }
      },
      "12": {
        "start": {
          "line": 55,
          "column": 4
        },
        "end": {
          "line": 60,
          "column": 5
        }
      },
      "13": {
        "start": {
          "line": 56,
          "column": 6
        },
        "end": {
          "line": 59,
          "column": 8
        }
      },
      "14": {
        "start": {
          "line": 61,
          "column": 4
        },
        "end": {
          "line": 61,
          "column": 15
        }
      },
      "15": {
        "start": {
          "line": 73,
          "column": 19
        },
        "end": {
          "line": 81,
          "column": 5
        }
      },
      "16": {
        "start": {
          "line": 82,
          "column": 4
        },
        "end": {
          "line": 84,
          "column": 5
        }
      },
      "17": {
        "start": {
          "line": 83,
          "column": 6
        },
        "end": {
          "line": 83,
          "column": 66
        }
      },
      "18": {
        "start": {
          "line": 85,
          "column": 4
        },
        "end": {
          "line": 85,
          "column": 17
        }
      },
      "19": {
        "start": {
          "line": 94,
          "column": 4
        },
        "end": {
          "line": 106,
          "column": 5
        }
      },
      "20": {
        "start": {
          "line": 115,
          "column": 17
        },
        "end": {
          "line": 115,
          "column": 40
        }
      },
      "21": {
        "start": {
          "line": 117,
          "column": 4
        },
        "end": {
          "line": 117,
          "column": 15
        }
      },
      "22": {
        "start": {
          "line": 127,
          "column": 4
        },
        "end": {
          "line": 127,
          "column": 43
        }
      },
      "23": {
        "start": {
          "line": 127,
          "column": 28
        },
        "end": {
          "line": 127,
          "column": 42
        }
      }
    },
    "fnMap": {
      "0": {
        "name": "(anonymous_0)",
        "decl": {
          "start": {
            "line": 20,
            "column": 2
          },
          "end": {
            "line": 20,
            "column": 3
          }
        },
        "loc": {
          "start": {
            "line": 20,
            "column": 20
          },
          "end": {
            "line": 29,
            "column": 3
          }
        },
        "line": 20
      },
      "1": {
        "name": "(anonymous_1)",
        "decl": {
          "start": {
            "line": 37,
            "column": 18
          },
          "end": {
            "line": 37,
            "column": 19
          }
        },
        "loc": {
          "start": {
            "line": 37,
            "column": 24
          },
          "end": {
            "line": 39,
            "column": 3
          }
        },
        "line": 37
      },
      "2": {
        "name": "(anonymous_2)",
        "decl": {
          "start": {
            "line": 49,
            "column": 22
          },
          "end": {
            "line": 49,
            "column": 23
          }
        },
        "loc": {
          "start": {
            "line": 49,
            "column": 28
          },
          "end": {
            "line": 62,
            "column": 3
          }
        },
        "line": 49
      },
      "3": {
        "name": "(anonymous_3)",
        "decl": {
          "start": {
            "line": 72,
            "column": 2
          },
          "end": {
            "line": 72,
            "column": 3
          }
        },
        "loc": {
          "start": {
            "line": 72,
            "column": 14
          },
          "end": {
            "line": 86,
            "column": 3
          }
        },
        "line": 72
      },
      "4": {
        "name": "(anonymous_4)",
        "decl": {
          "start": {
            "line": 93,
            "column": 2
          },
          "end": {
            "line": 93,
            "column": 3
          }
        },
        "loc": {
          "start": {
            "line": 93,
            "column": 11
          },
          "end": {
            "line": 107,
            "column": 3
          }
        },
        "line": 93
      },
      "5": {
        "name": "(anonymous_5)",
        "decl": {
          "start": {
            "line": 114,
            "column": 2
          },
          "end": {
            "line": 114,
            "column": 3
          }
        },
        "loc": {
          "start": {
            "line": 114,
            "column": 10
          },
          "end": {
            "line": 118,
            "column": 3
          }
        },
        "line": 114
      },
      "6": {
        "name": "(anonymous_6)",
        "decl": {
          "start": {
            "line": 126,
            "column": 2
          },
          "end": {
            "line": 126,
            "column": 3
          }
        },
        "loc": {
          "start": {
            "line": 126,
            "column": 29
          },
          "end": {
            "line": 128,
            "column": 3
          }
        },
        "line": 126
      },
      "7": {
        "name": "(anonymous_7)",
        "decl": {
          "start": {
            "line": 127,
            "column": 20
          },
          "end": {
            "line": 127,
            "column": 21
          }
        },
        "loc": {
          "start": {
            "line": 127,
            "column": 28
          },
          "end": {
            "line": 127,
            "column": 42
          }
        },
        "line": 127
      }
    },
    "branchMap": {
      "0": {
        "loc": {
          "start": {
            "line": 26,
            "column": 14
          },
          "end": {
            "line": 26,
            "column": 27
          }
        },
        "type": "binary-expr",
        "locations": [
          {
            "start": {
              "line": 26,
              "column": 14
            },
            "end": {
              "line": 26,
              "column": 21
            }
          },
          {
            "start": {
              "line": 26,
              "column": 25
            },
            "end": {
              "line": 26,
              "column": 27
            }
          }
        ],
        "line": 26
      },
      "1": {
        "loc": {
          "start": {
            "line": 27,
            "column": 22
          },
          "end": {
            "line": 27,
            "column": 40
          }
        },
        "type": "binary-expr",
        "locations": [
          {
            "start": {
              "line": 27,
              "column": 22
            },
            "end": {
              "line": 27,
              "column": 33
            }
          },
          {
            "start": {
              "line": 27,
              "column": 37
            },
            "end": {
              "line": 27,
              "column": 40
            }
          }
        ],
        "line": 27
      },
      "2": {
        "loc": {
          "start": {
            "line": 28,
            "column": 20
          },
          "end": {
            "line": 28,
            "column": 51
          }
        },
        "type": "binary-expr",
        "locations": [
          {
            "start": {
              "line": 28,
              "column": 20
            },
            "end": {
              "line": 28,
              "column": 29
            }
          },
          {
            "start": {
              "line": 28,
              "column": 33
            },
            "end": {
              "line": 28,
              "column": 51
            }
          }
        ],
        "line": 28
      }
    },
    "s": {
      "0": 5,
      "1": 21,
      "2": 126,
      "3": 21,
      "4": 21,
      "5": 21,
      "6": 21,
      "7": 21,
      "8": 0,
      "9": 21,
      "10": 0,
      "11": 0,
      "12": 0,
      "13": 0,
      "14": 0,
      "15": 0,
      "16": 0,
      "17": 0,
      "18": 0,
      "19": 0,
      "20": 0,
      "21": 0,
      "22": 3,
      "23": 21
    },
    "f": {
      "0": 21,
      "1": 0,
      "2": 0,
      "3": 0,
      "4": 0,
      "5": 0,
      "6": 3,
      "7": 21
    },
    "b": {
      "0": [
        21,
        21
      ],
      "1": [
        21,
        21
      ],
      "2": [
        21,
        21
      ]
    },
    "inputSourceMap": {
      "version": 3,
      "sources": [
        "/home/juli22/school/proj/web-server/src/models/Food.js"
      ],
      "names": [],
      "mappings": "AAAA,MAAM,CAAC,CAAC,CAAC,QAAQ,CAAC,CAAC,GAAG,CAAC,CAAC,CAAC,IAAI,CAAC,CAAC,GAAG;AAClC,MAAM,CAAC,CAAC,CAAC,aAAa,CAAC,CAAC,eAAe,CAAC,CAAC,CAAC,IAAI,CAAC,CAAC,CAAC,CAAC,OAAO,CAAC,SAAS;AACnE,MAAM,CAAC,CAAC,CAAC,MAAM,CAAC,CAAC,CAAC,IAAI,CAAC,CAAC,CAAC,CAAC,OAAO,CAAC,OAAO;;AAEzC,CAAC,CAAC;AACF,CAAC,CAAC,CAAC,UAAU,CAAC,CAAC,CAAC,IAAI,CAAC,IAAI;AACzB,CAAC,CAAC;AACF,MAAM,CAAC,KAAK,CAAC,IAAI,CAAC;AAClB,CAAC,CAAC,CAAC,CAAC;AACJ,CAAC,CAAC,CAAC,CAAC,CAAC,IAAI,CAAC,OAAO,CAAC,GAAG,CAAC,GAAG,CAAC,IAAI,CAAC,IAAI;AACnC,CAAC,CAAC,CAAC,CAAC,CAAC,SAAS,CAAC,IAAI,CAAC,KAAK,CAAC,GAAG,CAAC,SAAS;AACvC,CAAC,CAAC,CAAC,CAAC;AACJ,CAAC,CAAC,MAAM,CAAC,KAAK,CAAC,CAAC,CAAC,CAAC,CAAC,CAAC,IAAI,CAAC,CAAC,CAAC,CAAC,CAAC,CAAC,CAAC,IAAI,CAAC,CAAC,CAAC,CAAC,CAAC,CAAC,CAAC;;AAE1C,CAAC,CAAC,CAAC,CAAC;AACJ,CAAC,CAAC,CAAC,CAAC,CAAC,OAAO,CAAC,CAAC,CAAC,GAAG,CAAC,IAAI,CAAC,IAAI;AAC5B,CAAC,CAAC,CAAC;AACH,CAAC,CAAC,CAAC,CAAC,CAAC,CAAC,KAAK,CAAC,CAAC,MAAM,CAAC,CAAC,IAAI,CAAC,CAAC,CAAC,GAAG,CAAC,IAAI,CAAC,IAAI,CAAC,IAAI,CAAC,GAAG,CAAC,MAAM;AACzD,CAAC,CAAC,CAAC,CAAC;AACJ,CAAC,CAAC,WAAW,CAAC,IAAI,CAAC,CAAC;AACpB,CAAC,CAAC,CAAC,CAAC,GAAG,CAAC,CAAC,KAAK,CAAC,GAAG,CAAC,EAAE,CAAC,CAAC,CAAC,IAAI,CAAC,CAAC,CAAC,CAAC,KAAK,CAAC,CAAC,CAAC,CAAC,GAAG,CAAC,CAAC,CAAC,CAAC,SAAS,CAAC,CAAC,CAAC,CAAC,WAAW,CAAC,CAAC,CAAC,CAAC,IAAI,CAAC,CAAC,CAAC,CAAC;AACpF,CAAC,CAAC,CAAC,CAAC,CAAC,CAAC,IAAI,CAAC,GAAG,CAAC,CAAC,CAAC,CAAC,IAAI,CAAC,GAAG;AAC1B,CAAC,CAAC,CAAC,CAAC;;AAEJ,CAAC,CAAC,CAAC,CAAC,IAAI,CAAC,MAAM,CAAC,CAAC,CAAC,IAAI,CAAC,GAAG,CAAC,CAAC;AAC5B,CAAC,CAAC,CAAC,CAAC,IAAI,CAAC,EAAE,CAAC,CAAC,CAAC,IAAI,CAAC,EAAE,CAAC,CAAC,CAAC,CAAC,CAAC;AAC1B,CAAC,CAAC,CAAC,CAAC,IAAI,CAAC,MAAM,CAAC,CAAC,CAAC,GAAG,CAAC,IAAI,CAAC,MAAM,CAAC,CAAC,CAAC,CAAC,GAAG;AACxC,CAAC,CAAC,CAAC,CAAC,IAAI,CAAC,IAAI,CAAC,CAAC,CAAC,GAAG,CAAC,IAAI,CAAC,IAAI,CAAC,CAAC,CAAC,CAAC,IAAI,CAAC,KAAK,CAAC,CAAC,CAAC,CAAC,IAAI;AACnD,CAAC,CAAC;;AAEF,CAAC,CAAC,CAAC,CAAC;AACJ,CAAC,CAAC,CAAC,CAAC,CAAC,QAAQ,CAAC,QAAQ,CAAC,IAAI,CAAC,OAAO,CAAC,QAAQ,CAAC,EAAE,CAAC;AAChD,CAAC,CAAC,CAAC,CAAC,CAAC,IAAI,CAAC,IAAI,CAAC,KAAK,CAAC,EAAE,CAAC,GAAG,CAAC,OAAO,CAAC,MAAM;AAC1C,CAAC,CAAC,CAAC,CAAC;AACJ,CAAC,CAAC,CAAC,CAAC,CAAC,CAAC,OAAO,CAAC,CAAC,MAAM,CAAC,CAAC,GAAG,CAAC,IAAI,CAAC,KAAK,CAAC,EAAE,CAAC,GAAG,CAAC,IAAI,CAAC;AAClD,CAAC,CAAC,CAAC,CAAC;AACJ,CAAC,CAAC,IAAI,CAAC,CAAC,CAAC,QAAQ,CAAC,CAAC,CAAC,CAAC,CAAC,CAAC,CAAC;AACxB,CAAC,CAAC,CAAC,CAAC,MAAM,CAAC,aAAa,CAAC,IAAI,CAAC,MAAM,CAAC,KAAK,CAAC,CAAC,IAAI,CAAC,SAAS;AAC1D,CAAC,CAAC,CAAC;;AAEH,CAAC,CAAC,CAAC,CAAC;AACJ,CAAC,CAAC,CAAC,CAAC,CAAC,QAAQ,CAAC,QAAQ,CAAC,IAAI,CAAC,OAAO,CAAC,EAAE,CAAC,KAAK,CAAC,EAAE,CAAC;AAChD,CAAC,CAAC,CAAC,CAAC,CAAC,UAAU,CAAC,GAAG,CAAC,IAAI,CAAC,GAAG,CAAC,KAAK,CAAC,EAAE,CAAC,IAAI,CAAC;AAC3C,CAAC,CAAC,CAAC,CAAC,CAAC,EAAE,CAAC,GAAG,CAAC,IAAI,CAAC,IAAI,CAAC,CAAC,SAAS,CAAC,IAAI,CAAC,GAAG,CAAC,MAAM;AAChD,CAAC,CAAC,CAAC;AACH,CAAC,CAAC,CAAC,CAAC,CAAC,CAAC,OAAO,CAAC,CAAC,KAAK,CAAC,CAAC,EAAE,CAAC,KAAK,CAAC,EAAE,CAAC,OAAO,CAAC;AAC1C,CAAC,CAAC,CAAC,CAAC,CAAC,GAAG,CAAC,IAAI,CAAC,GAAG,CAAC,KAAK,CAAC,EAAE,CAAC,IAAI,CAAC,QAAQ,CAAC,KAAK,CAAC,EAAE,CAAC,GAAG,CAAC,OAAO,CAAC,MAAM;AACpE,CAAC,CAAC,CAAC,CAAC;AACJ,CAAC,CAAC,QAAQ,CAAC,CAAC,CAAC,QAAQ,CAAC,CAAC,CAAC,CAAC,CAAC,CAAC,CAAC;AAC5B,CAAC,CAAC,CAAC,CAAC,KAAK,CAAC,IAAI,CAAC,CAAC,CAAC,CAAC;AAClB,CAAC,CAAC,CAAC,CAAC,IAAI,CAAC,IAAI,CAAC;AACd,CAAC,CAAC,CAAC,CAAC,CAAC,CAAC,IAAI,CAAC,CAAC,CAAC,IAAI,CAAC;AAClB,CAAC,CAAC,CAAC,CAAC,CAAC,CAAC,KAAK,CAAC,CAAC,IAAI,CAAC;AAClB,CAAC,CAAC,CAAC,CAAC,CAAC;AACL,CAAC,CAAC,CAAC,CAAC,GAAG,CAAC,CAAC,KAAK,CAAC,CAAC,QAAQ,CAAC,CAAC,KAAK,CAAC,CAAC,EAAE,CAAC,MAAM,CAAC,OAAO,CAAC,IAAI,CAAC,WAAW,CAAC,CAAC,CAAC;AACtE,CAAC,CAAC,CAAC,CAAC,CAAC,CAAC,IAAI,CAAC,IAAI,CAAC;AAChB,CAAC,CAAC,CAAC,CAAC,CAAC,CAAC,CAAC,CAAC,IAAI,CAAC,CAAC,eAAe,CAAC,QAAQ,CAAC;AACvC,CAAC,CAAC,CAAC,CAAC,CAAC,CAAC,CAAC,CAAC,KAAK,CAAC,CAAC,aAAa,CAAC,IAAI,CAAC,MAAM,CAAC,KAAK,CAAC,CAAC,KAAK;AACrD,CAAC,CAAC,CAAC,CAAC,CAAC,CAAC,CAAC;AACP,CAAC,CAAC,CAAC,CAAC;AACJ,CAAC,CAAC,CAAC,CAAC,MAAM,CAAC;AACX,CAAC,CAAC;AACF,CAAC,CAAC;;AAEF,CAAC,CAAC,CAAC,CAAC;AACJ,CAAC,CAAC,CAAC,CAAC,CAAC,OAAO,CAAC,GAAG,CAAC,MAAM,CAAC,EAAE,CAAC,GAAG,CAAC,IAAI,CAAC,IAAI,CAAC,KAAK,CAAC,EAAE,CAAC,GAAG,CAAC,OAAO,CAAC,MAAM;AACpE,CAAC,CAAC,CAAC,CAAC,CAAC,GAAG,CAAC,MAAM,CAAC,GAAG,CAAC,UAAU,CAAC,EAAE,CAAC,WAAW,CAAC,GAAG,CAAC,KAAK,CAAC,EAAE,CAAC,IAAI,CAAC;AAChE,CAAC,CAAC,CAAC,CAAC,CAAC,GAAG,CAAC,IAAI,CAAC,EAAE,CAAC,GAAG,CAAC,MAAM,CAAC,EAAE,CAAC,GAAG,CAAC,IAAI,CAAC,IAAI;AAC5C,CAAC,CAAC,CAAC;AACH,CAAC,CAAC,CAAC,CAAC,CAAC,CAAC,OAAO,CAAC,CAAC,MAAM,CAAC,CAAC,EAAE,CAAC,WAAW,CAAC,KAAK,CAAC,UAAU,CAAC,OAAO,CAAC,GAAG,CAAC,QAAQ,CAAC,KAAK,CAAC,EAAE,CAAC,KAAK,CAAC;AAC3F,CAAC,CAAC,CAAC,CAAC;AACJ,CAAC,CAAC,SAAS,CAAC,CAAC,CAAC;AACd,CAAC,CAAC,CAAC,CAAC,KAAK,CAAC,MAAM,CAAC,CAAC,CAAC;AACnB,CAAC,CAAC,CAAC,CAAC,CAAC,CAAC,OAAO,CAAC,CAAC,CAAC;AAChB,CAAC,CAAC,CAAC,CAAC,CAAC,CAAC,GAAG,CAAC,CAAC,CAAC;AACZ,CAAC,CAAC,CAAC,CAAC,CAAC,CAAC,YAAY,CAAC,CAAC,CAAC;AACrB,CAAC,CAAC,CAAC,CAAC,CAAC,CAAC,aAAa,CAAC,CAAC,CAAC;AACtB,CAAC,CAAC,CAAC,CAAC,CAAC,CAAC,MAAM,CAAC,CAAC,CAAC;AACf,CAAC,CAAC,CAAC,CAAC,CAAC,CAAC,KAAK,CAAC,CAAC,CAAC;AACd,CAAC,CAAC,CAAC,CAAC,CAAC,CAAC,IAAI,CAAC,CAAC;AACZ,CAAC,CAAC,CAAC,CAAC;AACJ,CAAC,CAAC,CAAC,CAAC,GAAG,CAAC,CAAC,KAAK,CAAC,CAAC,QAAQ,CAAC,CAAC,KAAK,CAAC,CAAC,EAAE,
[...]
      "names": [],
      "ignoreList": [],
      "sources": [
        "/home/juli22/school/proj/web-server/src/views/RegisterView.vue"
      ],
      "file": "/home/juli22/school/proj/web-server/src/views/RegisterView.vue"
    },
    "_coverageSchema": "1a1c01bbd47fc00a2c39e90264f33305004495a9",
    "hash": "8cea1e9dc5728d3dee9c952501bd2a320aa8afff"
  },
  "/home/juli22/school/proj/web-server/src/router/index.js": {
    "path": "/home/juli22/school/proj/web-server/src/router/index.js",
    "statementMap": {
      "0": {
        "start": {
          "line": 6,
          "column": 22
        },
        "end": {
          "line": 30,
          "column": 1
        }
      },
      "1": {
        "start": {
          "line": 33,
          "column": 15
        },
        "end": {
          "line": 36,
          "column": 2
        }
      },
      "2": {
        "start": {
          "line": 46,
          "column": 16
        },
        "end": {
          "line": 46,
          "column": 39
        }
      },
      "3": {
        "start": {
          "line": 48,
          "column": 2
        },
        "end": {
          "line": 48,
          "column": 40
        }
      },
      "4": {
        "start": {
          "line": 59,
          "column": 16
        },
        "end": {
          "line": 59,
          "column": 39
        }
      },
      "5": {
        "start": {
          "line": 60,
          "column": 2
        },
        "end": {
          "line": 60,
          "column": 38
        }
      },
      "6": {
        "start": {
          "line": 63,
          "column": 0
        },
        "end": {
          "line": 75,
          "column": 2
        }
      },
      "7": {
        "start": {
          "line": 64,
          "column": 22
        },
        "end": {
          "line": 64,
          "column": 57
        }
      },
      "8": {
        "start": {
          "line": 66,
          "column": 2
        },
        "end": {
          "line": 68,
          "column": 3
        }
      },
      "9": {
        "start": {
          "line": 67,
          "column": 4
        },
        "end": {
          "line": 67,
          "column": 25
        }
      },
      "10": {
        "start": {
          "line": 70,
          "column": 2
        },
        "end": {
          "line": 72,
          "column": 3
        }
      },
      "11": {
        "start": {
          "line": 71,
          "column": 4
        },
        "end": {
          "line": 71,
          "column": 20
        }
      },
      "12": {
        "start": {
          "line": 74,
          "column": 2
        },
        "end": {
          "line": 74,
          "column": 8
        }
      }
    },
    "fnMap": {
      "0": {
        "name": "redirectToLogin",
        "decl": {
          "start": {
            "line": 45,
            "column": 9
          },
          "end": {
            "line": 45,
            "column": 24
          }
        },
        "loc": {
          "start": {
            "line": 45,
            "column": 38
          },
          "end": {
            "line": 49,
            "column": 1
          }
        },
        "line": 45
      },
      "1": {
        "name": "redirectToHome",
        "decl": {
          "start": {
            "line": 58,
            "column": 9
          },
          "end": {
            "line": 58,
            "column": 23
          }
        },
        "loc": {
          "start": {
            "line": 58,
            "column": 37
          },
          "end": {
            "line": 61,
            "column": 1
          }
        },
        "line": 58
      },
      "2": {
        "name": "(anonymous_2)",
        "decl": {
          "start": {
            "line": 63,
            "column": 18
          },
          "end": {
            "line": 63,
            "column": 19
          }
        },
        "loc": {
          "start": {
            "line": 63,
            "column": 38
          },
          "end": {
            "line": 75,
            "column": 1
          }
        },
        "line": 63
      }
    },
    "branchMap": {
      "0": {
        "loc": {
          "start": {
            "line": 48,
            "column": 9
          },
          "end": {
            "line": 48,
            "column": 40
          }
        },
        "type": "binary-expr",
        "locations": [
          {
            "start": {
              "line": 48,
              "column": 9
            },
            "end": {
              "line": 48,
              "column": 30
            }
          },
          {
            "start": {
              "line": 48,
              "column": 34
            },
            "end": {
              "line": 48,
              "column": 40
            }
          }
        ],
        "line": 48
      },
      "1": {
        "loc": {
          "start": {
            "line": 60,
            "column": 9
          },
          "end": {
            "line": 60,
            "column": 38
          }
        },
        "type": "binary-expr",
        "locations": [
          {
            "start": {
              "line": 60,
              "column": 9
            },
            "end": {
              "line": 60,
              "column": 29
            }
          },
          {
            "start": {
              "line": 60,
              "column": 33
            },
            "end": {
              "line": 60,
              "column": 38
            }
          }
        ],
        "line": 60
      },
      "2": {
        "loc": {
          "start": {
            "line": 66,
            "column": 2
          },
          "end": {
            "line": 68,
            "column": 3
          }
        },
        "type": "if",
        "locations": [
          {
            "start": {
              "line": 66,
              "column": 2
            },
            "end": {
              "line": 68,
              "column": 3
            }
          },
          {
            "start": {},
            "end": {}
          }
        ],
        "line": 66
      },
      "3": {
        "loc": {
          "start": {
            "line": 70,
            "column": 2
          },
          "end": {
            "line": 72,
            "column": 3
          }
        },
        "type": "if",
        "locations": [
          {
            "start": {
              "line": 70,
              "column": 2
            },
            "end": {
              "line": 72,
              "column": 3
            }
          },
          {
            "start": {},
            "end": {}
          }
        ],
        "line": 70
      }
    },
    "s": {
      "0": 5,
      "1": 5,
      "2": 6,
      "3": 6,
      "4": 5,
      "5": 5,
      "6": 5,
      "7": 6,
      "8": 6,
      "9": 1,
      "10": 5,
      "11": 0,
      "12": 5
    },
    "f": {
      "0": 6,
      "1": 5,
      "2": 6
    },
    "b": {
      "0": [
        6,
        5
      ],
      "1": [
        5,
        1
      ],
      "2": [
        1,
        5
      ],
      "3": [
        0,
        5
      ]
    },
    "inputSourceMap": {
      "version": 3,
      "sources": [
        "/home/juli22/school/proj/web-server/src/router/index.js"
      ],
      "names": [],
      "mappings": "AAAA,MAAM,CAAC,CAAC,CAAC,YAAY,CAAC,CAAC,gBAAgB,CAAC,CAAC,CAAC,IAAI,CAAC,CAAC,GAAG,CAAC,MAAM;AAC1D,MAAM,CAAC,QAAQ,CAAC,IAAI,CAAC,CAAC,CAAC,CAAC,CAAC,KAAK,CAAC,QAAQ,CAAC,GAAG;AAC3C,MAAM,CAAC,SAAS,CAAC,IAAI,CAAC,CAAC,CAAC,CAAC,CAAC,KAAK,CAAC,SAAS,CAAC,GAAG;AAC7C,MAAM,CAAC,YAAY,CAAC,IAAI,CAAC,CAAC,CAAC,CAAC,CAAC,KAAK,CAAC,YAAY,CAAC,GAAG;;AAEnD,MAAM,CAAC,KAAK,CAAC,MAAM,CAAC,CAAC,CAAC;AACtB,CAAC,CAAC;AACF,CAAC,CAAC,CAAC,CAAC,IAAI,CAAC,CAAC,CAAC,CAAC,KAAK,CAAC;AAClB,CAAC,CAAC,CAAC,CAAC,IAAI,CAAC,CAAC,CAAC,KAAK,CAAC;AACjB,CAAC,CAAC,CAAC,CAAC,SAAS,CAAC,CAAC,SAAS;AACxB,CAAC,CAAC,CAAC;AACH,CAAC,CAAC;AACF,CAAC,CAAC,CAAC,CAAC,IAAI,CAAC,CAAC,CAAC,CAAC,QAAQ,CAAC;AACrB,CAAC,CAAC,CAAC,CAAC,IAAI,CAAC,CAAC,CAAC,QAAQ,CAAC;AACpB,CAAC,CAAC,CAAC,CAAC,SAAS,CAAC,CAAC,YAAY;AAC3B,CAAC,CAAC,CAAC;AACH,CAAC,CAAC;AACF,CAAC,CAAC,CAAC,CAAC,IAAI,CAAC,CAAC,CAAC,CAAC,CAAC;AACb,CAAC,CAAC,CAAC,CAAC,IAAI,CAAC,CAAC,CAAC,IAAI,CAAC;AAChB,CAAC,CAAC,CAAC,CAAC,SAAS,CAAC,CAAC,QAAQ;AACvB,CAAC,CAAC,CAAC;AACH,CAAC,CAAC,CAAC,CAAC,CAAC;AACL,CAAC,CAAC,CAAC,CAAC,CAAC,CAAC,CAAC,IAAI,CAAC,CAAC,CAAC,CAAC,KAAK,CAAC;AACrB,CAAC,CAAC,CAAC,CAAC,CAAC,CAAC,CAAC,IAAI,CAAC,CAAC,CAAC,KAAK,CAAC;AACpB,CAAC,CAAC,CAAC,CAAC,CAAC,CAAC,CAAC,CAAC,CAAC,CAAC,KAAK,CAAC,KAAK,CAAC,IAAI,CAAC;AAC3B,CAAC,CAAC,CAAC,CAAC,CAAC,CAAC,CAAC,CAAC,CAAC,CAAC,IAAI,CAAC,SAAS,CAAC,CAAC,CAAC,QAAQ,CAAC,KAAK,CAAC,CAAC,KAAK,CAAC,CAAC,IAAI,CAAC,CAAC,EAAE,CAAC,CAAC,GAAG,CAAC,IAAI,CAAC;AACrE,CAAC,CAAC,CAAC,CAAC,CAAC,CAAC,CAAC,CAAC,CAAC,CAAC,KAAK,CAAC,EAAE,CAAC,IAAI,CAAC,MAAM,CAAC,IAAI,CAAC,GAAG,CAAC,KAAK,CAAC,EAAE,CAAC,OAAO;AACxD,CAAC,CAAC,CAAC,CAAC,CAAC,CAAC,CAAC,CAAC,CAAC,CAAC,SAAS,CAAC,CAAC,CAAC,CAAC,CAAC,CAAC,CAAC,CAAC,MAAM,CAAC,CAAC,CAAC,CAAC,CAAC,KAAK,CAAC,SAAS,CAAC,GAAG,CAAC,CAAC;AAC3D,CAAC,CAAC,CAAC,CAAC,CAAC,CAAC;AACN;;;AAGA,KAAK,CAAC,MAAM,CAAC,CAAC,CAAC,YAAY,CAAC;AAC5B,CAAC,CAAC,OAAO,CAAC,CAAC,gBAAgB,CAAC,MAAM,CAAC,IAAI,CAAC,GAAG,CAAC,QAAQ,CAAC;AACrD,CAAC,CAAC;AACF,CAAC;;AAED,CAAC,CAAC;AACF,CAAC,CAAC,CAAC,MAAM,CAAC,EAAE,CAAC,GAAG,CAAC,IAAI,CAAC,MAAM,CAAC,EAAE,CAAC,UAAU,CAAC,EAAE,CAAC,GAAG,CAAC,KAAK,CAAC;AACxD,CAAC;AACD,CAAC,CAAC,CAAC,CAAC,KAAK,CAAC,CAAC,MAAM,CAAC,CAAC,IAAI,CAAC,CAAC,CAAC,GAAG,CAAC,IAAI,CAAC,EAAE,CAAC;AACtC,CAAC,CAAC,CAAC,CAAC,KAAK,CAAC,CAAC,MAAM,CAAC,CAAC,KAAK,CAAC,CAAC,CAAC,GAAG,CAAC,MAAM,CAAC;AACtC,CAAC,CAAC,CAAC,CAAC,OAAO,CAAC,CAAC,OAAO,CAAC,CAAC,CAAC,CAAC,IAAI,CAAC,EAAE,CAAC,GAAG,CAAC,IAAI,CAAC,MAAM,CAAC,EAAE,CAAC,UAAU,CAAC,EAAE,CAAC,GAAG,CAAC,KAAK,CAAC;AAC3E,CAAC,CAAC;AACF,QAAQ,CAAC,eAAe,CAAC,IAAI,CAAC,CAAC,KAAK,CAAC,CAAC;AACtC,CAAC,CAAC,KAAK,CAAC,KAAK,CAAC,CAAC,CAAC,CAAC,CAAC,CAAC,KAAK,CAAC,CAAC,CAAC,CAAC,CAAC,QAAQ,CAAC;;AAEtC,CAAC,CAAC,MAAM,CAAC,CAAC,KAAK,CAAC,QAAQ,CAAC,IAAI,CAAC,CAAC,CAAC,CAAC,CAAC,CAAC;AACnC;;AAEA,CAAC,CAAC;AACF,CAAC,CAAC,CAAC,MAAM,CAAC,EAAE,CAAC,GAAG,CAAC,IAAI,CAAC,MAAM,CAAC,EAAE,CAAC,UAAU,CAAC,EAAE,CAAC,GAAG,CAAC,IAAI,CAAC;AACvD,CAAC;AACD,CAAC,CAAC,CAAC,CAAC,KAAK,CAAC,CAAC,MAAM,CAAC,CAAC,IAAI,CAAC,CAAC,CAAC,GAAG,CAAC,IAAI,CAAC,EAAE,CAAC;AACtC,CAAC,CAAC,CAAC,CAAC,KAAK,CAAC,CAAC,MAAM,CAAC,CAAC,KAAK,CAAC,CAAC,CAAC,GAAG,CAAC,MAAM,CAAC;AACtC,CAAC,CAAC,CAAC,CAAC,OAAO,CAAC,CAAC,OAAO,CAAC,CAAC,CAAC,CAAC,IAAI,CAAC,EAAE,CAAC,GAAG,CAAC,IAAI,CAAC,MAAM,CAAC,EAAE,CAAC,UAAU,CAAC,EAAE,CAAC,GAAG,CAAC,IAAI,CAAC;AAC1E,CAAC,CAAC;AACF,QAAQ,CAAC,cAAc,CAAC,IAAI,CAAC,CAAC,KAAK,CAAC,CAAC;AACrC,CAAC,CAAC,KAAK,CAAC,KAAK,CAAC,CAAC,CAAC,CAAC,CAAC,CAAC,KAAK,CAAC,CAAC,CAAC,CAAC,CAAC,QAAQ,CAAC,CAAC,CAAC,CAAC,CAAC,CAAC,IAAI,CAAC,QAAQ,CAAC,CAAC,KAAK,CAAC,EAAE,CAAC,CAAC,CAAC,MAAM,CAAC,EAAE,CAAC,WAAW,CAAC,EAAE,CAAC,GAAG,CAAC;AAClG,CAAC,CAAC,MAAM,CAAC,KAAK,CAAC,QAAQ,CAAC,IAAI,CAAC,CAAC,CAAC,CAAC,CAAC;AACjC;;AAEA,MAAM,CAAC,UAAU,CAAC,CAAC,EAAE,CAAC,CAAC,IAAI,CAAC,CAAC,IAAI,CAAC,CAAC,CAAC,CAAC,CAAC;AACtC,CAAC,CAAC,KAAK,CAAC,WAAW,CAAC,CAAC,CAAC,YAAY,CAAC,OAAO,CAAC,CAAC,WAAW,CAAC;;AAExD,CAAC,CAAC,EAAE,CAAC,CAAC,eAAe,CAAC,EAAE,CAAC,IAAI,CAAC,CAAC,WAAW,CAAC,CAAC,CAAC;AAC7C,CAAC,CAAC,CAAC,CAAC,MAAM,CAAC,IAAI,CAAC,CAAC,CAAC,KAAK,CAAC;AACxB,CAAC,CAAC;;AAEF,CAAC,CAAC,EAAE,CAAC,CAAC,cAAc,CAAC,EAAE,CAAC,IAAI,CAAC,CAAC,WAAW,CAAC,CAAC,CAAC;AAC5C,CAAC,CAAC,CAAC,CAAC,MAAM,CAAC,IAAI,CAAC,CAAC,CAAC,CAAC;AACnB,CAAC,CAAC;;AAEF,CAAC,CAAC,IAAI,CAAC;AACP,CAAC;;AAED,MAAM,CAAC,OAAO,CAAC;"
    },
    "_coverageSchema": "1a1c01bbd47fc00a2c39e90264f33305004495a9",
    "hash": "f8b28b25b86f3b0d9519da6ab87f6d431c528087"
  },
  "/home/juli22/school/proj/web-server/src/main.js": {
    "path": "/home/juli22/school/proj/web-server/src/main.js",
    "statementMap": {
      "0": {
        "start": {
          "line": 38,
          "column": 12
        },
        "end": {
          "line": 38,
          "column": 26
        }
      },
      "1": {
        "start": {
          "line": 41,
          "column": 13
        },
        "end": {
          "line": 45,
          "column": 2
        }
      },
      "2": {
        "start": {
          "line": 48,
          "column": 0
        },
        "end": {
          "line": 52,
          "column": 2
        }
      },
      "3": {
        "start": {
          "line": 54,
          "column": 0
        },
        "end": {
          "line": 54,
          "column": 31
        }
      },
      "4": {
        "start": {
          "line": 55,
          "column": 0
        },
        "end": {
          "line": 55,
          "column": 35
        }
      },
      "5": {
        "start": {
          "line": 56,
          "column": 0
        },
        "end": {
          "line": 56,
          "column": 39
        }
      },
      "6": {
        "start": {
          "line": 57,
          "column": 0
        },
        "end": {
          "line": 57,
          "column": 27
        }
      },
      "7": {
        "start": {
          "line": 58,
          "column": 0
        },
        "end": {
          "line": 58,
          "column": 37
        }
      },
      "8": {
        "start": {
          "line": 59,
          "column": 0
        },
        "end": {
          "line": 59,
          "column": 41
        }
      },
      "9": {
        "start": {
          "line": 60,
          "column": 0
        },
        "end": {
          "line": 60,
          "column": 31
        }
      },
      "10": {
        "start": {
          "line": 61,
          "column": 0
        },
        "end": {
          "line": 61,
          "column": 31
        }
      },
      "11": {
        "start": {
          "line": 62,
          "column": 0
        },
        "end": {
          "line": 62,
          "column": 37
        }
      },
      "12": {
        "start": {
          "line": 63,
          "column": 0
        },
        "end": {
          "line": 63,
          "column": 47
        }
      },
      "13": {
        "start": {
          "line": 64,
          "column": 0
        },
        "end": {
          "line": 64,
          "column": 49
        }
      },
      "14": {
        "start": {
          "line": 65,
          "column": 0
        },
        "end": {
          "line": 65,
          "column": 51
        }
      },
      "15": {
        "start": {
          "line": 67,
          "column": 0
        },
        "end": {
          "line": 67,
          "column": 37
        }
      },
      "16": {
        "start": {
          "line": 68,
          "column": 0
        },
        "end": {
          "line": 68,
          "column": 37
        }
      },
      "17": {
        "start": {
          "line": 71,
          "column": 0
        },
        "end": {
          "line": 71,
          "column": 43
        }
      },
      "18": {
        "start": {
          "line": 72,
          "column": 0
        },
        "end": {
          "line": 72,
          "column": 29
        }
      },
      "19": {
        "start": {
          "line": 74,
          "column": 0
        },
        "end": {
          "line": 74,
          "column": 43
        }
      },
      "20": {
        "start": {
          "line": 75,
          "column": 0
        },
        "end": {
          "line": 75,
          "column": 28
        }
      },
      "21": {
        "start": {
          "line": 78,
          "column": 0
        },
        "end": {
          "line": 78,
          "column": 21
        }
      },
      "22": {
        "start": {
          "line": 80,
          "column": 0
        },
        "end": {
          "line": 80,
          "column": 22
        }
      },
      "23": {
        "start": {
          "line": 81,
          "column": 0
        },
        "end": {
          "line": 81,
          "column": 15
        }
      },
      "24": {
        "start": {
          "line": 83,
          "column": 0
        },
        "end": {
          "line": 83,
          "column": 17
        }
      }
    },
    "fnMap": {},
    "branchMap": {},
    "s": {
      "0": 5,
      "1": 5,
      "2": 5,
      "3": 5,
      "4": 5,
      "5": 5,
      "6": 5,
      "7": 5,
      "8": 5,
      "9": 5,
      "10": 5,
      "11": 5,
      "12": 5,
      "13": 5,
      "14": 5,
      "15": 5,
      "16": 5,
      "17": 5,
      "18": 5,
      "19": 5,
      "20": 5,
      "21": 5,
      "22": 5,
      "23": 5,
      "24": 5
    },
    "f": {},
    "b": {},
    "inputSourceMap": {
      "version": 3,
      "sources": [
        "/home/juli22/school/proj/web-server/src/main.js"
      ],
      "names": [],
      "mappings": "AAAA,MAAM,CAAC,CAAC,CAAC,CAAC,MAAM,CAAC,IAAI,CAAC,GAAG;AACzB,MAAM,CAAC,CAAC,UAAU,CAAC,UAAU,CAAC,GAAG;;AAEjC,MAAM,CAAC,CAAC,CAAC,SAAS,CAAC,CAAC,CAAC,IAAI,CAAC,CAAC,GAAG;AAC9B,MAAM,CAAC,CAAC,CAAC,WAAW,CAAC,CAAC,CAAC,IAAI,CAAC,CAAC,KAAK;AAClC,MAAM,CAAC,QAAQ,CAAC,IAAI,CAAC,CAAC,QAAQ,CAAC,MAAM;AACrC,MAAM,CAAC,CAAC,CAAC,YAAY,CAAC,CAAC,CAAC,IAAI,CAAC,CAAC,CAAC,QAAQ,CAAC,MAAM;AAC9C,MAAM,CAAC,IAAI,CAAC,IAAI,CAAC,CAAC,CAAC,QAAQ,CAAC,MAAM,CAAC,IAAI;AACvC,MAAM,CAAC,CAAC,CAAC,OAAO,CAAC,CAAC,CAAC,IAAI,CAAC,CAAC,CAAC,CAAC,MAAM,CAAC,MAAM;AACxC,MAAM,CAAC,KAAK,CAAC,IAAI,CAAC,CAAC,QAAQ,CAAC,KAAK;AACjC,MAAM,CAAC,YAAY,CAAC,IAAI,CAAC,CAAC,QAAQ,CAAC,YAAY;AAC/C,MAAM,CAAC,mBAAmB,CAAC,IAAI,CAAC,CAAC,QAAQ,CAAC,mBAAmB;AAC7D,MAAM,CAAC,GAAG,CAAC,IAAI,CAAC,CAAC,CAAC,CAAC,GAAG,CAAC,GAAG;AAC1B,MAAM,CAAC,MAAM,CAAC,IAAI,CAAC,CAAC,CAAC,CAAC,MAAM;AAC5B,MAAM,CAAC,MAAM,CAAC,IAAI,CAAC,CAAC,QAAQ,CAAC,MAAM;AACnC,MAAM,CAAC,QAAQ,CAAC,IAAI,CAAC,CAAC,QAAQ,CAAC,QAAQ;AACvC,MAAM,CAAC,UAAU,CAAC,IAAI,CAAC,CAAC,QAAQ,CAAC,UAAU;AAC3C,MAAM,CAAC,CAAC,CAAC,IAAI,CAAC,CAAC,CAAC,IAAI,CAAC,CAAC,CAAC,QAAQ,CAAC,KAAK;AACrC,MAAM,CAAC,SAAS,CAAC,IAAI,CAAC,CAAC,QAAQ,CAAC,SAAS;AACzC,MAAM,CAAC,WAAW,CAAC,IAAI,CAAC,CAAC,QAAQ,CAAC,WAAW;AAC7C,MAAM,CAAC,YAAY,CAAC,IAAI,CAAC,CAAC,QAAQ,CAAC,YAAY;AAC/C,MAAM,CAAC,MAAM,CAAC,IAAI,CAAC,CAAC,QAAQ,CAAC,MAAM;AACnC,MAAM,CAAC,MAAM,CAAC,IAAI,CAAC,CAAC,QAAQ,CAAC,MAAM;AACnC,MAAM,CAAC,SAAS,CAAC,IAAI,CAAC,CAAC,QAAQ,CAAC,SAAS;AACzC,MAAM,CAAC,cAAc,CAAC,IAAI,CAAC,CAAC,QAAQ,CAAC,cAAc;AACnD,MAAM,CAAC,eAAe,CAAC,IAAI,CAAC,CAAC,QAAQ,CAAC,eAAe;AACrD,MAAM,CAAC,gBAAgB,CAAC,IAAI,CAAC,CAAC,QAAQ,CAAC,gBAAgB;AACvD,MAAM,CAAC,SAAS,CAAC,IAAI,CAAC,CAAC,QAAQ,CAAC,SAAS;AACzC,MAAM,CAAC,SAAS,CAAC,IAAI,CAAC,CAAC,QAAQ,CAAC,SAAS;AACzC,MAAM,CAAC,YAAY,CAAC,IAAI,CAAC,CAAC,QAAQ,CAAC,YAAY;;;;;AAK/C,CAAC,CAAC,CAAC,MAAM,CAAC,WAAW,CAAC,IAAI,CAAC,CAAC,QAAQ,CAAC,WAAW;;;AAGhD,KAAK,CAAC,GAAG,CAAC,CAAC,CAAC,SAAS,CAAC,GAAG;;;AAGzB,KAAK,CAAC,IAAI,CAAC,CAAC,CAAC,YAAY,CAAC,IAAI,CAAC,CAAC;AAChC,CAAC,CAAC,QAAQ,CAAC,CAAC;AACZ,CAAC,CAAC,CAAC,CAAC,OAAO,CAAC,CAAC;AACb,CAAC,CAAC;AACF,CAAC;;;AAGD,GAAG,CAAC,GAAG,CAAC,QAAQ,CAAC,CAAC;AAClB,CAAC,CAAC,KAAK,CAAC,CAAC;AACT,CAAC,CAAC,CAAC,CAAC,MAAM,CAAC,CAAC;AACZ,CAAC,CAAC;AACF,CAAC;;AAED,GAAG,CAAC,SAAS,CAAC,CAAC,MAAM,CAAC,CAAC,CAAC,MAAM;AAC9B,GAAG,CAAC,SAAS,CAAC,CAAC,QAAQ,CAAC,CAAC,CAAC,QAAQ;AAClC,GAAG,CAAC,SAAS,CAAC,CAAC,UAAU,CAAC,CAAC,CAAC,UAAU;AACtC,GAAG,CAAC,SAAS,CAAC,CAAC,IAAI,CAAC,CAAC,CAAC,IAAI;AAC1B,GAAG,CAAC,SAAS,CAAC,CAAC,SAAS,CAAC,CAAC,CAAC,SAAS;AACpC,GAAG,CAAC,SAAS,CAAC,CAAC,WAAW,CAAC,CAAC,CAAC,WAAW;AACxC,GAAG,CAAC,SAAS,CAAC,CAAC,MAAM,CAAC,CAAC,CAAC,MAAM;AAC9B,GAAG,CAAC,SAAS,CAAC,CAAC,MAAM,CAAC,CAAC,CAAC,MAAM;AAC9B,GAAG,CAAC,SAAS,CAAC,CAAC,SAAS,CAAC,CAAC,CAAC,SAAS;AACpC,GAAG,CAAC,SAAS,CAAC,CAAC,cAAc,CAAC,CAAC,CAAC,cAAc;AAC9C,GAAG,CAAC,SAAS,CAAC,CAAC,eAAe,CAAC,CAAC,CAAC,eAAe;AAChD,GAAG,CAAC,SAAS,CAAC,CAAC,gBAAgB,CAAC,CAAC,CAAC,gBAAgB;;AAElD,GAAG,CAAC,SAAS,CAAC,CAAC,SAAS,CAAC,CAAC,CAAC,SAAS;AACpC,GAAG,CAAC,SAAS,CAAC,CAAC,SAAS,CAAC,CAAC,CAAC,SAAS;;;AAGpC,GAAG,CAAC,SAAS,CAAC,CAAC,YAAY,CAAC,CAAC,CAAC,YAAY;AAC1C,GAAG,CAAC,SAAS,CAAC,CAAC,KAAK,CAAC,CAAC,CAAC,KAAK;;AAE5B,GAAG,CAAC,SAAS,CAAC,CAAC,YAAY,CAAC,CAAC,CAAC,YAAY;AAC1C,GAAG,CAAC,GAAG,CAAC,mBAAmB;;;AAG3B,GAAG,CAAC,GAAG,CAAC,YAAY;;AAEpB,GAAG,CAAC,GAAG,CAAC,WAAW,CAAC,CAAC;AACrB,GAAG,CAAC,GAAG,CAAC,MAAM;;AAEd,GAAG,CAAC,KAAK,CAAC,CAAC,CAAC,GAAG,CAAC;"
    },
    "_coverageSchema": "1a1c01bbd47fc00a2c39e90264f33305004495a9",
    "hash": "4b22909d897c8743e6a0fcb75672c2533b9622e9"
  }
}