{
  "/home/juli22/school/proj/web-server/src/colors.js": {
    "path": "/home/juli22/school/proj/web-server/src/colors.js",
    "statementMap": {
      "0": {
        "start": {
          "line": 1,
          "column": 23
        },
        "end": {
          "line": 13,
          "column": 1
        }
      }
    },
    "fnMap": {},
    "branchMap": {},
    "s": {
      "0": 1
    },
    "f": {},
    "b": {},
    "inputSourceMap": {
      "version": 3,
      "sources": [
        "/home/juli22/school/proj/web-server/src/colors.js"
      ],
      "names": [],
      "mappings": "AAAA,MAAM,CAAC,KAAK,CAAC,OAAO,CAAC,CAAC,CAAC;AACvB,CAAC,CAAC,EAAE,CAAC,CAAC,CAAC,CAAC,MAAM,CAAC;AACf,CAAC,CAAC,GAAG,CAAC,CAAC,CAAC,CAAC,MAAM,CAAC;AAChB,CAAC,CAAC,GAAG,CAAC,CAAC,CAAC,CAAC,MAAM,CAAC;AAChB,CAAC,CAAC,GAAG,CAAC,CAAC,CAAC,CAAC,MAAM,CAAC;AAChB,CAAC,CAAC,GAAG,CAAC,CAAC,CAAC,CAAC,MAAM,CAAC;AAChB,CAAC,CAAC,GAAG,CAAC,CAAC,CAAC,CAAC,MAAM,CAAC;AAChB,CAAC,CAAC,GAAG,CAAC,CAAC,CAAC,CAAC,MAAM,CAAC;AAChB,CAAC,CAAC,GAAG,CAAC,CAAC,CAAC,CAAC,MAAM,CAAC;AAChB,CAAC,CAAC,GAAG,CAAC,CAAC,CAAC,CAAC,MAAM,CAAC;AAChB,CAAC,CAAC,GAAG,CAAC,CAAC,CAAC,CAAC,MAAM,CAAC;AAChB,CAAC,CAAC,GAAG,CAAC,CAAC,CAAC,CAAC,MAAM;AACf"
    },
    "_coverageSchema": "1a1c01bbd47fc00a2c39e90264f33305004495a9",
    "hash": "36351b2b09e38f45e070b0aa3a9bc3e768a1c03d"
  },
  "/home/juli22/school/proj/web-server/src/App.vue": {
    "path": "/home/juli22/school/proj/web-server/src/App.vue",
    "statementMap": {
      "0": {
        "start": {
          "line": 4,
          "column": 2
        },
        "end": {
          "line": 8,
          "column": 3
        }
      },
      "1": {
        "start": {
          "line": 5,
          "column": 17
        },
        "end": {
          "line": 5,
          "column": 48
        }
      },
      "2": {
        "start": {
          "line": 6,
          "column": 4
        },
        "end": {
          "line": 6,
          "column": 42
        }
      },
      "3": {
        "start": {
          "line": 7,
          "column": 4
        },
        "end": {
          "line": 7,
          "column": 91
        }
      },
      "4": {
        "start": {
          "line": 9,
          "column": 2
        },
        "end": {
          "line": 9,
          "column": 14
        }
      },
      "5": {
        "start": {
          "line": 11,
          "column": 33
        },
        "end": {
          "line": 11,
          "column": 77
        }
      },
      "6": {
        "start": {
          "line": 12,
          "column": 40
        },
        "end": {
          "line": 12,
          "column": 91
        }
      },
      "7": {
        "start": {
          "line": 18,
          "column": 18
        },
        "end": {
          "line": 29,
          "column": 1
        }
      },
      "8": {
        "start": {
          "line": 21,
          "column": 2
        },
        "end": {
          "line": 21,
          "column": 13
        }
      },
      "9": {
        "start": {
          "line": 24,
          "column": 21
        },
        "end": {
          "line": 24,
          "column": 93
        }
      },
      "10": {
        "start": {
          "line": 24,
          "column": 42
        },
        "end": {
          "line": 24,
          "column": 59
        }
      },
      "11": {
        "start": {
          "line": 24,
          "column": 77
        },
        "end": {
          "line": 24,
          "column": 89
        }
      },
      "12": {
        "start": {
          "line": 25,
          "column": 0
        },
        "end": {
          "line": 25,
          "column": 90
        }
      },
      "13": {
        "start": {
          "line": 26,
          "column": 0
        },
        "end": {
          "line": 26,
          "column": 19
        }
      },
      "14": {
        "start": {
          "line": 32,
          "column": 19
        },
        "end": {
          "line": 35,
          "column": 1
        }
      },
      "15": {
        "start": {
          "line": 38,
          "column": 2
        },
        "end": {
          "line": 45,
          "column": 5
        }
      },
      "16": {
        "start": {
          "line": 49,
          "column": 0
        },
        "end": {
          "line": 49,
          "column": 30
        }
      },
      "17": {
        "start": {
          "line": 50,
          "column": 0
        },
        "end": {
          "line": 50,
          "column": 108
        }
      },
      "18": {
        "start": {
          "line": 51,
          "column": 0
        },
        "end": {
          "line": 53,
          "column": 2
        }
      },
      "19": {
        "start": {
          "line": 52,
          "column": 2
        },
        "end": {
          "line": 52,
          "column": 41
        }
      },
      "20": {
        "start": {
          "line": 54,
          "column": 0
        },
        "end": {
          "line": 62,
          "column": 2
        }
      },
      "21": {
        "start": {
          "line": 55,
          "column": 2
        },
        "end": {
          "line": 55,
          "column": 18
        }
      },
      "22": {
        "start": {
          "line": 55,
          "column": 12
        },
        "end": {
          "line": 55,
          "column": 18
        }
      },
      "23": {
        "start": {
          "line": 56,
          "column": 47
        },
        "end": {
          "line": 56,
          "column": 50
        }
      },
      "24": {
        "start": {
          "line": 57,
          "column": 2
        },
        "end": {
          "line": 61,
          "column": 3
        }
      },
      "25": {
        "start": {
          "line": 58,
          "column": 4
        },
        "end": {
          "line": 58,
          "column": 65
        }
      },
      "26": {
        "start": {
          "line": 60,
          "column": 4
        },
        "end": {
          "line": 60,
          "column": 56
        }
      }
    },
    "fnMap": {
      "0": {
        "name": "_interopVNode",
        "decl": {
          "start": {
            "line": 3,
            "column": 9
          },
          "end": {
            "line": 3,
            "column": 22
          }
        },
        "loc": {
          "start": {
            "line": 3,
            "column": 30
          },
          "end": {
            "line": 10,
            "column": 1
          }
        },
        "line": 3
      },
      "1": {
        "name": "_createVNode",
        "decl": {
          "start": {
            "line": 11,
            "column": 9
          },
          "end": {
            "line": 11,
            "column": 21
          }
        },
        "loc": {
          "start": {
            "line": 11,
            "column": 31
          },
          "end": {
            "line": 11,
            "column": 79
          }
        },
        "line": 11
      },
      "2": {
        "name": "_createElementBlock",
        "decl": {
          "start": {
            "line": 12,
            "column": 9
          },
          "end": {
            "line": 12,
            "column": 28
          }
        },
        "loc": {
          "start": {
            "line": 12,
            "column": 38
          },
          "end": {
            "line": 12,
            "column": 93
          }
        },
        "line": 12
      },
      "3": {
        "name": "(anonymous_3)",
        "decl": {
          "start": {
            "line": 20,
            "column": 2
          },
          "end": {
            "line": 20,
            "column": 3
          }
        },
        "loc": {
          "start": {
            "line": 20,
            "column": 39
          },
          "end": {
            "line": 27,
            "column": 1
          }
        },
        "line": 20
      },
      "4": {
        "name": "(anonymous_4)",
        "decl": {
          "start": {
            "line": 24,
            "column": 23
          },
          "end": {
            "line": 24,
            "column": 24
          }
        },
        "loc": {
          "start": {
            "line": 24,
            "column": 40
          },
          "end": {
            "line": 24,
            "column": 61
          }
        },
        "line": 24
      },
      "5": {
        "name": "(anonymous_5)",
        "decl": {
          "start": {
            "line": 24,
            "column": 63
          },
          "end": {
            "line": 24,
            "column": 64
          }
        },
        "loc": {
          "start": {
            "line": 24,
            "column": 75
          },
          "end": {
            "line": 24,
            "column": 91
          }
        },
        "line": 24
      },
      "6": {
        "name": "_sfc_render",
        "decl": {
          "start": {
            "line": 37,
            "column": 9
          },
          "end": {
            "line": 37,
            "column": 20
          }
        },
        "loc": {
          "start": {
            "line": 37,
            "column": 68
          },
          "end": {
            "line": 46,
            "column": 1
          }
        },
        "line": 37
      },
      "7": {
        "name": "(anonymous_7)",
        "decl": {
          "start": {
            "line": 51,
            "column": 35
          },
          "end": {
            "line": 51,
            "column": 36
          }
        },
        "loc": {
          "start": {
            "line": 51,
            "column": 49
          },
          "end": {
            "line": 53,
            "column": 1
          }
        },
        "line": 51
      },
      "8": {
        "name": "(anonymous_8)",
        "decl": {
          "start": {
            "line": 54,
            "column": 23
          },
          "end": {
            "line": 54,
            "column": 24
          }
        },
        "loc": {
          "start": {
            "line": 54,
            "column": 30
          },
          "end": {
            "line": 62,
            "column": 1
          }
        },
        "line": 54
      }
    },
    "branchMap": {
      "0": {
        "loc": {
          "start": {
            "line": 4,
            "column": 2
          },
          "end": {
            "line": 8,
            "column": 3
          }
        },
        "type": "if",
        "locations": [
          {
            "start": {
              "line": 4,
              "column": 2
            },
            "end": {
              "line": 8,
              "column": 3
            }
          },
          {
            "start": {},
            "end": {}
          }
        ],
        "line": 4
      },
      "1": {
        "loc": {
          "start": {
            "line": 4,
            "column": 6
          },
          "end": {
            "line": 4,
            "column": 63
          }
        },
        "type": "binary-expr",
        "locations": [
          {
            "start": {
              "line": 4,
              "column": 6
            },
            "end": {
              "line": 4,
              "column": 11
            }
          },
          {
            "start": {
              "line": 4,
              "column": 15
            },
            "end": {
              "line": 4,
              "column": 26
            }
          },
          {
            "start": {
              "line": 4,
              "column": 30
            },
            "end": {
              "line": 4,
              "column": 63
            }
          }
        ],
        "line": 4
      },
      "2": {
        "loc": {
          "start": {
            "line": 50,
            "column": 0
          },
          "end": {
            "line": 50,
            "column": 108
          }
        },
        "type": "binary-expr",
        "locations": [
          {
            "start": {
              "line": 50,
              "column": 0
            },
            "end": {
              "line": 50,
              "column": 42
            }
          },
          {
            "start": {
              "line": 50,
              "column": 46
            },
            "end": {
              "line": 50,
              "column": 108
            }
          }
        ],
        "line": 50
      },
      "3": {
        "loc": {
          "start": {
            "line": 55,
            "column": 2
          },
          "end": {
            "line": 55,
            "column": 18
          }
        },
        "type": "if",
        "locations": [
          {
            "start": {
              "line": 55,
              "column": 2
            },
            "end": {
              "line": 55,
              "column": 18
            }
          },
          {
            "start": {},
            "end": {}
          }
        ],
        "line": 55
      },
      "4": {
        "loc": {
          "start": {
            "line": 57,
            "column": 2
          },
          "end": {
            "line": 61,
            "column": 3
          }
        },
        "type": "if",
        "locations": [
          {
            "start": {
              "line": 57,
              "column": 2
            },
            "end": {
              "line": 61,
              "column": 3
            }
          },
          {
            "start": {
              "line": 59,
              "column": 9
            },
            "end": {
              "line": 61,
              "column": 3
            }
          }
        ],
        "line": 57
      }
    },
    "s": {
      "0": 3,
      "1": 3,
      "2": 3,
      "3": 3,
      "4": 3,
      "5": 2,
      "6": 1,
      "7": 1,
      "8": 1,
      "9": 1,
      "10": 1,
      "11": 1,
      "12": 1,
      "13": 1,
      "14": 1,
      "15": 1,
      "16": 1,
      "17": 1,
      "18": 1,
      "19": 0,
      "20": 1,
      "21": 0,
      "22": 0,
      "23": 0,
      "24": 0,
      "25": 0,
      "26": 0
    },
    "f": {
      "0": 3,
      "1": 2,
      "2": 1,
      "3": 1,
      "4": 1,
      "5": 1,
      "6": 1,
      "7": 0,
      "8": 0
    },
    "b": {
      "0": [
        3,
        0
      ],
      "1": [
        3,
        3,
        3
      ],
      "2": [
        1,
        1
      ],
      "3": [
        0,
        0
      ],
      "4": [
        0,
        0
      ]
    },
    "inputSourceMap": {
      "version": 3,
      "mappings": ";;;;;;;;;;;;;AACA,MAAM,CAAC,CAAC,CAAC,UAAU,CAAC,CAAC,CAAC,IAAI,CAAC,CAAC,GAAG,CAAC,MAAM;AACtC,MAAM,CAAC,KAAK,CAAC,IAAI,CAAC,CAAC,QAAQ,CAAC,KAAK;;;;;;;;;;;;;;;;;;EAK1B,KAAK,EAAC,yDAAyD;EAAC,kBAAgB,EAAC;;;;wBAAtF,oBAGM,OAHN,UAGM;IAFJ,aAAiD,wBAArC,kBAAgB,EAAC,iBAAiB;IAC9C,aAA+F;MAAxF,QAAQ,EAAC,YAAY;MAAC,KAAK,EAAC,qBAAqB;MAAC,kBAAgB,EAAC",
      "names": [],
      "ignoreList": [],
      "sources": [
        "/home/juli22/school/proj/web-server/src/App.vue"
      ],
      "file": "/home/juli22/school/proj/web-server/src/App.vue"
    },
    "_coverageSchema": "1a1c01bbd47fc00a2c39e90264f33305004495a9",
    "hash": "30782623f674b62299df4220dfdce635bcab2059"
  },
  "/home/juli22/school/proj/web-server/src/services/fetch.service.js": {
    "path": "/home/juli22/school/proj/web-server/src/services/fetch.service.js",
    "statementMap": {
      "0": {
        "start": {
          "line": 5,
          "column": 4
        },
        "end": {
          "line": 5,
          "column": 27
        }
      },
      "1": {
        "start": {
          "line": 18,
          "column": 4
        },
        "end": {
          "line": 20,
          "column": 5
        }
      },
      "2": {
        "start": {
          "line": 19,
          "column": 6
        },
        "end": {
          "line": 19,
          "column": 22
        }
      },
      "3": {
        "start": {
          "line": 22,
          "column": 4
        },
        "end": {
          "line": 26,
          "column": 5
        }
      },
      "4": {
        "start": {
          "line": 23,
          "column": 6
        },
        "end": {
          "line": 23,
          "column": 34
        }
      },
      "5": {
        "start": {
          "line": 25,
          "column": 6
        },
        "end": {
          "line": 25,
          "column": 49
        }
      },
      "6": {
        "start": {
          "line": 28,
          "column": 4
        },
        "end": {
          "line": 32,
          "column": 5
        }
      },
      "7": {
        "start": {
          "line": 29,
          "column": 20
        },
        "end": {
          "line": 29,
          "column": 43
        }
      },
      "8": {
        "start": {
          "line": 30,
          "column": 6
        },
        "end": {
          "line": 30,
          "column": 36
        }
      },
      "9": {
        "start": {
          "line": 31,
          "column": 6
        },
        "end": {
          "line": 31,
          "column": 17
        }
      },
      "10": {
        "start": {
          "line": 34,
          "column": 4
        },
        "end": {
          "line": 34,
          "column": 15
        }
      },
      "11": {
        "start": {
          "line": 46,
          "column": 21
        },
        "end": {
          "line": 53,
          "column": 5
        }
      },
      "12": {
        "start": {
          "line": 55,
          "column": 4
        },
        "end": {
          "line": 55,
          "column": 19
        }
      }
    },
    "fnMap": {
      "0": {
        "name": "(anonymous_0)",
        "decl": {
          "start": {
            "line": 4,
            "column": 2
          },
          "end": {
            "line": 4,
            "column": 3
          }
        },
        "loc": {
          "start": {
            "line": 4,
            "column": 23
          },
          "end": {
            "line": 6,
            "column": 3
          }
        },
        "line": 4
      },
      "1": {
        "name": "(anonymous_1)",
        "decl": {
          "start": {
            "line": 15,
            "column": 2
          },
          "end": {
            "line": 15,
            "column": 3
          }
        },
        "loc": {
          "start": {
            "line": 15,
            "column": 33
          },
          "end": {
            "line": 35,
            "column": 3
          }
        },
        "line": 15
      },
      "2": {
        "name": "(anonymous_2)",
        "decl": {
          "start": {
            "line": 37,
            "column": 2
          },
          "end": {
            "line": 37,
            "column": 3
          }
        },
        "loc": {
          "start": {
            "line": 43,
            "column": 23
          },
          "end": {
            "line": 56,
            "column": 3
          }
        },
        "line": 43
      }
    },
    "branchMap": {
      "0": {
        "loc": {
          "start": {
            "line": 18,
            "column": 4
          },
          "end": {
            "line": 20,
            "column": 5
          }
        },
        "type": "if",
        "locations": [
          {
            "start": {
              "line": 18,
              "column": 4
            },
            "end": {
              "line": 20,
              "column": 5
            }
          },
          {
            "start": {},
            "end": {}
          }
        ],
        "line": 18
      },
      "1": {
        "loc": {
          "start": {
            "line": 28,
            "column": 4
          },
          "end": {
            "line": 32,
            "column": 5
          }
        },
        "type": "if",
        "locations": [
          {
            "start": {
              "line": 28,
              "column": 4
            },
            "end": {
              "line": 32,
              "column": 5
            }
          },
          {
            "start": {},
            "end": {}
          }
        ],
        "line": 28
      },
      "2": {
        "loc": {
          "start": {
            "line": 39,
            "column": 4
          },
          "end": {
            "line": 41,
            "column": 5
          }
        },
        "type": "default-arg",
        "locations": [
          {
            "start": {
              "line": 39,
              "column": 14
            },
            "end": {
              "line": 41,
              "column": 5
            }
          }
        ],
        "line": 39
      },
      "3": {
        "loc": {
          "start": {
            "line": 43,
            "column": 4
          },
          "end": {
            "line": 43,
            "column": 19
          }
        },
        "type": "default-arg",
        "locations": [
          {
            "start": {
              "line": 43,
              "column": 13
            },
            "end": {
              "line": 43,
              "column": 19
            }
          }
        ],
        "line": 43
      },
      "4": {
        "loc": {
          "start": {
            "line": 51,
            "column": 14
          },
          "end": {
            "line": 51,
            "column": 53
          }
        },
        "type": "cond-expr",
        "locations": [
          {
            "start": {
              "line": 51,
              "column": 21
            },
            "end": {
              "line": 51,
              "column": 41
            }
          },
          {
            "start": {
              "line": 51,
              "column": 44
            },
            "end": {
              "line": 51,
              "column": 53
            }
          }
        ],
        "line": 51
      }
    },
    "s": {
      "0": 3,
      "1": 0,
      "2": 0,
      "3": 0,
      "4": 0,
      "5": 0,
      "6": 0,
      "7": 0,
      "8": 0,
      "9": 0,
      "10": 0,
      "11": 0,
      "12": 0
    },
    "f": {
      "0": 3,
      "1": 0,
      "2": 0
    },
    "b": {
      "0": [
        0,
        0
      ],
      "1": [
        0,
        0
      ],
      "2": [
        0
      ],
      "3": [
        0
      ],
      "4": [
        0,
        0
      ]
    },
    "inputSourceMap": {
      "version": 3,
      "sources": [
        "/home/juli22/school/proj/web-server/src/services/fetch.service.js"
      ],
      "names": [],
      "mappings": ";AACA,MAAM,CAAC,KAAK,CAAC,YAAY,CAAC;AAC1B,CAAC,CAAC,CAAC;AACH,CAAC,CAAC,WAAW,CAAC,OAAO,CAAC,CAAC;AACvB,CAAC,CAAC,CAAC,CAAC,IAAI,CAAC,CAAC,OAAO,CAAC,CAAC,CAAC;AACpB,CAAC,CAAC;;;AAGF,CAAC,CAAC,CAAC,CAAC;AACJ,CAAC,CAAC,CAAC,CAAC,CAAC,OAAO,CAAC,GAAG,CAAC,QAAQ,CAAC,IAAI,CAAC,CAAC,CAAC,KAAK,CAAC,OAAO;AAC9C,CAAC,CAAC,CAAC;AACH,CAAC,CAAC,CAAC,CAAC,CAAC,CAAC,KAAK,CAAC,CAAC,MAAM,CAAC,CAAC,QAAQ,CAAC,CAAC,CAAC,GAAG,CAAC,QAAQ,CAAC,MAAM;AACnD,CAAC,CAAC,CAAC,CAAC,CAAC,CAAC,OAAO,CAAC,CAAC,GAAG,CAAC,CAAC,CAAC,CAAC,GAAG,CAAC,QAAQ,CAAC;AACnC,CAAC,CAAC,CAAC,CAAC;AACJ,CAAC,CAAC,KAAK,CAAC,cAAc,CAAC,QAAQ,CAAC,CAAC;AACjC,CAAC,CAAC,CAAC,CAAC,GAAG,CAAC;;AAER,CAAC,CAAC,CAAC,CAAC,EAAE,CAAC,CAAC,QAAQ,CAAC,MAAM,CAAC,CAAC,CAAC,CAAC,CAAC,GAAG,CAAC,CAAC;AACjC,CAAC,CAAC,CAAC,CAAC,CAAC,CAAC,MAAM,CAAC;AACb,CAAC,CAAC,CAAC,CAAC;;AAEJ,CAAC,CAAC,CAAC,CAAC,GAAG,CAAC;AACR,CAAC,CAAC,CAAC,CAAC,CAAC,CAAC,IAAI,CAAC,CAAC,CAAC,KAAK,CAAC,QAAQ,CAAC,IAAI,CAAC;AACjC,CAAC,CAAC,CAAC,CAAC,CAAC,CAAC,KAAK,CAAC;AACZ,CAAC,CAAC,CAAC,CAAC,CAAC,CAAC,KAAK,CAAC,GAAG,CAAC,KAAK,CAAC,CAAC,GAAG,CAAC,QAAQ,CAAC,IAAI,CAAC,MAAM,CAAC;AAChD,CAAC,CAAC,CAAC,CAAC;;AAEJ,CAAC,CAAC,CAAC,CAAC,EAAE,CAAC,CAAC,QAAQ,CAAC,MAAM,CAAC,CAAC,CAAC,CAAC,GAAG,CAAC,CAAC;AAChC,CAAC,CAAC,CAAC,CAAC,CAAC,CAAC,KAAK,CAAC,KAAK,CAAC,CAAC,CAAC,GAAG,CAAC,KAAK,CAAC,IAAI,CAAC,OAAO;AAC1C,CAAC,CAAC,CAAC,CAAC,CAAC,CAAC,KAAK,CAAC,MAAM,CAAC,CAAC,CAAC,QAAQ,CAAC;AAC9B,CAAC,CAAC,CAAC,CAAC,CAAC,CAAC,KAAK,CAAC;AACZ,CAAC,CAAC,CAAC,CAAC;;AAEJ,CAAC,CAAC,CAAC,CAAC,MAAM,CAAC;AACX,CAAC,CAAC;;AAEF,CAAC,CAAC,KAAK,CAAC,OAAO,CAAC;AAChB,CAAC,CAAC,CAAC,CAAC,IAAI;AACR,CAAC,CAAC,CAAC,CAAC,OAAO,CAAC,CAAC,CAAC;AACd,CAAC,CAAC,CAAC,CAAC,CAAC,CAAC,CAAC,OAAO,CAAC,IAAI,CAAC,CAAC,CAAC,CAAC,WAAW,CAAC,IAAI;AACvC,CAAC,CAAC,CAAC,CAAC,CAAC;AACL,CAAC,CAAC,CAAC,CAAC,IAAI;AACR,CAAC,CAAC,CAAC,CAAC,MAAM,CAAC,CAAC,CAAC,CAAC,IAAI,CAAC,CAAC,CAAC,CAAC,CAAC;;AAEvB,CAAC,CAAC,CAAC,CAAC,CAAC,CAAC,CAAC,GAAG,CAAC,MAAM,CAAC,IAAI,CAAC,KAAK,CAAC;AAC7B,CAAC,CAAC,CAAC,CAAC,KAAK,CAAC,QAAQ,CAAC,CAAC,CAAC,KAAK,CAAC,KAAK;AAChC,CAAC,CAAC,CAAC,CAAC,CAAC,CAAC,IAAI,CAAC,CAAC,OAAO,CAAC,CAAC,CAAC,IAAI;AAC1B,CAAC,CAAC,CAAC,CAAC,CAAC,CAAC;AACN,CAAC,CAAC,CAAC,CAAC,CAAC,CAAC,CAAC,CAAC,MAAM;AACd,CAAC,CAAC,CAAC,CAAC,CAAC,CAAC,CAAC,CAAC,OAAO;AACf,CAAC,CAAC,CAAC,CAAC,CAAC,CAAC,CAAC,CAAC,IAAI,CAAC,CAAC,IAAI,CAAC,CAAC,CAAC,IAAI,CAAC,SAAS,CAAC,IAAI,CAAC,CAAC,CAAC,CAAC;AAC5C,CAAC,CAAC,CAAC,CAAC,CAAC,CAAC;AACN,CAAC,CAAC,CAAC,CAAC;;AAEJ,CAAC,CAAC,CAAC,CAAC,MAAM,CAAC;AACX,CAAC,CAAC;AACF"
    },
    "_coverageSchema": "1a1c01bbd47fc00a2c39e90264f33305004495a9",
    "hash": "e9a87efc149b5a00f4ecee79ddfd998e5e49ba78"
  },
  "/home/juli22/school/proj/web-server/src/services/food.service.js": {
    "path": "/home/juli22/school/proj/web-server/src/services/food.service.js",
    "statementMap": {
      "0": {
        "start": {
          "line": 2,
          "column": 16
        },
        "end": {
          "line": 2,
          "column": 45
        }
      },
      "1": {
        "start": {
          "line": 11,
          "column": 4
        },
        "end": {
          "line": 11,
          "column": 37
        }
      },
      "2": {
        "start": {
          "line": 23,
          "column": 21
        },
        "end": {
          "line": 26,
          "column": 6
        }
      },
      "3": {
        "start": {
          "line": 27,
          "column": 17
        },
        "end": {
          "line": 27,
          "column": 66
        }
      },
      "4": {
        "start": {
          "line": 28,
          "column": 4
        },
        "end": {
          "line": 28,
          "column": 15
        }
      },
      "5": {
        "start": {
          "line": 41,
          "column": 21
        },
        "end": {
          "line": 44,
          "column": 6
        }
      },
      "6": {
        "start": {
          "line": 45,
          "column": 17
        },
        "end": {
          "line": 45,
          "column": 66
        }
      },
      "7": {
        "start": {
          "line": 46,
          "column": 4
        },
        "end": {
          "line": 46,
          "column": 15
        }
      }
    },
    "fnMap": {
      "0": {
        "name": "(anonymous_0)",
        "decl": {
          "start": {
            "line": 10,
            "column": 2
          },
          "end": {
            "line": 10,
            "column": 3
          }
        },
        "loc": {
          "start": {
            "line": 10,
            "column": 56
          },
          "end": {
            "line": 12,
            "column": 3
          }
        },
        "line": 10
      },
      "1": {
        "name": "(anonymous_1)",
        "decl": {
          "start": {
            "line": 21,
            "column": 2
          },
          "end": {
            "line": 21,
            "column": 3
          }
        },
        "loc": {
          "start": {
            "line": 21,
            "column": 24
          },
          "end": {
            "line": 29,
            "column": 3
          }
        },
        "line": 21
      },
      "2": {
        "name": "(anonymous_2)",
        "decl": {
          "start": {
            "line": 40,
            "column": 2
          },
          "end": {
            "line": 40,
            "column": 3
          }
        },
        "loc": {
          "start": {
            "line": 40,
            "column": 32
          },
          "end": {
            "line": 47,
            "column": 3
          }
        },
        "line": 40
      }
    },
    "branchMap": {
      "0": {
        "loc": {
          "start": {
            "line": 10,
            "column": 14
          },
          "end": {
            "line": 10,
            "column": 54
          }
        },
        "type": "default-arg",
        "locations": [
          {
            "start": {
              "line": 10,
              "column": 29
            },
            "end": {
              "line": 10,
              "column": 54
            }
          }
        ],
        "line": 10
      },
      "1": {
        "loc": {
          "start": {
            "line": 21,
            "column": 14
          },
          "end": {
            "line": 21,
            "column": 22
          }
        },
        "type": "default-arg",
        "locations": [
          {
            "start": {
              "line": 21,
              "column": 21
            },
            "end": {
              "line": 21,
              "column": 22
            }
          }
        ],
        "line": 21
      },
      "2": {
        "loc": {
          "start": {
            "line": 40,
            "column": 22
          },
          "end": {
            "line": 40,
            "column": 30
          }
        },
        "type": "default-arg",
        "locations": [
          {
            "start": {
              "line": 40,
              "column": 29
            },
            "end": {
              "line": 40,
              "column": 30
            }
          }
        ],
        "line": 40
      }
    },
    "s": {
      "0": 1,
      "1": 0,
      "2": 0,
      "3": 0,
      "4": 0,
      "5": 0,
      "6": 0,
      "7": 0
    },
    "f": {
      "0": 0,
      "1": 0,
      "2": 0
    },
    "b": {
      "0": [
        0
      ],
      "1": [
        0
      ],
      "2": [
        0
      ]
    },
    "inputSourceMap": {
      "version": 3,
      "sources": [
        "/home/juli22/school/proj/web-server/src/services/food.service.js"
      ],
      "names": [],
      "mappings": "AAAA,MAAM,CAAC,CAAC,CAAC,YAAY,CAAC,CAAC,CAAC,IAAI,CAAC,CAAC,CAAC,CAAC,KAAK,CAAC,OAAO,CAAC,EAAE;AAChD,KAAK,CAAC,OAAO,CAAC,CAAC,CAAC,MAAM,CAAC,IAAI,CAAC,GAAG,CAAC;;AAEhC,CAAC,CAAC;AACF,CAAC,CAAC,CAAC,OAAO,CAAC,GAAG,CAAC,QAAQ,CAAC,KAAK,CAAC,OAAO,CAAC,IAAI;AAC1C,CAAC,CAAC;AACF,MAAM,CAAC,KAAK,CAAC,WAAW,CAAC;AACzB,CAAC,CAAC,CAAC;;AAEH,CAAC,CAAC,WAAW,CAAC,YAAY,CAAC,CAAC,CAAC,GAAG,CAAC,YAAY,CAAC,OAAO,CAAC,CAAC,CAAC;AACxD,CAAC,CAAC,CAAC,CAAC,IAAI,CAAC,CAAC,YAAY,CAAC,CAAC,CAAC;AACzB,CAAC,CAAC;AACF,CAAC,CAAC,CAAC,CAAC;AACJ,CAAC,CAAC,CAAC,CAAC,CAAC,IAAI,CAAC,CAAC,CAAC,SAAS,CAAC,IAAI,CAAC,EAAE,CAAC,IAAI,CAAC;AACnC,CAAC,CAAC,CAAC,CAAC,CAAC,EAAE,CAAC,YAAY,CAAC,KAAK,CAAC,EAAE,CAAC,IAAI;AAClC,CAAC,CAAC,CAAC;AACH,CAAC,CAAC,CAAC,CAAC,CAAC,CAAC,KAAK,CAAC,CAAC,MAAM,CAAC,CAAC,IAAI,CAAC,CAAC,CAAC,IAAI,CAAC;AACjC,CAAC,CAAC,CAAC,CAAC,CAAC,CAAC,OAAO,CAAC,CAAC,OAAO,CAAC,KAAK,CAAC,CAAC,CAAC,CAAC,CAAC,IAAI,CAAC,EAAE,CAAC,IAAI,CAAC;AAC9C,CAAC,CAAC,CAAC,CAAC,CAAC,CAAC,MAAM,CAAC,CAAC,KAAK,CAAC,CAAC,CAAC,CAAC,EAAE,CAAC,GAAG,CAAC,OAAO,CAAC;AACtC,CAAC,CAAC,CAAC,CAAC;AACJ,CAAC,CAAC,KAAK,CAAC,KAAK,CAAC,IAAI,CAAC,CAAC,CAAC,CAAC,CAAC,CAAC;AACxB,CAAC,CAAC,CAAC,CAAC,CAAC,CAAC,CAAC,GAAG,CAAC,MAAM,CAAC,IAAI,CAAC,KAAK,CAAC,OAAO,CAAC;AACrC,CAAC,CAAC,CAAC,CAAC,KAAK,CAAC,QAAQ,CAAC,CAAC,CAAC,KAAK,CAAC,IAAI,CAAC,CAAC,YAAY,CAAC,OAAO,CAAC;AACtD,CAAC,CAAC,CAAC,CAAC,CAAC,CAAC,MAAM,CAAC,CAAC,CAAC,GAAG,CAAC;AACnB,CAAC,CAAC,CAAC,CAAC,CAAC,CAAC,IAAI,CAAC,CAAC,CAAC,CAAC,KAAK,CAAC,IAAI,CAAC,CAAC,CAAC,IAAI,CAAC,CAAC;AACjC,CAAC,CAAC,CAAC,CAAC,CAAC;AACL,CAAC,CAAC,CAAC,CAAC,KAAK,CAAC,IAAI,CAAC,CAAC,CAAC,KAAK,CAAC,IAAI,CAAC,CAAC,YAAY,CAAC,cAAc,CAAC,QAAQ;AACjE,CAAC,CAAC,CAAC,CAAC,MAAM,CAAC;AACX,CAAC,CAAC;;AAEF,CAAC,CAAC,CAAC,CAAC;AACJ,CAAC,CAAC,CAAC,CAAC,CAAC,IAAI,CAAC,CAAC,CAAC,IAAI,CAAC,EAAE,CAAC,IAAI,CAAC;AACzB,CAAC,CAAC,CAAC,CAAC,CAAC,IAAI,CAAC,KAAK,CAAC,GAAG,CAAC,MAAM,CAAC,KAAK;AAChC,CAAC,CAAC,CAAC;AACH,CAAC,CAAC,CAAC,CAAC,CAAC,CAAC,KAAK,CAAC,CAAC,MAAM,CAAC,CAAC,KAAK;AAC1B,CAAC,CAAC,CAAC,CAAC,CAAC,CAAC,KAAK,CAAC,CAAC,MAAM,CAAC,CAAC,IAAI;AACzB,CAAC,CAAC,CAAC,CAAC,CAAC,CAAC,OAAO,CAAC,CAAC,OAAO,CAAC,KAAK,CAAC,CAAC,CAAC,CAAC,CAAC,IAAI,CAAC,EAAE,CAAC,IAAI,CAAC;AAC9C,CAAC,CAAC,CAAC,CAAC,CAAC,CAAC,MAAM,CAAC,CAAC,KAAK,CAAC,CAAC,CAAC,CAAC,EAAE,CAAC,GAAG,CAAC,OAAO,CAAC;AACtC,CAAC,CAAC,CAAC,CAAC;AACJ,CAAC,CAAC,KAAK,CAAC,MAAM,CAAC,KAAK,CAAC,CAAC,IAAI,CAAC,CAAC,CAAC,CAAC,CAAC,CAAC;AAChC,CAAC,CAAC,CAAC,CAAC,KAAK,CAAC,QAAQ,CAAC,CAAC,CAAC,KAAK,CAAC,IAAI,CAAC,CAAC,YAAY,CAAC,OAAO,CAAC;AACtD,CAAC,CAAC,CAAC,CAAC,CAAC,CAAC,MAAM,CAAC,CAAC,CAAC,GAAG,CAAC;AACnB,CAAC,CAAC,CAAC,CAAC,CAAC,CAAC,IAAI,CAAC,CAAC,CAAC,CAAC,KAAK,CAAC,MAAM,CAAC,CAAC,CAAC,kBAAkB,CAAC,KAAK,CAAC,CAAC,CAAC,IAAI,CAAC,CAAC,CAAC,IAAI,CAAC,CAAC;AACrE,CAAC,CAAC,CAAC,CAAC,CAAC;AACL,CAAC,CAAC,CAAC,CAAC,KAAK,CAAC,IAAI,CAAC,CAAC,CAAC,KAAK,CAAC,IAAI,CAAC,CAAC,YAAY,CAAC,cAAc,CAAC,QAAQ;AACjE,CAAC,CAAC,CAAC,CAAC,MAAM,CAAC;AACX,CAAC,CAAC;;AAEF,CAAC,CAAC,CAAC,CAAC,CAAC,KAAK,CAAC,EAAE,CAAC,IAAI,CAAC,GAAG,CAAC,IAAI,CAAC,EAAE,CAAC,GAAG,CAAC,OAAO,CAAC,CAAC,GAAG,CAAC,GAAG,CAAC,CAAC,CAAC,MAAM,CAAC;AAC7D,CAAC,CAAC,CAAC,CAAC,CAAC,KAAK,CAAC,GAAG,CAAC,GAAG,CAAC,CAAC;AACpB,CAAC,CAAC,CAAC,CAAC,CAAC,CAAC,CAAC,KAAK,CAAC,QAAQ,CAAC,CAAC,CAAC,KAAK,CAAC,KAAK,CAAC,CAAC,CAAC,CAAC,OAAO,CAAC,CAAC,KAAK,CAAC,GAAG,CAAC,CAAC,CAAC,GAAG,CAAC,CAAC;AACjE,CAAC,CAAC,CAAC,CAAC,CAAC,CAAC,CAAC,EAAE,CAAC,CAAC,CAAC,QAAQ,CAAC,EAAE,CAAC,CAAC;AACzB,CAAC,CAAC,CAAC,CAAC,CAAC,CAAC,CAAC,CAAC,CAAC,KAAK,CAAC,GAAG,CAAC,KAAK,CAAC,CAAC,MAAM,CAAC,EAAE,CAAC,KAAK,CAAC,IAAI,CAAC,IAAI,CAAC;AACpD,CAAC,CAAC,CAAC,CAAC,CAAC,CAAC,CAAC;AACP,CAAC,CAAC,CAAC,CAAC,CAAC,CAAC,CAAC,KAAK,CAAC,IAAI,CAAC,CAAC,CAAC,KAAK,CAAC,QAAQ,CAAC,IAAI,CAAC;AACxC,CAAC,CAAC,CAAC,CAAC,CAAC,CAAC,CAAC,MAAM,CAAC;AACd,CAAC,CAAC,CAAC,CAAC,CAAC;AACL"
    },
    "_coverageSchema": "1a1c01bbd47fc00a2c39e90264f33305004495a9",
    "hash": "5c9bba21a918967c1b906f92073d1d5ce0cbc0fe"
  },
  "/home/juli22/school/proj/web-server/src/services/toast.service.js": {
    "path": "/home/juli22/school/proj/web-server/src/services/toast.service.js",
    "statementMap": {
      "0": {
        "start": {
          "line": 7,
          "column": 34
        },
        "end": {
          "line": 77,
          "column": 2
        }
      },
      "1": {
        "start": {
          "line": 7,
          "column": 46
        },
        "end": {
          "line": 77,
          "column": 1
        }
      },
      "2": {
        "start": {
          "line": 16,
          "column": 4
        },
        "end": {
          "line": 23,
          "column": 6
        }
      },
      "3": {
        "start": {
          "line": 33,
          "column": 4
        },
        "end": {
          "line": 36,
          "column": 6
        }
      },
      "4": {
        "start": {
          "line": 46,
          "column": 4
        },
        "end": {
          "line": 49,
          "column": 6
        }
      },
      "5": {
        "start": {
          "line": 59,
          "column": 4
        },
        "end": {
          "line": 62,
          "column": 6
        }
      },
      "6": {
        "start": {
          "line": 72,
          "column": 4
        },
        "end": {
          "line": 75,
          "column": 6
        }
      }
    },
    "fnMap": {
      "0": {
        "name": "(anonymous_0)",
        "decl": {
          "start": {
            "line": 7,
            "column": 34
          },
          "end": {
            "line": 7,
            "column": 35
          }
        },
        "loc": {
          "start": {
            "line": 7,
            "column": 46
          },
          "end": {
            "line": 77,
            "column": 1
          }
        },
        "line": 7
      },
      "1": {
        "name": "(anonymous_1)",
        "decl": {
          "start": {
            "line": 15,
            "column": 2
          },
          "end": {
            "line": 15,
            "column": 3
          }
        },
        "loc": {
          "start": {
            "line": 15,
            "column": 33
          },
          "end": {
            "line": 24,
            "column": 3
          }
        },
        "line": 15
      },
      "2": {
        "name": "(anonymous_2)",
        "decl": {
          "start": {
            "line": 32,
            "column": 2
          },
          "end": {
            "line": 32,
            "column": 3
          }
        },
        "loc": {
          "start": {
            "line": 32,
            "column": 32
          },
          "end": {
            "line": 37,
            "column": 3
          }
        },
        "line": 32
      },
      "3": {
        "name": "(anonymous_3)",
        "decl": {
          "start": {
            "line": 45,
            "column": 2
          },
          "end": {
            "line": 45,
            "column": 3
          }
        },
        "loc": {
          "start": {
            "line": 45,
            "column": 30
          },
          "end": {
            "line": 50,
            "column": 3
          }
        },
        "line": 45
      },
      "4": {
        "name": "(anonymous_4)",
        "decl": {
          "start": {
            "line": 58,
            "column": 2
          },
          "end": {
            "line": 58,
            "column": 3
          }
        },
        "loc": {
          "start": {
            "line": 58,
            "column": 29
          },
          "end": {
            "line": 63,
            "column": 3
          }
        },
        "line": 58
      },
      "5": {
        "name": "(anonymous_5)",
        "decl": {
          "start": {
            "line": 71,
            "column": 2
          },
          "end": {
            "line": 71,
            "column": 3
          }
        },
        "loc": {
          "start": {
            "line": 71,
            "column": 29
          },
          "end": {
            "line": 76,
            "column": 3
          }
        },
        "line": 71
      }
    },
    "branchMap": {},
    "s": {
      "0": 1,
      "1": 1,
      "2": 0,
      "3": 0,
      "4": 0,
      "5": 0,
      "6": 0
    },
    "f": {
      "0": 1,
      "1": 0,
      "2": 0,
      "3": 0,
      "4": 0,
      "5": 0
    },
    "b": {},
    "inputSourceMap": {
      "version": 3,
      "sources": [
        "/home/juli22/school/proj/web-server/src/services/toast.service.js"
      ],
      "names": [],
      "mappings": "AAAA,CAAC,CAAC;AACF,CAAC,CAAC,CAAC,MAAM,CAAC,CAAC,CAAC,KAAK,CAAC,OAAO,CAAC,GAAG,CAAC,UAAU,CAAC,aAAa;AACtD,CAAC;AACD,CAAC,CAAC,CAAC,CAAC,KAAK,CAAC,CAAC,MAAM,CAAC,CAAC,KAAK,CAAC,CAAC,CAAC,GAAG,CAAC,KAAK,CAAC,MAAM,CAAC,IAAI,CAAC,QAAQ;AACzD,CAAC,CAAC,CAAC,CAAC,OAAO,CAAC,CAAC,MAAM,CAAC,CAAC,CAAC,CAAC,GAAG,CAAC,KAAK,CAAC,OAAO,CAAC,IAAI,CAAC,KAAK,CAAC,OAAO;AAC3D,CAAC,CAAC;AACF,MAAM,CAAC,KAAK,CAAC,kBAAkB,CAAC,CAAC,CAAC,CAAC,KAAK,CAAC,CAAC,CAAC,CAAC,CAAC,CAAC;AAC9C,CAAC,CAAC,CAAC,CAAC;AACJ,CAAC,CAAC,CAAC,CAAC;AACJ,CAAC,CAAC,CAAC,CAAC,CAAC,CAAC,KAAK,CAAC,CAAC,MAAM,CAAC,CAAC,OAAO,CAAC,CAAC,CAAC,GAAG,CAAC,OAAO,CAAC,EAAE,CAAC,GAAG,CAAC,KAAK,CAAC,CAAC,IAAI,CAAC,IAAI,CAAC,EAAE,CAAC,GAAG,CAAC,MAAM,CAAC,EAAE,CAAC,KAAK,CAAC,IAAI,CAAC;AAC/F,CAAC,CAAC,CAAC,CAAC,CAAC,CAAC,KAAK,CAAC,CAAC,MAAM,CAAC,CAAC,MAAM,CAAC,CAAC,CAAC,GAAG,CAAC,MAAM,CAAC,EAAE,CAAC,GAAG,CAAC,KAAK,CAAC,CAAC,IAAI,CAAC,IAAI,CAAC,EAAE,CAAC,GAAG,CAAC,IAAI,CAAC,EAAE,CAAC,OAAO,CAAC,IAAI,CAAC;AAC7F,CAAC,CAAC,CAAC,CAAC,CAAC,CAAC,KAAK,CAAC,CAAC,MAAM,CAAC,CAAC,MAAM,CAAC,CAAC,CAAC,WAAW,CAAC,KAAK,CAAC;AAChD,CAAC,CAAC,CAAC,CAAC,CAAC,IAAI,CAAC,GAAG,CAAC;AACd,CAAC,CAAC,CAAC,CAAC;AACJ,CAAC,CAAC,KAAK,CAAC,OAAO,CAAC,CAAC,MAAM,CAAC,CAAC,MAAM,CAAC,CAAC;AACjC,CAAC,CAAC,CAAC,CAAC,KAAK,CAAC,GAAG,CAAC;AACd,CAAC,CAAC,CAAC,CAAC,CAAC,CAAC,OAAO,CAAC,CAAC,OAAO;AACtB,CAAC,CAAC,CAAC,CAAC,CAAC,CAAC,MAAM,CAAC,CAAC,MAAM;AACpB,CAAC,CAAC,CAAC,CAAC,CAAC,CAAC,IAAI,CAAC,CAAC,IAAI;AAChB,CAAC,CAAC,CAAC,CAAC,CAAC,CAAC,MAAM,CAAC,CAAC,KAAK;AACnB,CAAC,CAAC,CAAC,CAAC,CAAC,CAAC,QAAQ,CAAC,CAAC,IAAI;AACpB,CAAC,CAAC,CAAC,CAAC,CAAC,CAAC,CAAC,CAAC,CAAC;AACT,CAAC,CAAC,CAAC,CAAC,CAAC;AACL,CAAC,CAAC,CAAC;;AAEH,CAAC,CAAC,CAAC,CAAC;AACJ,CAAC,CAAC,CAAC,CAAC,CAAC,IAAI,CAAC,CAAC,CAAC,OAAO,CAAC,OAAO,CAAC,EAAE,CAAC,GAAG,CAAC,KAAK;AACxC,CAAC,CAAC,CAAC;AACH,CAAC,CAAC,CAAC,CAAC,CAAC,CAAC,KAAK,CAAC,CAAC,MAAM,CAAC,CAAC,OAAO,CAAC,CAAC,CAAC,GAAG,CAAC,OAAO,CAAC,EAAE,CAAC,GAAG,CAAC,KAAK,CAAC,CAAC,IAAI,CAAC,IAAI,CAAC,EAAE,CAAC,GAAG,CAAC,MAAM,CAAC,EAAE,CAAC,KAAK,CAAC,IAAI,CAAC;AAC/F,CAAC,CAAC,CAAC,CAAC,CAAC,CAAC,KAAK,CAAC,CAAC,MAAM,CAAC,CAAC,MAAM,CAAC,CAAC,CAAC,GAAG,CAAC,MAAM,CAAC,EAAE,CAAC,GAAG,CAAC,KAAK,CAAC,CAAC,IAAI,CAAC,IAAI,CAAC,EAAE,CAAC,GAAG,CAAC,IAAI,CAAC,EAAE,CAAC,OAAO,CAAC,IAAI,CAAC;AAC7F,CAAC,CAAC,CAAC,CAAC;AACJ,CAAC,CAAC,YAAY,CAAC,OAAO,CAAC,CAAC,MAAM,CAAC,CAAC;AAChC,CAAC,CAAC,CAAC,CAAC,IAAI,CAAC,KAAK,CAAC,OAAO,CAAC,CAAC,MAAM,CAAC,CAAC;AAChC,CAAC,CAAC,CAAC,CAAC,CAAC,CAAC,QAAQ,CAAC,CAAC,CAAC,OAAO,CAAC;AACzB,CAAC,CAAC,CAAC,CAAC,CAAC,CAAC,IAAI,CAAC,CAAC,CAAC,EAAE,CAAC,EAAE,CAAC,KAAK;AACxB,CAAC,CAAC,CAAC,CAAC,CAAC;AACL,CAAC,CAAC,CAAC;;AAEH,CAAC,CAAC,CAAC,CAAC;AACJ,CAAC,CAAC,CAAC,CAAC,CAAC,IAAI,CAAC,EAAE,CAAC,KAAK,CAAC,OAAO,CAAC,EAAE,CAAC,GAAG,CAAC,KAAK;AACvC,CAAC,CAAC,CAAC;AACH,CAAC,CAAC,CAAC,CAAC,CAAC,CAAC,KAAK,CAAC,CAAC,MAAM,CAAC,CAAC,OAAO,CAAC,CAAC,CAAC,GAAG,CAAC,OAAO,CAAC,EAAE,CAAC,GAAG,CAAC,KAAK,CAAC,CAAC,IAAI,CAAC,IAAI,CAAC,EAAE,CAAC,GAAG,CAAC,MAAM,CAAC,EAAE,CAAC,KAAK,CAAC,IAAI,CAAC;AAC/F,CAAC,CAAC,CAAC,CAAC,CAAC,CAAC,KAAK,CAAC,CAAC,MAAM,CAAC,CAAC,MAAM,CAAC,CAAC,CAAC,GAAG,CAAC,MAAM,CAAC,EAAE,CAAC,GAAG,CAAC,KAAK,CAAC,CAAC,IAAI,CAAC,IAAI,CAAC,EAAE,CAAC,GAAG,CAAC,IAAI,CAAC,EAAE,CAAC,OAAO,CAAC,IAAI,CAAC;AAC7F,CAAC,CAAC,CAAC,CAAC;AACJ,CAAC,CAAC,UAAU,CAAC,OAAO,CAAC,CAAC,MAAM,CAAC,CAAC;AAC9B,CAAC,CAAC,CAAC,CAAC,IAAI,CAAC,KAAK,CAAC,OAAO,CAAC,CAAC,MAAM,CAAC,CAAC;AAChC,CAAC,CAAC,CAAC,CAAC,CAAC,CAAC,QAAQ,CAAC,CAAC,CAAC,KAAK,CAAC;AACvB,CAAC,CAAC,CAAC,CAAC,CAAC,CAAC,IAAI,CAAC,CAAC,CAAC,EAAE,CAAC,EAAE,CAAC,KAAK;AACxB,CAAC,CAAC,CAAC,CAAC,CAAC;AACL,CAAC,CAAC,CAAC;;AAEH,CAAC,CAAC,CAAC,CAAC;AACJ,CAAC,CAAC,CAAC,CAAC,CAAC,IAAI,CAAC,CAAC,CAAC,OAAO,CAAC,OAAO,CAAC,EAAE,CAAC,GAAG,CAAC,KAAK;AACxC,CAAC,CAAC,CAAC;AACH,CAAC,CAAC,CAAC,CAAC,CAAC,CAAC,KAAK,CAAC,CAAC,MAAM,CAAC,CAAC,OAAO,CAAC,CAAC,CAAC,GAAG,CAAC,OAAO,CAAC,EAAE,CAAC,GAAG,CAAC,KAAK,CAAC,CAAC,IAAI,CAAC,IAAI,CAAC,EAAE,CAAC,GAAG,CAAC,MAAM,CAAC,EAAE,CAAC,KAAK,CAAC,IAAI,CAAC;AAC/F,CAAC,CAAC,CAAC,CAAC,CAAC,CAAC,KAAK,CAAC,CAAC,MAAM,CAAC,CAAC,MAAM,CAAC,CAAC,CAAC,GAAG,CAAC,MAAM,CAAC,EAAE,CAAC,GAAG,CAAC,KAAK,CAAC,CAAC,IAAI,CAAC,IAAI,CAAC,EAAE,CAAC,GAAG,CAAC,IAAI,CAAC,EAAE,CAAC,OAAO,CAAC,IAAI,CAAC;AAC7F,CAAC,CAAC,CAAC,CAAC;AACJ,CAAC,CAAC,SAAS,CAAC,OAAO,CAAC,CAAC,MAAM,CAAC,CAAC;AAC7B,CAAC,CAAC,CAAC,CAAC,IAAI,CAAC,KAAK,CAAC,OAAO,CAAC,CAAC,MAAM,CAAC,CAAC;AAChC,CAAC,CAAC,CAAC,CAAC,CAAC,CAAC,QAAQ,CAAC,CAAC,CAAC,IAAI,CAAC;AACtB,CAAC,CAAC,CAAC,CAAC,CAAC,CAAC,IAAI,CAAC,CAAC,CAAC,EAAE,CAAC,EAAE,CAAC,WAAW,CAAC,QAAQ;AACvC,CAAC,CAAC,CAAC,CAAC,CAAC;AACL,CAAC,CAAC,CAAC;;AAEH,CAAC,CAAC,CAAC,CAAC;AACJ,CAAC,CAAC,CAAC,CAAC,CAAC,IAAI,CAAC,EAAE,CAAC,IAAI,CAAC,OAAO,CAAC,EAAE,CAAC,GAAG,CAAC,KAAK;AACtC,CAAC,CAAC,CAAC;AACH,CAAC,CAAC,CAAC,CAAC,CAAC,CAAC,KAAK,CAAC,CAAC,MAAM,CAAC,CAAC,OAAO,CAAC,CAAC,CAAC,GAAG,CAAC,OAAO,CAAC,EAAE,CAAC,GAAG,CAAC,KAAK,CAAC,CAAC,IAAI,CAAC,IAAI,CAAC,EAAE,CAAC,GAAG,CAAC,MAAM,CAAC,EAAE,CAAC,KAAK,CAAC,IAAI,CAAC;AAC/F,CAAC,CAAC,CAAC,CAAC,CAAC,CAAC,KAAK,CAAC,CAAC,MAAM,CAAC,CAAC,MAAM,CAAC,CAAC,CAAC,GAAG,CAAC,MAAM,CAAC,EAAE,CAAC,GAAG,CAAC,KAAK,CAAC,CAAC,IAAI,CAAC,IAAI,CAAC,EAAE,CAAC,GAAG,CAAC,IAAI,CAAC,EAAE,CAAC,OAAO,CAAC,IAAI,CAAC;AAC7F,CAAC,CAAC,CAAC,CAAC;AACJ,CAAC,CAAC,SAAS,CAAC,OAAO,CAAC,CAAC,MAAM,CAAC,CAAC;AAC7B,CAAC,CAAC,CAAC,CAAC,IAAI,CAAC,KAAK,CAAC,OAAO,CAAC,CAAC,MAAM,CAAC,CAAC;AAChC,CAAC,CAAC,CAAC,CAAC,CAAC,CAAC,QAAQ,CAAC,CAAC,CAAC,IAAI,CAAC;AACtB,CAAC,CAAC,CAAC,CAAC,CAAC,CAAC,IAAI,CAAC,CAAC,CAAC,EAAE,CAAC,EAAE,CAAC,IAAI,CAAC,MAAM;AAC9B,CAAC,CAAC,CAAC,CAAC,CAAC;AACL,CAAC,CAAC;AACF,CAAC;"
    },
    "_coverageSchema": "1a1c01bbd47fc00a2c39e90264f33305004495a9",
    "hash": "8a93e64de3f446486796a471e4c085b584675d96"
  },
  "/home/juli22/school/proj/web-server/src/helpers/nutrients.js": {
    "path": "/home/juli22/school/proj/web-server/src/helpers/nutrients.js",
    "statementMap": {
      "0": {
        "start": {
          "line": 9,
          "column": 2
        },
        "end": {
          "line": 9,
          "column": 46
        }
      },
      "1": {
        "start": {
          "line": 20,
          "column": 28
        },
        "end": {
          "line": 20,
          "column": 30
        }
      },
      "2": {
        "start": {
          "line": 21,
          "column": 2
        },
        "end": {
          "line": 23,
          "column": 3
        }
      },
      "3": {
        "start": {
          "line": 22,
          "column": 4
        },
        "end": {
          "line": 22,
          "column": 57
        }
      },
      "4": {
        "start": {
          "line": 24,
          "column": 2
        },
        "end": {
          "line": 24,
          "column": 26
        }
      },
      "5": {
        "start": {
          "line": 44,
          "column": 2
        },
        "end": {
          "line": 52,
          "column": 3
        }
      },
      "6": {
        "start": {
          "line": 45,
          "column": 26
        },
        "end": {
          "line": 48,
          "column": 6
        }
      },
      "7": {
        "start": {
          "line": 49,
          "column": 4
        },
        "end": {
          "line": 51,
          "column": 6
        }
      },
      "8": {
        "start": {
          "line": 50,
          "column": 6
        },
        "end": {
          "line": 50,
          "column": 44
        }
      },
      "9": {
        "start": {
          "line": 53,
          "column": 2
        },
        "end": {
          "line": 53,
          "column": 15
        }
      }
    },
    "fnMap": {
      "0": {
        "name": "weightedValue",
        "decl": {
          "start": {
            "line": 8,
            "column": 16
          },
          "end": {
            "line": 8,
            "column": 29
          }
        },
        "loc": {
          "start": {
            "line": 8,
            "column": 58
          },
          "end": {
            "line": 10,
            "column": 1
          }
        },
        "line": 8
      },
      "1": {
        "name": "weightedNutrients",
        "decl": {
          "start": {
            "line": 19,
            "column": 16
          },
          "end": {
            "line": 19,
            "column": 33
          }
        },
        "loc": {
          "start": {
            "line": 19,
            "column": 62
          },
          "end": {
            "line": 25,
            "column": 1
          }
        },
        "line": 19
      },
      "2": {
        "name": "nutrientsPerMeal",
        "decl": {
          "start": {
            "line": 34,
            "column": 16
          },
          "end": {
            "line": 34,
            "column": 32
          }
        },
        "loc": {
          "start": {
            "line": 43,
            "column": 3
          },
          "end": {
            "line": 54,
            "column": 1
          }
        },
        "line": 43
      },
      "3": {
        "name": "(anonymous_3)",
        "decl": {
          "start": {
            "line": 49,
            "column": 32
          },
          "end": {
            "line": 49,
            "column": 33
          }
        },
        "loc": {
          "start": {
            "line": 49,
            "column": 39
          },
          "end": {
            "line": 51,
            "column": 5
          }
        },
        "line": 49
      }
    },
    "branchMap": {
      "0": {
        "loc": {
          "start": {
            "line": 8,
            "column": 30
          },
          "end": {
            "line": 8,
            "column": 40
          }
        },
        "type": "default-arg",
        "locations": [
          {
            "start": {
              "line": 8,
              "column": 39
            },
            "end": {
              "line": 8,
              "column": 40
            }
          }
        ],
        "line": 8
      },
      "1": {
        "loc": {
          "start": {
            "line": 8,
            "column": 42
          },
          "end": {
            "line": 8,
            "column": 56
          }
        },
        "type": "default-arg",
        "locations": [
          {
            "start": {
              "line": 8,
              "column": 55
            },
            "end": {
              "line": 8,
              "column": 56
            }
          }
        ],
        "line": 8
      },
      "2": {
        "loc": {
          "start": {
            "line": 19,
            "column": 34
          },
          "end": {
            "line": 19,
            "column": 44
          }
        },
        "type": "default-arg",
        "locations": [
          {
            "start": {
              "line": 19,
              "column": 43
            },
            "end": {
              "line": 19,
              "column": 44
            }
          }
        ],
        "line": 19
      },
      "3": {
        "loc": {
          "start": {
            "line": 19,
            "column": 46
          },
          "end": {
            "line": 19,
            "column": 60
          }
        },
        "type": "default-arg",
        "locations": [
          {
            "start": {
              "line": 19,
              "column": 58
            },
            "end": {
              "line": 19,
              "column": 60
            }
          }
        ],
        "line": 19
      },
      "4": {
        "loc": {
          "start": {
            "line": 34,
            "column": 39
          },
          "end": {
            "line": 43,
            "column": 1
          }
        },
        "type": "default-arg",
        "locations": [
          {
            "start": {
              "line": 34,
              "column": 48
            },
            "end": {
              "line": 43,
              "column": 1
            }
          }
        ],
        "line": 34
      },
      "5": {
        "loc": {
          "start": {
            "line": 50,
            "column": 21
          },
          "end": {
            "line": 50,
            "column": 44
          }
        },
        "type": "binary-expr",
        "locations": [
          {
            "start": {
              "line": 50,
              "column": 21
            },
            "end": {
              "line": 50,
              "column": 39
            }
          },
          {
            "start": {
              "line": 50,
              "column": 43
            },
            "end": {
              "line": 50,
              "column": 44
            }
          }
        ],
        "line": 50
      }
    },
    "s": {
      "0": 0,
      "1": 0,
      "2": 0,
      "3": 0,
      "4": 0,
      "5": 0,
      "6": 0,
      "7": 0,
      "8": 0,
      "9": 0
    },
    "f": {
      "0": 0,
      "1": 0,
      "2": 0,
      "3": 0
    },
    "b": {
      "0": [
        0
      ],
      "1": [
        0
      ],
      "2": [
        0
      ],
      "3": [
        0
      ],
      "4": [
        0
      ],
      "5": [
        0,
        0
      ]
    },
    "inputSourceMap": {
      "version": 3,
      "sources": [
        "/home/juli22/school/proj/web-server/src/helpers/nutrients.js"
      ],
      "names": [],
      "mappings": "AAAA,CAAC,CAAC;AACF,CAAC,CAAC,CAAC,UAAU,CAAC,GAAG,CAAC,QAAQ,CAAC,KAAK,CAAC,KAAK,CAAC,EAAE,CAAC,GAAG,CAAC,MAAM,CAAC,GAAG,CAAC,KAAK,CAAC,GAAG,CAAC,IAAI,CAAC,CAAC,KAAK,CAAC,IAAI,CAAC,GAAG,CAAC,GAAG,CAAC,OAAO,CAAC,EAAE,CAAC,IAAI,CAAC,CAAC,KAAK,CAAC,CAAC,OAAO,CAAC,CAAC,GAAG;AAChI,CAAC;AACD,CAAC,CAAC,CAAC,CAAC,KAAK,CAAC,CAAC,MAAM,CAAC,CAAC,MAAM,CAAC,GAAG,CAAC,MAAM,CAAC,EAAE,CAAC,GAAG,CAAC,IAAI,CAAC,EAAE,CAAC;AACpD,CAAC,CAAC,CAAC,CAAC,KAAK,CAAC,CAAC,MAAM,CAAC,CAAC,UAAU,CAAC,GAAG,CAAC,KAAK,CAAC,EAAE,CAAC,GAAG,CAAC,IAAI,CAAC,GAAG,CAAC,GAAG,CAAC;AAC5D,CAAC,CAAC,CAAC,CAAC,OAAO,CAAC,CAAC,MAAM,CAAC,CAAC,GAAG,CAAC,KAAK,CAAC,EAAE,CAAC,GAAG,CAAC,IAAI,CAAC,GAAG,CAAC,GAAG,CAAC,KAAK,CAAC;AACzD,CAAC,CAAC;AACF,MAAM,CAAC,QAAQ,CAAC,aAAa,CAAC,MAAM,CAAC,CAAC,CAAC,CAAC,CAAC,CAAC,UAAU,CAAC,CAAC,CAAC,CAAC,CAAC,CAAC;AAC1D,CAAC,CAAC,MAAM,CAAC,IAAI,CAAC,KAAK,CAAC,UAAU,CAAC,CAAC,CAAC,GAAG,CAAC,CAAC,CAAC,MAAM;AAC7C;;AAEA,CAAC,CAAC;AACF,CAAC,CAAC;AACF,CAAC,CAAC,CAAC,CAAC,KAAK,CAAC,CAAC,MAAM,CAAC,CAAC,MAAM,CAAC,GAAG,CAAC,MAAM,CAAC,EAAE,CAAC,GAAG,CAAC,IAAI,CAAC,EAAE,CAAC;AACpD,CAAC,CAAC,CAAC,CAAC,KAAK,CAAC,CAAC,MAAM,CAAC,CAAC,SAAS,CAAC,GAAG,CAAC,SAAS,CAAC,EAAE,CAAC,GAAG,CAAC,IAAI,CAAC,GAAG,CAAC,GAAG,CAAC;AAC/D,CAAC,CAAC,CAAC,CAAC,KAAK,CAAC,CAAC,CAAC,CAAC,CAAC,SAAS;AACvB,CAAC,CAAC,CAAC,CAAC,OAAO;AACX,CAAC,CAAC;AACF,MAAM,CAAC,QAAQ,CAAC,iBAAiB,CAAC,MAAM,CAAC,CAAC,CAAC,CAAC,CAAC,CAAC,SAAS,CAAC,CAAC,CAAC,CAAC,CAAC,CAAC,CAAC;AAC9D,CAAC,CAAC,KAAK,CAAC,iBAAiB,CAAC,CAAC,CAAC,CAAC;AAC7B,CAAC,CAAC,GAAG,CAAC,CAAC,KAAK,CAAC,CAAC,GAAG,CAAC,CAAC,KAAK,CAAC,CAAC,EAAE,CAAC,MAAM,CAAC,OAAO,CAAC,SAAS,CAAC,CAAC,CAAC;AACxD,CAAC,CAAC,CAAC,CAAC,iBAAiB,CAAC,GAAG,CAAC,CAAC,CAAC,CAAC,aAAa,CAAC,MAAM,CAAC,CAAC,KAAK;AACxD,CAAC,CAAC;AACF,CAAC,CAAC,MAAM,CAAC;AACT;;AAEA,CAAC,CAAC;AACF,CAAC,CAAC;AACF,CAAC,CAAC,CAAC,CAAC,KAAK,CAAC,CAAC,MAAM,CAAC,CAAC,IAAI,CAAC,GAAG,CAAC,IAAI,CAAC,MAAM,CAAC,UAAU,CAAC,IAAI,CAAC;AACxD,CAAC,CAAC,CAAC,CAAC,KAAK,CAAC,CAAC,MAAM,CAAC,CAAC,MAAM,CAAC,CAAC,CAAC,WAAW,CAAC;AACxC,CAAC,CAAC,CAAC,EAAE,CAAC,QAAQ,CAAC,KAAK,CAAC,GAAG,CAAC,KAAK,CAAC;AAC/B,CAAC,CAAC,CAAC,CAAC,OAAO,CAAC,CAAC,MAAM,CAAC,CAAC,GAAG,CAAC,MAAM,CAAC,MAAM,CAAC,IAAI,CAAC,GAAG,CAAC,MAAM,CAAC,MAAM,CAAC,EAAE,CAAC,GAAG,CAAC;AACrE,CAAC,CAAC;AACF,MAAM,CAAC,QAAQ,CAAC,gBAAgB,CAAC,IAAI,CAAC,CAAC,MAAM,CAAC,CAAC,CAAC;AAChD,CAAC,CAAC,IAAI,CAAC,CAAC,CAAC;AACT,CAAC,CAAC,OAAO,CAAC,CAAC,CAAC;AACZ,CAAC,CAAC,GAAG,CAAC,CAAC,CAAC;AACR,CAAC,CAAC,YAAY,CAAC,CAAC,CAAC;AACjB,CAAC,CAAC,aAAa,CAAC,CAAC,CAAC;AAClB,CAAC,CAAC,MAAM,CAAC,CAAC,CAAC;AACX,CAAC,CAAC,KAAK,CAAC,CAAC,CAAC;AACV,CAAC,CAAC,IAAI,CAAC,CAAC;AACR,CAAC,CAAC,CAAC;AACH,CAAC,CAAC,GAAG,CAAC,CAAC,KAAK,CAAC,QAAQ,CAAC,EAAE,CAAC,IAAI,CAAC,SAAS,CAAC,CAAC;AACzC,CAAC,CAAC,CAAC,CAAC,KAAK,CAAC,aAAa,CAAC,CAAC,CAAC,iBAAiB,CAAC,QAAQ,CAAC,MAAM,CAAC,CAAC;AAC7D,CAAC,CAAC,CAAC,CAAC,CAAC,CAAC,CAAC,CAAC,CAAC,QAAQ,CAAC,WAAW;AAC7B,CAAC,CAAC,CAAC,CAAC,CAAC,CAAC,IAAI,CAAC,CAAC,QAAQ,CAAC;AACrB,CAAC,CAAC,CAAC,CAAC,CAAC;AACL,CAAC,CAAC,CAAC,CAAC,MAAM,CAAC,IAAI,CAAC,MAAM,CAAC,CAAC,OAAO,CAAC,GAAG,CAAC,CAAC,CAAC,CAAC;AACvC,CAAC,CAAC,CAAC,CAAC,CAAC,CAAC,MAAM,CAAC,GAAG,CAAC,CAAC,CAAC,CAAC,CAAC,aAAa,CAAC,GAAG,CAAC,CAAC,CAAC,CAAC,CAAC;AAC3C,CAAC,CAAC,CAAC,CAAC,CAAC;AACL,CAAC,CAAC;AACF,CAAC,CAAC,MAAM,CAAC;AACT;;"
    },
    "_coverageSchema": "1a1c01bbd47fc00a2c39e90264f33305004495a9",
    "hash": "4712cd06dbc8a3cdb25718bcf3edb977118ae133"
  },
  "/home/juli22/school/proj/web-server/src/components/FoodDetail.vue": {
    "path": "/home/juli22/school/proj/web-server/src/components/FoodDetail.vue",
    "statementMap": {
      "0": {
        "start": {
          "line": 4,
          "column": 2
        },
        "end": {
          "line": 8,
          "column": 3
        }
      },
      "1": {
        "start": {
          "line": 5,
          "column": 17
        },
        "end": {
          "line": 5,
          "column": 48
        }
      },
      "2": {
        "start": {
          "line": 6,
          "column": 4
        },
        "end": {
          "line": 6,
          "column": 42
        }
      },
      "3": {
        "start": {
          "line": 7,
          "column": 4
        },
        "end": {
          "line": 7,
          "column": 91
        }
      },
      "4": {
        "start": {
          "line": 9,
          "column": 2
        },
        "end": {
          "line": 9,
          "column": 14
        }
      },
      "5": {
        "start": {
          "line": 11,
          "column": 33
        },
        "end": {
          "line": 11,
          "column": 77
        }
      },
      "6": {
        "start": {
          "line": 12,
          "column": 40
        },
        "end": {
          "line": 12,
          "column": 91
        }
      },
      "7": {
        "start": {
          "line": 13,
          "column": 40
        },
        "end": {
          "line": 13,
          "column": 91
        }
      },
      "8": {
        "start": {
          "line": 19,
          "column": 18
        },
        "end": {
          "line": 61,
          "column": 1
        }
      },
      "9": {
        "start": {
          "line": 28,
          "column": 2
        },
        "end": {
          "line": 28,
          "column": 13
        }
      },
      "10": {
        "start": {
          "line": 32,
          "column": 13
        },
        "end": {
          "line": 32,
          "column": 30
        }
      },
      "11": {
        "start": {
          "line": 33,
          "column": 22
        },
        "end": {
          "line": 33,
          "column": 48
        }
      },
      "12": {
        "start": {
          "line": 36,
          "column": 13
        },
        "end": {
          "line": 53,
          "column": 2
        }
      },
      "13": {
        "start": {
          "line": 37,
          "column": 15
        },
        "end": {
          "line": 37,
          "column": 17
        }
      },
      "14": {
        "start": {
          "line": 38,
          "column": 2
        },
        "end": {
          "line": 41,
          "column": 4
        }
      },
      "15": {
        "start": {
          "line": 42,
          "column": 2
        },
        "end": {
          "line": 51,
          "column": 3
        }
      },
      "16": {
        "start": {
          "line": 43,
          "column": 4
        },
        "end": {
          "line": 50,
          "column": 6
        }
      },
      "17": {
        "start": {
          "line": 52,
          "column": 2
        },
        "end": {
          "line": 52,
          "column": 13
        }
      },
      "18": {
        "start": {
          "line": 56,
          "column": 21
        },
        "end": {
          "line": 56,
          "column": 111
        }
      },
      "19": {
        "start": {
          "line": 56,
          "column": 87
        },
        "end": {
          "line": 56,
          "column": 107
        }
      },
      "20": {
        "start": {
          "line": 57,
          "column": 0
        },
        "end": {
          "line": 57,
          "column": 90
        }
      },
      "21": {
        "start": {
          "line": 58,
          "column": 0
        },
        "end": {
          "line": 58,
          "column": 19
        }
      },
      "22": {
        "start": {
          "line": 64,
          "column": 19
        },
        "end": {
          "line": 68,
          "column": 1
        }
      },
      "23": {
        "start": {
          "line": 69,
          "column": 19
        },
        "end": {
          "line": 72,
          "column": 1
        }
      },
      "24": {
        "start": {
          "line": 73,
          "column": 19
        },
        "end": {
          "line": 76,
          "column": 1
        }
      },
      "25": {
        "start": {
          "line": 79,
          "column": 28
        },
        "end": {
          "line": 79,
          "column": 55
        }
      },
      "26": {
        "start": {
          "line": 80,
          "column": 31
        },
        "end": {
          "line": 80,
          "column": 61
        }
      },
      "27": {
        "start": {
          "line": 81,
          "column": 33
        },
        "end": {
          "line": 81,
          "column": 65
        }
      },
      "28": {
        "start": {
          "line": 82,
          "column": 28
        },
        "end": {
          "line": 82,
          "column": 55
        }
      },
      "29": {
        "start": {
          "line": 83,
          "column": 28
        },
        "end": {
          "line": 83,
          "column": 55
        }
      },
      "30": {
        "start": {
          "line": 85,
          "column": 2
        },
        "end": {
          "line": 142,
          "column": 39
        }
      },
      "31": {
        "start": {
          "line": 92,
          "column": 34
        },
        "end": {
          "line": 104,
          "column": 11
        }
      },
      "32": {
        "start": {
          "line": 111,
          "column": 74
        },
        "end": {
          "line": 111,
          "column": 103
        }
      },
      "33": {
        "start": {
          "line": 116,
          "column": 54
        },
        "end": {
          "line": 116,
          "column": 82
        }
      },
      "34": {
        "start": {
          "line": 123,
          "column": 74
        },
        "end": {
          "line": 123,
          "column": 101
        }
      },
      "35": {
        "start": {
          "line": 132,
          "column": 60
        },
        "end": {
          "line": 132,
          "column": 91
        }
      },
      "36": {
        "start": {
          "line": 146,
          "column": 0
        },
        "end": {
          "line": 146,
          "column": 30
        }
      },
      "37": {
        "start": {
          "line": 147,
          "column": 0
        },
        "end": {
          "line": 147,
          "column": 108
        }
      },
      "38": {
        "start": {
          "line": 148,
          "column": 0
        },
        "end": {
          "line": 150,
          "column": 2
        }
      },
      "39": {
        "start": {
          "line": 149,
          "column": 2
        },
        "end": {
          "line": 149,
          "column": 41
        }
      },
      "40": {
        "start": {
          "line": 151,
          "column": 0
        },
        "end": {
          "line": 159,
          "column": 2
        }
      },
      "41": {
        "start": {
          "line": 152,
          "column": 2
        },
        "end": {
          "line": 152,
          "column": 18
        }
      },
      "42": {
        "start": {
          "line": 152,
          "column": 12
        },
        "end": {
          "line": 152,
          "column": 18
        }
      },
      "43": {
        "start": {
          "line": 153,
          "column": 47
        },
        "end": {
          "line": 153,
          "column": 50
        }
      },
      "44": {
        "start": {
          "line": 154,
          "column": 2
        },
        "end": {
          "line": 158,
          "column": 3
        }
      },
      "45": {
        "start": {
          "line": 155,
          "column": 4
        },
        "end": {
          "line": 155,
          "column": 65
        }
      },
      "46": {
        "start": {
          "line": 157,
          "column": 4
        },
        "end": {
          "line": 157,
          "column": 56
        }
      }
    },
    "fnMap": {
      "0": {
        "name": "_interopVNode",
        "decl": {
          "start": {
            "line": 3,
            "column": 9
          },
          "end": {
            "line": 3,
            "column": 22
          }
        },
        "loc": {
          "start": {
            "line": 3,
            "column": 30
          },
          "end": {
            "line": 10,
            "column": 1
          }
        },
        "line": 3
      },
      "1": {
        "name": "_createVNode",
        "decl": {
          "start": {
            "line": 11,
            "column": 9
          },
          "end": {
            "line": 11,
            "column": 21
          }
        },
        "loc": {
          "start": {
            "line": 11,
            "column": 31
          },
          "end": {
            "line": 11,
            "column": 79
          }
        },
        "line": 11
      },
      "2": {
        "name": "_createElementVNode",
        "decl": {
          "start": {
            "line": 12,
            "column": 9
          },
          "end": {
            "line": 12,
            "column": 28
          }
        },
        "loc": {
          "start": {
            "line": 12,
            "column": 38
          },
          "end": {
            "line": 12,
            "column": 93
          }
        },
        "line": 12
      },
      "3": {
        "name": "_createElementBlock",
        "decl": {
          "start": {
            "line": 13,
            "column": 9
          },
          "end": {
            "line": 13,
            "column": 28
          }
        },
        "loc": {
          "start": {
            "line": 13,
            "column": 38
          },
          "end": {
            "line": 13,
            "column": 93
          }
        },
        "line": 13
      },
      "4": {
        "name": "(anonymous_4)",
        "decl": {
          "start": {
            "line": 27,
            "column": 2
          },
          "end": {
            "line": 27,
            "column": 3
          }
        },
        "loc": {
          "start": {
            "line": 27,
            "column": 39
          },
          "end": {
            "line": 59,
            "column": 1
          }
        },
        "line": 27
      },
      "5": {
        "name": "(anonymous_5)",
        "decl": {
          "start": {
            "line": 36,
            "column": 22
          },
          "end": {
            "line": 36,
            "column": 23
          }
        },
        "loc": {
          "start": {
            "line": 36,
            "column": 28
          },
          "end": {
            "line": 53,
            "column": 1
          }
        },
        "line": 36
      },
      "6": {
        "name": "(anonymous_6)",
        "decl": {
          "start": {
            "line": 56,
            "column": 65
          },
          "end": {
            "line": 56,
            "column": 66
          }
        },
        "loc": {
          "start": {
            "line": 56,
            "column": 85
          },
          "end": {
            "line": 56,
            "column": 109
          }
        },
        "line": 56
      },
      "7": {
        "name": "_sfc_render",
        "decl": {
          "start": {
            "line": 78,
            "column": 9
          },
          "end": {
            "line": 78,
            "column": 20
          }
        },
        "loc": {
          "start": {
            "line": 78,
            "column": 68
          },
          "end": {
            "line": 143,
            "column": 1
          }
        },
        "line": 78
      },
      "8": {
        "name": "(anonymous_8)",
        "decl": {
          "start": {
            "line": 92,
            "column": 28
          },
          "end": {
            "line": 92,
            "column": 29
          }
        },
        "loc": {
          "start": {
            "line": 92,
            "column": 34
          },
          "end": {
            "line": 104,
            "column": 11
          }
        },
        "line": 92
      },
      "9": {
        "name": "(anonymous_9)",
        "decl": {
          "start": {
            "line": 111,
            "column": 63
          },
          "end": {
            "line": 111,
            "column": 64
          }
        },
        "loc": {
          "start": {
            "line": 111,
            "column": 74
          },
          "end": {
            "line": 111,
            "column": 103
          }
        },
        "line": 111
      },
      "10": {
        "name": "(anonymous_10)",
        "decl": {
          "start": {
            "line": 116,
            "column": 49
          },
          "end": {
            "line": 116,
            "column": 50
          }
        },
        "loc": {
          "start": {
            "line": 116,
            "column": 54
          },
          "end": {
            "line": 116,
            "column": 82
          }
        },
        "line": 116
      },
      "11": {
        "name": "(anonymous_11)",
        "decl": {
          "start": {
            "line": 123,
            "column": 63
          },
          "end": {
            "line": 123,
            "column": 64
          }
        },
        "loc": {
          "start": {
            "line": 123,
            "column": 74
          },
          "end": {
            "line": 123,
            "column": 101
          }
        },
        "line": 123
      },
      "12": {
        "name": "(anonymous_12)",
        "decl": {
          "start": {
            "line": 132,
            "column": 49
          },
          "end": {
            "line": 132,
            "column": 50
          }
        },
        "loc": {
          "start": {
            "line": 132,
            "column": 60
          },
          "end": {
            "line": 132,
            "column": 91
          }
        },
        "line": 132
      },
      "13": {
        "name": "(anonymous_13)",
        "decl": {
          "start": {
            "line": 148,
            "column": 35
          },
          "end": {
            "line": 148,
            "column": 36
          }
        },
        "loc": {
          "start": {
            "line": 148,
            "column": 49
          },
          "end": {
            "line": 150,
            "column": 1
          }
        },
        "line": 148
      },
      "14": {
        "name": "(anonymous_14)",
        "decl": {
          "start": {
            "line": 151,
            "column": 23
          },
          "end": {
            "line": 151,
            "column": 24
          }
        },
        "loc": {
          "start": {
            "line": 151,
            "column": 30
          },
          "end": {
            "line": 159,
            "column": 1
          }
        },
        "line": 151
      }
    },
    "branchMap": {
      "0": {
        "loc": {
          "start": {
            "line": 4,
            "column": 2
          },
          "end": {
            "line": 8,
            "column": 3
          }
        },
        "type": "if",
        "locations": [
          {
            "start": {
              "line": 4,
              "column": 2
            },
            "end": {
              "line": 8,
              "column": 3
            }
          },
          {
            "start": {},
            "end": {}
          }
        ],
        "line": 4
      },
      "1": {
        "loc": {
          "start": {
            "line": 4,
            "column": 6
          },
          "end": {
            "line": 4,
            "column": 63
          }
        },
        "type": "binary-expr",
        "locations": [
          {
            "start": {
              "line": 4,
              "column": 6
            },
            "end": {
              "line": 4,
              "column": 11
            }
          },
          {
            "start": {
              "line": 4,
              "column": 15
            },
            "end": {
              "line": 4,
              "column": 26
            }
          },
          {
            "start": {
              "line": 4,
              "column": 30
            },
            "end": {
              "line": 4,
              "column": 63
            }
          }
        ],
        "line": 4
      },
      "2": {
        "loc": {
          "start": {
            "line": 85,
            "column": 9
          },
          "end": {
            "line": 142,
            "column": 39
          }
        },
        "type": "cond-expr",
        "locations": [
          {
            "start": {
              "line": 86,
              "column": 7
            },
            "end": {
              "line": 141,
              "column": 8
            }
          },
          {
            "start": {
              "line": 142,
              "column": 6
            },
            "end": {
              "line": 142,
              "column": 39
            }
          }
        ],
        "line": 85
      },
      "3": {
        "loc": {
          "start": {
            "line": 111,
            "column": 37
          },
          "end": {
            "line": 111,
            "column": 105
          }
        },
        "type": "binary-expr",
        "locations": [
          {
            "start": {
              "line": 111,
              "column": 37
            },
            "end": {
              "line": 111,
              "column": 46
            }
          },
          {
            "start": {
              "line": 111,
              "column": 51
            },
            "end": {
              "line": 111,
              "column": 104
            }
          }
        ],
        "line": 111
      },
      "4": {
        "loc": {
          "start": {
            "line": 116,
            "column": 23
          },
          "end": {
            "line": 116,
            "column": 83
          }
        },
        "type": "binary-expr",
        "locations": [
          {
            "start": {
              "line": 116,
              "column": 23
            },
            "end": {
              "line": 116,
              "column": 32
            }
          },
          {
            "start": {
              "line": 116,
              "column": 37
            },
            "end": {
              "line": 116,
              "column": 82
            }
          }
        ],
        "line": 116
      },
      "5": {
        "loc": {
          "start": {
            "line": 123,
            "column": 37
          },
          "end": {
            "line": 123,
            "column": 103
          }
        },
        "type": "binary-expr",
        "locations": [
          {
            "start": {
              "line": 123,
              "column": 37
            },
            "end": {
              "line": 123,
              "column": 46
            }
          },
          {
            "start": {
              "line": 123,
              "column": 51
            },
            "end": {
              "line": 123,
              "column": 102
            }
          }
        ],
        "line": 123
      },
      "6": {
        "loc": {
          "start": {
            "line": 132,
            "column": 23
          },
          "end": {
            "line": 132,
            "column": 93
          }
        },
        "type": "binary-expr",
        "locations": [
          {
            "start": {
              "line": 132,
              "column": 23
            },
            "end": {
              "line": 132,
              "column": 32
            }
          },
          {
            "start": {
              "line": 132,
              "column": 37
            },
            "end": {
              "line": 132,
              "column": 92
            }
          }
        ],
        "line": 132
      },
      "7": {
        "loc": {
          "start": {
            "line": 147,
            "column": 0
          },
          "end": {
            "line": 147,
            "column": 108
          }
        },
        "type": "binary-expr",
        "locations": [
          {
            "start": {
              "line": 147,
              "column": 0
            },
            "end": {
              "line": 147,
              "column": 42
            }
          },
          {
            "start": {
              "line": 147,
              "column": 46
            },
            "end": {
              "line": 147,
              "column": 108
            }
          }
        ],
        "line": 147
      },
      "8": {
        "loc": {
          "start": {
            "line": 152,
            "column": 2
          },
          "end": {
            "line": 152,
            "column": 18
          }
        },
        "type": "if",
        "locations": [
          {
            "start": {
              "line": 152,
              "column": 2
            },
            "end": {
              "line": 152,
              "column": 18
            }
          },
          {
            "start": {},
            "end": {}
          }
        ],
        "line": 152
      },
      "9": {
        "loc": {
          "start": {
            "line": 154,
            "column": 2
          },
          "end": {
            "line": 158,
            "column": 3
          }
        },
        "type": "if",
        "locations": [
          {
            "start": {
              "line": 154,
              "column": 2
            },
            "end": {
              "line": 158,
              "column": 3
            }
          },
          {
            "start": {
              "line": 156,
              "column": 9
            },
            "end": {
              "line": 158,
              "column": 3
            }
          }
        ],
        "line": 154
      }
    },
    "s": {
      "0": 0,
      "1": 0,
      "2": 0,
      "3": 0,
      "4": 0,
      "5": 0,
      "6": 0,
      "7": 0,
      "8": 1,
      "9": 0,
      "10": 0,
      "11": 0,
      "12": 0,
      "13": 0,
      "14": 0,
      "15": 0,
      "16": 0,
      "17": 0,
      "18": 0,
      "19": 0,
      "20": 0,
      "21": 0,
      "22": 1,
      "23": 1,
      "24": 1,
      "25": 0,
      "26": 0,
      "27": 0,
      "28": 0,
      "29": 0,
      "30": 0,
      "31": 0,
      "32": 0,
      "33": 0,
      "34": 0,
      "35": 0,
      "36": 1,
      "37": 1,
      "38": 1,
      "39": 0,
      "40": 1,
      "41": 0,
      "42": 0,
      "43": 0,
      "44": 0,
      "45": 0,
      "46": 0
    },
    "f": {
      "0": 0,
      "1": 0,
      "2": 0,
      "3": 0,
      "4": 0,
      "5": 0,
      "6": 0,
      "7": 0,
      "8": 0,
      "9": 0,
      "10": 0,
      "11": 0,
      "12": 0,
      "13": 0,
      "14": 0
    },
    "b": {
      "0": [
        0,
        0
      ],
      "1": [
        0,
        0,
        0
      ],
      "2": [
        0,
        0
      ],
      "3": [
        0,
        0
      ],
      "4": [
        0,
        0
      ],
      "5": [
        0,
        0
      ],
      "6": [
        0,
        0
      ],
      "7": [
        1,
        1
      ],
      "8": [
        0,
        0
      ],
      "9": [
        0,
        0
      ]
    },
    "inputSourceMap": {
      "version": 3,
[...]
      "names": [],
      "ignoreList": [],
      "sources": [
        "/home/juli22/school/proj/web-server/src/views/RegisterView.vue"
      ],
      "file": "/home/juli22/school/proj/web-server/src/views/RegisterView.vue"
    },
    "_coverageSchema": "1a1c01bbd47fc00a2c39e90264f33305004495a9",
    "hash": "42651ec6a4bb285c87f5d00bccd91948394b4aff"
  },
  "/home/juli22/school/proj/web-server/src/router/index.js": {
    "path": "/home/juli22/school/proj/web-server/src/router/index.js",
    "statementMap": {
      "0": {
        "start": {
          "line": 6,
          "column": 22
        },
        "end": {
          "line": 30,
          "column": 1
        }
      },
      "1": {
        "start": {
          "line": 33,
          "column": 15
        },
        "end": {
          "line": 36,
          "column": 2
        }
      },
      "2": {
        "start": {
          "line": 46,
          "column": 16
        },
        "end": {
          "line": 46,
          "column": 39
        }
      },
      "3": {
        "start": {
          "line": 48,
          "column": 2
        },
        "end": {
          "line": 48,
          "column": 40
        }
      },
      "4": {
        "start": {
          "line": 59,
          "column": 16
        },
        "end": {
          "line": 59,
          "column": 39
        }
      },
      "5": {
        "start": {
          "line": 60,
          "column": 2
        },
        "end": {
          "line": 60,
          "column": 38
        }
      },
      "6": {
        "start": {
          "line": 63,
          "column": 0
        },
        "end": {
          "line": 75,
          "column": 2
        }
      },
      "7": {
        "start": {
          "line": 64,
          "column": 22
        },
        "end": {
          "line": 64,
          "column": 57
        }
      },
      "8": {
        "start": {
          "line": 66,
          "column": 2
        },
        "end": {
          "line": 68,
          "column": 3
        }
      },
      "9": {
        "start": {
          "line": 67,
          "column": 4
        },
        "end": {
          "line": 67,
          "column": 25
        }
      },
      "10": {
        "start": {
          "line": 70,
          "column": 2
        },
        "end": {
          "line": 72,
          "column": 3
        }
      },
      "11": {
        "start": {
          "line": 71,
          "column": 4
        },
        "end": {
          "line": 71,
          "column": 20
        }
      },
      "12": {
        "start": {
          "line": 74,
          "column": 2
        },
        "end": {
          "line": 74,
          "column": 8
        }
      }
    },
    "fnMap": {
      "0": {
        "name": "redirectToLogin",
        "decl": {
          "start": {
            "line": 45,
            "column": 9
          },
          "end": {
            "line": 45,
            "column": 24
          }
        },
        "loc": {
          "start": {
            "line": 45,
            "column": 38
          },
          "end": {
            "line": 49,
            "column": 1
          }
        },
        "line": 45
      },
      "1": {
        "name": "redirectToHome",
        "decl": {
          "start": {
            "line": 58,
            "column": 9
          },
          "end": {
            "line": 58,
            "column": 23
          }
        },
        "loc": {
          "start": {
            "line": 58,
            "column": 37
          },
          "end": {
            "line": 61,
            "column": 1
          }
        },
        "line": 58
      },
      "2": {
        "name": "(anonymous_2)",
        "decl": {
          "start": {
            "line": 63,
            "column": 18
          },
          "end": {
            "line": 63,
            "column": 19
          }
        },
        "loc": {
          "start": {
            "line": 63,
            "column": 38
          },
          "end": {
            "line": 75,
            "column": 1
          }
        },
        "line": 63
      }
    },
    "branchMap": {
      "0": {
        "loc": {
          "start": {
            "line": 48,
            "column": 9
          },
          "end": {
            "line": 48,
            "column": 40
          }
        },
        "type": "binary-expr",
        "locations": [
          {
            "start": {
              "line": 48,
              "column": 9
            },
            "end": {
              "line": 48,
              "column": 30
            }
          },
          {
            "start": {
              "line": 48,
              "column": 34
            },
            "end": {
              "line": 48,
              "column": 40
            }
          }
        ],
        "line": 48
      },
      "1": {
        "loc": {
          "start": {
            "line": 60,
            "column": 9
          },
          "end": {
            "line": 60,
            "column": 38
          }
        },
        "type": "binary-expr",
        "locations": [
          {
            "start": {
              "line": 60,
              "column": 9
            },
            "end": {
              "line": 60,
              "column": 29
            }
          },
          {
            "start": {
              "line": 60,
              "column": 33
            },
            "end": {
              "line": 60,
              "column": 38
            }
          }
        ],
        "line": 60
      },
      "2": {
        "loc": {
          "start": {
            "line": 66,
            "column": 2
          },
          "end": {
            "line": 68,
            "column": 3
          }
        },
        "type": "if",
        "locations": [
          {
            "start": {
              "line": 66,
              "column": 2
            },
            "end": {
              "line": 68,
              "column": 3
            }
          },
          {
            "start": {},
            "end": {}
          }
        ],
        "line": 66
      },
      "3": {
        "loc": {
          "start": {
            "line": 70,
            "column": 2
          },
          "end": {
            "line": 72,
            "column": 3
          }
        },
        "type": "if",
        "locations": [
          {
            "start": {
              "line": 70,
              "column": 2
            },
            "end": {
              "line": 72,
              "column": 3
            }
          },
          {
            "start": {},
            "end": {}
          }
        ],
        "line": 70
      }
    },
    "s": {
      "0": 1,
      "1": 1,
      "2": 2,
      "3": 2,
      "4": 1,
      "5": 1,
      "6": 1,
      "7": 2,
      "8": 2,
      "9": 1,
      "10": 1,
      "11": 0,
      "12": 1
    },
    "f": {
      "0": 2,
      "1": 1,
      "2": 2
    },
    "b": {
      "0": [
        2,
        1
      ],
      "1": [
        1,
        1
      ],
      "2": [
        1,
        1
      ],
      "3": [
        0,
        1
      ]
    },
    "inputSourceMap": {
      "version": 3,
      "sources": [
        "/home/juli22/school/proj/web-server/src/router/index.js"
      ],
      "names": [],
      "mappings": "AAAA,MAAM,CAAC,CAAC,CAAC,YAAY,CAAC,CAAC,gBAAgB,CAAC,CAAC,CAAC,IAAI,CAAC,CAAC,GAAG,CAAC,MAAM;AAC1D,MAAM,CAAC,QAAQ,CAAC,IAAI,CAAC,CAAC,CAAC,CAAC,CAAC,KAAK,CAAC,QAAQ,CAAC,GAAG;AAC3C,MAAM,CAAC,SAAS,CAAC,IAAI,CAAC,CAAC,CAAC,CAAC,CAAC,KAAK,CAAC,SAAS,CAAC,GAAG;AAC7C,MAAM,CAAC,YAAY,CAAC,IAAI,CAAC,CAAC,CAAC,CAAC,CAAC,KAAK,CAAC,YAAY,CAAC,GAAG;;AAEnD,MAAM,CAAC,KAAK,CAAC,MAAM,CAAC,CAAC,CAAC;AACtB,CAAC,CAAC;AACF,CAAC,CAAC,CAAC,CAAC,IAAI,CAAC,CAAC,CAAC,CAAC,KAAK,CAAC;AAClB,CAAC,CAAC,CAAC,CAAC,IAAI,CAAC,CAAC,CAAC,KAAK,CAAC;AACjB,CAAC,CAAC,CAAC,CAAC,SAAS,CAAC,CAAC,SAAS;AACxB,CAAC,CAAC,CAAC;AACH,CAAC,CAAC;AACF,CAAC,CAAC,CAAC,CAAC,IAAI,CAAC,CAAC,CAAC,CAAC,QAAQ,CAAC;AACrB,CAAC,CAAC,CAAC,CAAC,IAAI,CAAC,CAAC,CAAC,QAAQ,CAAC;AACpB,CAAC,CAAC,CAAC,CAAC,SAAS,CAAC,CAAC,YAAY;AAC3B,CAAC,CAAC,CAAC;AACH,CAAC,CAAC;AACF,CAAC,CAAC,CAAC,CAAC,IAAI,CAAC,CAAC,CAAC,CAAC,CAAC;AACb,CAAC,CAAC,CAAC,CAAC,IAAI,CAAC,CAAC,CAAC,IAAI,CAAC;AAChB,CAAC,CAAC,CAAC,CAAC,SAAS,CAAC,CAAC,QAAQ;AACvB,CAAC,CAAC,CAAC;AACH,CAAC,CAAC,CAAC,CAAC,CAAC;AACL,CAAC,CAAC,CAAC,CAAC,CAAC,CAAC,CAAC,IAAI,CAAC,CAAC,CAAC,CAAC,KAAK,CAAC;AACrB,CAAC,CAAC,CAAC,CAAC,CAAC,CAAC,CAAC,IAAI,CAAC,CAAC,CAAC,KAAK,CAAC;AACpB,CAAC,CAAC,CAAC,CAAC,CAAC,CAAC,CAAC,CAAC,CAAC,CAAC,KAAK,CAAC,KAAK,CAAC,IAAI,CAAC;AAC3B,CAAC,CAAC,CAAC,CAAC,CAAC,CAAC,CAAC,CAAC,CAAC,CAAC,IAAI,CAAC,SAAS,CAAC,CAAC,CAAC,QAAQ,CAAC,KAAK,CAAC,CAAC,KAAK,CAAC,CAAC,IAAI,CAAC,CAAC,EAAE,CAAC,CAAC,GAAG,CAAC,IAAI,CAAC;AACrE,CAAC,CAAC,CAAC,CAAC,CAAC,CAAC,CAAC,CAAC,CAAC,CAAC,KAAK,CAAC,EAAE,CAAC,IAAI,CAAC,MAAM,CAAC,IAAI,CAAC,GAAG,CAAC,KAAK,CAAC,EAAE,CAAC,OAAO;AACxD,CAAC,CAAC,CAAC,CAAC,CAAC,CAAC,CAAC,CAAC,CAAC,CAAC,SAAS,CAAC,CAAC,CAAC,CAAC,CAAC,CAAC,CAAC,CAAC,MAAM,CAAC,CAAC,CAAC,CAAC,CAAC,KAAK,CAAC,SAAS,CAAC,GAAG,CAAC,CAAC;AAC3D,CAAC,CAAC,CAAC,CAAC,CAAC,CAAC;AACN;;;AAGA,KAAK,CAAC,MAAM,CAAC,CAAC,CAAC,YAAY,CAAC;AAC5B,CAAC,CAAC,OAAO,CAAC,CAAC,gBAAgB,CAAC,MAAM,CAAC,IAAI,CAAC,GAAG,CAAC,QAAQ,CAAC;AACrD,CAAC,CAAC;AACF,CAAC;;AAED,CAAC,CAAC;AACF,CAAC,CAAC,CAAC,MAAM,CAAC,EAAE,CAAC,GAAG,CAAC,IAAI,CAAC,MAAM,CAAC,EAAE,CAAC,UAAU,CAAC,EAAE,CAAC,GAAG,CAAC,KAAK,CAAC;AACxD,CAAC;AACD,CAAC,CAAC,CAAC,CAAC,KAAK,CAAC,CAAC,MAAM,CAAC,CAAC,IAAI,CAAC,CAAC,CAAC,GAAG,CAAC,IAAI,CAAC,EAAE,CAAC;AACtC,CAAC,CAAC,CAAC,CAAC,KAAK,CAAC,CAAC,MAAM,CAAC,CAAC,KAAK,CAAC,CAAC,CAAC,GAAG,CAAC,MAAM,CAAC;AACtC,CAAC,CAAC,CAAC,CAAC,OAAO,CAAC,CAAC,OAAO,CAAC,CAAC,CAAC,CAAC,IAAI,CAAC,EAAE,CAAC,GAAG,CAAC,IAAI,CAAC,MAAM,CAAC,EAAE,CAAC,UAAU,CAAC,EAAE,CAAC,GAAG,CAAC,KAAK,CAAC;AAC3E,CAAC,CAAC;AACF,QAAQ,CAAC,eAAe,CAAC,IAAI,CAAC,CAAC,KAAK,CAAC,CAAC;AACtC,CAAC,CAAC,KAAK,CAAC,KAAK,CAAC,CAAC,CAAC,CAAC,CAAC,CAAC,KAAK,CAAC,CAAC,CAAC,CAAC,CAAC,QAAQ,CAAC;;AAEtC,CAAC,CAAC,MAAM,CAAC,CAAC,KAAK,CAAC,QAAQ,CAAC,IAAI,CAAC,CAAC,CAAC,CAAC,CAAC,CAAC;AACnC;;AAEA,CAAC,CAAC;AACF,CAAC,CAAC,CAAC,MAAM,CAAC,EAAE,CAAC,GAAG,CAAC,IAAI,CAAC,MAAM,CAAC,EAAE,CAAC,UAAU,CAAC,EAAE,CAAC,GAAG,CAAC,IAAI,CAAC;AACvD,CAAC;AACD,CAAC,CAAC,CAAC,CAAC,KAAK,CAAC,CAAC,MAAM,CAAC,CAAC,IAAI,CAAC,CAAC,CAAC,GAAG,CAAC,IAAI,CAAC,EAAE,CAAC;AACtC,CAAC,CAAC,CAAC,CAAC,KAAK,CAAC,CAAC,MAAM,CAAC,CAAC,KAAK,CAAC,CAAC,CAAC,GAAG,CAAC,MAAM,CAAC;AACtC,CAAC,CAAC,CAAC,CAAC,OAAO,CAAC,CAAC,OAAO,CAAC,CAAC,CAAC,CAAC,IAAI,CAAC,EAAE,CAAC,GAAG,CAAC,IAAI,CAAC,MAAM,CAAC,EAAE,CAAC,UAAU,CAAC,EAAE,CAAC,GAAG,CAAC,IAAI,CAAC;AAC1E,CAAC,CAAC;AACF,QAAQ,CAAC,cAAc,CAAC,IAAI,CAAC,CAAC,KAAK,CAAC,CAAC;AACrC,CAAC,CAAC,KAAK,CAAC,KAAK,CAAC,CAAC,CAAC,CAAC,CAAC,CAAC,KAAK,CAAC,CAAC,CAAC,CAAC,CAAC,QAAQ,CAAC,CAAC,CAAC,CAAC,CAAC,CAAC,IAAI,CAAC,QAAQ,CAAC,CAAC,KAAK,CAAC,EAAE,CAAC,CAAC,CAAC,MAAM,CAAC,EAAE,CAAC,WAAW,CAAC,EAAE,CAAC,GAAG,CAAC;AAClG,CAAC,CAAC,MAAM,CAAC,KAAK,CAAC,QAAQ,CAAC,IAAI,CAAC,CAAC,CAAC,CAAC,CAAC;AACjC;;AAEA,MAAM,CAAC,UAAU,CAAC,CAAC,EAAE,CAAC,CAAC,IAAI,CAAC,CAAC,IAAI,CAAC,CAAC,CAAC,CAAC,CAAC;AACtC,CAAC,CAAC,KAAK,CAAC,WAAW,CAAC,CAAC,CAAC,YAAY,CAAC,OAAO,CAAC,CAAC,WAAW,CAAC;;AAExD,CAAC,CAAC,EAAE,CAAC,CAAC,eAAe,CAAC,EAAE,CAAC,IAAI,CAAC,CAAC,WAAW,CAAC,CAAC,CAAC;AAC7C,CAAC,CAAC,CAAC,CAAC,MAAM,CAAC,IAAI,CAAC,CAAC,CAAC,KAAK,CAAC;AACxB,CAAC,CAAC;;AAEF,CAAC,CAAC,EAAE,CAAC,CAAC,cAAc,CAAC,EAAE,CAAC,IAAI,CAAC,CAAC,WAAW,CAAC,CAAC,CAAC;AAC5C,CAAC,CAAC,CAAC,CAAC,MAAM,CAAC,IAAI,CAAC,CAAC,CAAC,CAAC;AACnB,CAAC,CAAC;;AAEF,CAAC,CAAC,IAAI,CAAC;AACP,CAAC;;AAED,MAAM,CAAC,OAAO,CAAC;"
    },
    "_coverageSchema": "1a1c01bbd47fc00a2c39e90264f33305004495a9",
    "hash": "f8b28b25b86f3b0d9519da6ab87f6d431c528087"
  },
  "/home/juli22/school/proj/web-server/src/main.js": {
    "path": "/home/juli22/school/proj/web-server/src/main.js",
    "statementMap": {
      "0": {
        "start": {
          "line": 42,
          "column": 12
        },
        "end": {
          "line": 42,
          "column": 26
        }
      },
      "1": {
        "start": {
          "line": 45,
          "column": 13
        },
        "end": {
          "line": 49,
          "column": 2
        }
      },
      "2": {
        "start": {
          "line": 52,
          "column": 0
        },
        "end": {
          "line": 56,
          "column": 2
        }
      },
      "3": {
        "start": {
          "line": 58,
          "column": 0
        },
        "end": {
          "line": 58,
          "column": 31
        }
      },
      "4": {
        "start": {
          "line": 59,
          "column": 0
        },
        "end": {
          "line": 59,
          "column": 35
        }
      },
      "5": {
        "start": {
          "line": 60,
          "column": 0
        },
        "end": {
          "line": 60,
          "column": 39
        }
      },
      "6": {
        "start": {
          "line": 61,
          "column": 0
        },
        "end": {
          "line": 61,
          "column": 27
        }
      },
      "7": {
        "start": {
          "line": 62,
          "column": 0
        },
        "end": {
          "line": 62,
          "column": 37
        }
      },
      "8": {
        "start": {
          "line": 63,
          "column": 0
        },
        "end": {
          "line": 63,
          "column": 41
        }
      },
      "9": {
        "start": {
          "line": 64,
          "column": 0
        },
        "end": {
          "line": 64,
          "column": 31
        }
      },
      "10": {
        "start": {
          "line": 65,
          "column": 0
        },
        "end": {
          "line": 65,
          "column": 31
        }
      },
      "11": {
        "start": {
          "line": 66,
          "column": 0
        },
        "end": {
          "line": 66,
          "column": 37
        }
      },
      "12": {
        "start": {
          "line": 67,
          "column": 0
        },
        "end": {
          "line": 67,
          "column": 47
        }
      },
      "13": {
        "start": {
          "line": 68,
          "column": 0
        },
        "end": {
          "line": 68,
          "column": 49
        }
      },
      "14": {
        "start": {
          "line": 69,
          "column": 0
        },
        "end": {
          "line": 69,
          "column": 51
        }
      },
      "15": {
        "start": {
          "line": 70,
          "column": 0
        },
        "end": {
          "line": 70,
          "column": 37
        }
      },
      "16": {
        "start": {
          "line": 71,
          "column": 0
        },
        "end": {
          "line": 71,
          "column": 31
        }
      },
      "17": {
        "start": {
          "line": 72,
          "column": 0
        },
        "end": {
          "line": 72,
          "column": 37
        }
      },
      "18": {
        "start": {
          "line": 73,
          "column": 0
        },
        "end": {
          "line": 73,
          "column": 37
        }
      },
      "19": {
        "start": {
          "line": 75,
          "column": 0
        },
        "end": {
          "line": 75,
          "column": 33
        }
      },
      "20": {
        "start": {
          "line": 78,
          "column": 0
        },
        "end": {
          "line": 78,
          "column": 43
        }
      },
      "21": {
        "start": {
          "line": 81,
          "column": 0
        },
        "end": {
          "line": 81,
          "column": 21
        }
      },
      "22": {
        "start": {
          "line": 83,
          "column": 0
        },
        "end": {
          "line": 83,
          "column": 22
        }
      },
      "23": {
        "start": {
          "line": 84,
          "column": 0
        },
        "end": {
          "line": 84,
          "column": 15
        }
      },
      "24": {
        "start": {
          "line": 86,
          "column": 0
        },
        "end": {
          "line": 86,
          "column": 17
        }
      }
    },
    "fnMap": {},
    "branchMap": {},
    "s": {
      "0": 1,
      "1": 1,
      "2": 1,
      "3": 1,
      "4": 1,
      "5": 1,
      "6": 1,
      "7": 1,
      "8": 1,
      "9": 1,
      "10": 1,
      "11": 1,
      "12": 1,
      "13": 1,
      "14": 1,
      "15": 1,
      "16": 1,
      "17": 1,
      "18": 1,
      "19": 1,
      "20": 1,
      "21": 1,
      "22": 1,
      "23": 1,
      "24": 1
    },
    "f": {},
    "b": {},
    "inputSourceMap": {
      "version": 3,
      "sources": [
        "/home/juli22/school/proj/web-server/src/main.js"
      ],
      "names": [],
      "mappings": "AAAA,MAAM,CAAC,CAAC,CAAC,CAAC,MAAM,CAAC,IAAI,CAAC,GAAG;AACzB,MAAM,CAAC,CAAC,UAAU,CAAC,UAAU,CAAC,GAAG;;AAEjC,MAAM,CAAC,CAAC,CAAC,SAAS,CAAC,CAAC,CAAC,IAAI,CAAC,CAAC,GAAG;AAC9B,MAAM,CAAC,CAAC,CAAC,WAAW,CAAC,CAAC,CAAC,IAAI,CAAC,CAAC,KAAK;AAClC,MAAM,CAAC,QAAQ,CAAC,IAAI,CAAC,CAAC,QAAQ,CAAC,MAAM;AACrC,MAAM,CAAC,CAAC,CAAC,YAAY,CAAC,CAAC,CAAC,IAAI,CAAC,CAAC,CAAC,QAAQ,CAAC,MAAM;AAC9C,MAAM,CAAC,IAAI,CAAC,IAAI,CAAC,CAAC,CAAC,QAAQ,CAAC,MAAM,CAAC,IAAI;AACvC,MAAM,CAAC,CAAC,CAAC,OAAO,CAAC,CAAC,CAAC,IAAI,CAAC,CAAC,CAAC,CAAC,MAAM;;;;;AAKjC,MAAM,CAAC,GAAG,CAAC,IAAI,CAAC,CAAC,CAAC,CAAC,GAAG,CAAC,GAAG;AAC1B,MAAM,CAAC,MAAM,CAAC,IAAI,CAAC,CAAC,CAAC,CAAC,MAAM;;AAE5B,MAAM,CAAC,MAAM,CAAC,IAAI,CAAC,CAAC,QAAQ,CAAC,MAAM;AACnC,MAAM,CAAC,QAAQ,CAAC,IAAI,CAAC,CAAC,QAAQ,CAAC,QAAQ;AACvC,MAAM,CAAC,UAAU,CAAC,IAAI,CAAC,CAAC,QAAQ,CAAC,UAAU;AAC3C,MAAM,CAAC,CAAC,CAAC,IAAI,CAAC,CAAC,CAAC,IAAI,CAAC,CAAC,CAAC,QAAQ,CAAC,KAAK;AACrC,MAAM,CAAC,SAAS,CAAC,IAAI,CAAC,CAAC,QAAQ,CAAC,SAAS;AACzC,MAAM,CAAC,WAAW,CAAC,IAAI,CAAC,CAAC,QAAQ,CAAC,WAAW;;AAE7C,MAAM,CAAC,YAAY,CAAC,IAAI,CAAC,CAAC,QAAQ,CAAC,YAAY;AAC/C,MAAM,CAAC,MAAM,CAAC,IAAI,CAAC,CAAC,QAAQ,CAAC,MAAM;AACnC,MAAM,CAAC,MAAM,CAAC,IAAI,CAAC,CAAC,QAAQ,CAAC,MAAM;;AAEnC,MAAM,CAAC,SAAS,CAAC,IAAI,CAAC,CAAC,QAAQ,CAAC,SAAS;AACzC,MAAM,CAAC,cAAc,CAAC,IAAI,CAAC,CAAC,QAAQ,CAAC,cAAc;AACnD,MAAM,CAAC,eAAe,CAAC,IAAI,CAAC,CAAC,QAAQ,CAAC,eAAe;AACrD,MAAM,CAAC,gBAAgB,CAAC,IAAI,CAAC,CAAC,QAAQ,CAAC,gBAAgB;;AAEvD,MAAM,CAAC,SAAS,CAAC,IAAI,CAAC,CAAC,QAAQ,CAAC,SAAS;AACzC,MAAM,CAAC,MAAM,CAAC,IAAI,CAAC,CAAC,QAAQ,CAAC,MAAM;;AAEnC,MAAM,CAAC,SAAS,CAAC,IAAI,CAAC,CAAC,QAAQ,CAAC,SAAS;AACzC,MAAM,CAAC,SAAS,CAAC,IAAI,CAAC,CAAC,QAAQ,CAAC,SAAS;;AAEzC,MAAM,CAAC,OAAO,CAAC,IAAI,CAAC,CAAC,QAAQ,CAAC,OAAO;;AAErC,MAAM,CAAC,YAAY,CAAC,IAAI,CAAC,CAAC,QAAQ,CAAC,YAAY;AAC/C,KAAK,CAAC,GAAG,CAAC,CAAC,CAAC,SAAS,CAAC,GAAG;;;AAGzB,KAAK,CAAC,IAAI,CAAC,CAAC,CAAC,YAAY,CAAC,IAAI,CAAC,CAAC;AAChC,CAAC,CAAC,QAAQ,CAAC,CAAC;AACZ,CAAC,CAAC,CAAC,CAAC,OAAO,CAAC,CAAC;AACb,CAAC,CAAC;AACF,CAAC;;;AAGD,GAAG,CAAC,GAAG,CAAC,QAAQ,CAAC,CAAC;AAClB,CAAC,CAAC,KAAK,CAAC,CAAC;AACT,CAAC,CAAC,CAAC,CAAC,MAAM,CAAC,CAAC;AACZ,CAAC,CAAC;AACF,CAAC;;AAED,GAAG,CAAC,SAAS,CAAC,CAAC,MAAM,CAAC,CAAC,CAAC,MAAM;AAC9B,GAAG,CAAC,SAAS,CAAC,CAAC,QAAQ,CAAC,CAAC,CAAC,QAAQ;AAClC,GAAG,CAAC,SAAS,CAAC,CAAC,UAAU,CAAC,CAAC,CAAC,UAAU;AACtC,GAAG,CAAC,SAAS,CAAC,CAAC,IAAI,CAAC,CAAC,CAAC,IAAI;AAC1B,GAAG,CAAC,SAAS,CAAC,CAAC,SAAS,CAAC,CAAC,CAAC,SAAS;AACpC,GAAG,CAAC,SAAS,CAAC,CAAC,WAAW,CAAC,CAAC,CAAC,WAAW;AACxC,GAAG,CAAC,SAAS,CAAC,CAAC,MAAM,CAAC,CAAC,CAAC,MAAM;AAC9B,GAAG,CAAC,SAAS,CAAC,CAAC,MAAM,CAAC,CAAC,CAAC,MAAM;AAC9B,GAAG,CAAC,SAAS,CAAC,CAAC,SAAS,CAAC,CAAC,CAAC,SAAS;AACpC,GAAG,CAAC,SAAS,CAAC,CAAC,cAAc,CAAC,CAAC,CAAC,cAAc;AAC9C,GAAG,CAAC,SAAS,CAAC,CAAC,eAAe,CAAC,CAAC,CAAC,eAAe;AAChD,GAAG,CAAC,SAAS,CAAC,CAAC,gBAAgB,CAAC,CAAC,CAAC,gBAAgB;AAClD,GAAG,CAAC,SAAS,CAAC,CAAC,SAAS,CAAC,CAAC,CAAC,SAAS;AACpC,GAAG,CAAC,SAAS,CAAC,CAAC,MAAM,CAAC,CAAC,CAAC,MAAM;AAC9B,GAAG,CAAC,SAAS,CAAC,CAAC,SAAS,CAAC,CAAC,CAAC,SAAS;AACpC,GAAG,CAAC,SAAS,CAAC,CAAC,SAAS,CAAC,CAAC,CAAC,SAAS;;AAEpC,GAAG,CAAC,SAAS,CAAC,CAAC,OAAO,CAAC,CAAC,CAAC,OAAO;;;AAGhC,GAAG,CAAC,SAAS,CAAC,CAAC,YAAY,CAAC,CAAC,CAAC,YAAY;;;AAG1C,GAAG,CAAC,GAAG,CAAC,YAAY;;AAEpB,GAAG,CAAC,GAAG,CAAC,WAAW,CAAC,CAAC;AACrB,GAAG,CAAC,GAAG,CAAC,MAAM;;AAEd,GAAG,CAAC,KAAK,CAAC,CAAC,CAAC,GAAG,CAAC;"
    },
    "_coverageSchema": "1a1c01bbd47fc00a2c39e90264f33305004495a9",
    "hash": "7f801af3419002278da85fb6c67edd81ffeb8dd3"
  }
}